#
# There is insufficient memory for the Java Runtime Environment to continue.
# Native memory allocation (malloc) failed to allocate 16792 bytes for AllocateHeap
# Possible reasons:
#   The system is out of physical RAM or swap space
#   The process is running with CompressedOops enabled, and the Java Heap may be blocking the growth of the native heap
# Possible solutions:
#   Reduce memory load on the system
#   Increase physical memory or swap space
#   Check if swap backing store is full
#   Decrease Java heap size (-Xmx/-Xms)
#   Decrease number of Java threads
#   Decrease Java thread stack sizes (-Xss)
#   Set larger code cache with -XX:ReservedCodeCacheSize=
#   JVM is running with Unscaled Compressed Oops mode in which the Java heap is
#     placed in the first 4GB address space. The Java Heap base address is the
#     maximum limit for the native heap growth. Please use -XX:HeapBaseMinAddress
#     to set the Java Heap base and to place the Java Heap above 4GB virtual address.
# This output file may be truncated or incomplete.
#
#  Out of Memory Error (memory/allocation.inline.hpp:63), pid=15804, tid=22548
#
# JRE version: Java(TM) SE Runtime Environment (10.0+46) (build 10+46)
# Java VM: Java HotSpot(TM) 64-Bit Server VM (10+46, mixed mode, tiered, compressed oops, g1 gc, windows-amd64)
# No core dump will be written. Minidumps are not enabled by default on client versions of Windows
#

---------------  S U M M A R Y ------------

Command Line: --add-modules=ALL-SYSTEM --add-opens=java.base/java.util=ALL-UNNAMED --add-opens=java.base/java.lang=ALL-UNNAMED -Declipse.application=org.eclipse.jdt.ls.core.id1 -Dosgi.bundles.defaultStartLevel=4 -Declipse.product=org.eclipse.jdt.ls.core.product -Xverify:none -Xmx1G -XX:+UseG1GC -XX:+UseStringDeduplication C:\Users\44750\.vscode\extensions\redhat.java-0.35.0\server\plugins\org.eclipse.equinox.launcher_1.5.200.v20180922-1751.jar -configuration C:\Users\44750\.vscode\extensions\redhat.java-0.35.0\server\config_win -data c:\Users\44750\AppData\Roaming\Code\User\workspaceStorage\b2fc367f3178c4b549c31dbe0e7af6a1\redhat.java\jdt_ws

Host: Intel(R) Core(TM) i5-6200U CPU @ 2.30GHz, 4 cores, 7G,  Windows 10 , 64 bit Build 17134 (10.0.17134.1)
Time: Sun Dec 02 15:28:10 2018 ¨¬????¨®¡À¨º¡Á?¨º¡À?? elapsed time: 13 seconds (0d 0h 0m 13s)

---------------  T H R E A D  ---------------

Current thread (0x00000222651a1000):  GCTaskThread "GC Thread#2" [stack: 0x000000b880100000,0x000000b880200000] [id=22548]

Stack: [0x000000b880100000,0x000000b880200000]
[error occurred during error reporting (printing stack bounds), id 0xe0000001]

Native frames: (J=compiled Java code, j=interpreted, Vv=VM code, C=native code)
V  [jvm.dll+0x59fbf9]
V  [jvm.dll+0x6bca11]
V  [jvm.dll+0x6bdc06]
V  [jvm.dll+0x6be1f5]
V  [jvm.dll+0x6be1ab]
V  [jvm.dll+0x59f3f3]
V  [jvm.dll+0x59f7f8]
C  [ntdll.dll+0x9ed3d]
C  [ntdll.dll+0x6c86]
C  [ntdll.dll+0x9dc6e]
C  0x0000022270510ead


---------------  P R O C E S S  ---------------

Threads class SMR info:
_java_thread_list=0x0000022262cb1910, length=23, elements={
0x0000022265182800, 0x0000022204175000, 0x0000022204176000, 0x00000222041f1800,
0x00000222041f4800, 0x0000022204a08800, 0x0000022204a6c000, 0x0000022204a6c800,
0x0000022204a70800, 0x0000022204110800, 0x0000022204e4a800, 0x0000022204fcc800,
0x000002220535b800, 0x000002220524e800, 0x000002220502a800, 0x00000222053c5800,
0x0000022205278000, 0x0000022205f37000, 0x0000022205f36000, 0x0000022205f33000,
0x0000022205f38000, 0x0000022205f35800, 0x0000022205f38800
}

Java Threads: ( => current thread )
  0x0000022265182800 JavaThread "main" [_thread_blocked, id=22220, stack(0x000000b8ffe00000,0x000000b8fff00000)]
  0x0000022204175000 JavaThread "Reference Handler" daemon [_thread_blocked, id=3348, stack(0x000000b880c00000,0x000000b880d00000)]
  0x0000022204176000 JavaThread "Finalizer" daemon [_thread_blocked, id=28376, stack(0x000000b880d00000,0x000000b880e00000)]
  0x00000222041f1800 JavaThread "Signal Dispatcher" daemon [_thread_blocked, id=15160, stack(0x000000b880e00000,0x000000b880f00000)]
  0x00000222041f4800 JavaThread "Attach Listener" daemon [_thread_blocked, id=27864, stack(0x000000b880f00000,0x000000b881000000)]
  0x0000022204a08800 JavaThread "C2 CompilerThread0" daemon [_thread_blocked, id=10032, stack(0x000000b881000000,0x000000b881100000)]
  0x0000022204a6c000 JavaThread "C2 CompilerThread1" daemon [_thread_blocked, id=23212, stack(0x000000b881100000,0x000000b881200000)]
  0x0000022204a6c800 JavaThread "C1 CompilerThread2" daemon [_thread_blocked, id=20232, stack(0x000000b881200000,0x000000b881300000)]
  0x0000022204a70800 JavaThread "Sweeper thread" daemon [_thread_blocked, id=9132, stack(0x000000b881300000,0x000000b881400000)]
  0x0000022204110800 JavaThread "Common-Cleaner" daemon [_thread_blocked, id=25524, stack(0x000000b881400000,0x000000b881500000)]
  0x0000022204e4a800 JavaThread "Service Thread" daemon [_thread_blocked, id=18268, stack(0x000000b881500000,0x000000b881600000)]
  0x0000022204fcc800 JavaThread "Resolver thread - Equinox Container: ee573a0d-97d3-4ce7-b70c-6f0696153156" daemon [_thread_blocked, id=26876, stack(0x000000b881700000,0x000000b881800000)]
  0x000002220535b800 JavaThread "Resolver thread - Equinox Container: ee573a0d-97d3-4ce7-b70c-6f0696153156" daemon [_thread_blocked, id=2584, stack(0x000000b881800000,0x000000b881900000)]
  0x000002220524e800 JavaThread "Active Thread: Equinox Container: ee573a0d-97d3-4ce7-b70c-6f0696153156" [_thread_blocked, id=20872, stack(0x000000b881900000,0x000000b881a00000)]
  0x000002220502a800 JavaThread "Framework Event Dispatcher: Equinox Container: ee573a0d-97d3-4ce7-b70c-6f0696153156" daemon [_thread_blocked, id=22056, stack(0x000000b881a00000,0x000000b881b00000)]
  0x00000222053c5800 JavaThread "Start Level: Equinox Container: ee573a0d-97d3-4ce7-b70c-6f0696153156" daemon [_thread_blocked, id=7828, stack(0x000000b881b00000,0x000000b881c00000)]
  0x0000022205278000 JavaThread "Refresh Thread: Equinox Container: ee573a0d-97d3-4ce7-b70c-6f0696153156" daemon [_thread_blocked, id=25624, stack(0x000000b881c00000,0x000000b881d00000)]
  0x0000022205f37000 JavaThread "Resolver thread - Equinox Container: ee573a0d-97d3-4ce7-b70c-6f0696153156" daemon [_thread_blocked, id=24276, stack(0x000000b881d00000,0x000000b881e00000)]
  0x0000022205f36000 JavaThread "Worker-JM" [_thread_blocked, id=22644, stack(0x000000b881e00000,0x000000b881f00000)]
  0x0000022205f33000 JavaThread "Worker-0" [_thread_blocked, id=26872, stack(0x000000b881f00000,0x000000b882000000)]
  0x0000022205f38000 JavaThread "Worker-1" [_thread_blocked, id=14808, stack(0x000000b882000000,0x000000b882100000)]
  0x0000022205f35800 JavaThread "Java indexing" daemon [_thread_blocked, id=13780, stack(0x000000b882100000,0x000000b882200000)]
  0x0000022205f38800 JavaThread "Bundle File Closer" daemon [_thread_blocked, id=24548, stack(0x000000b882200000,0x000000b882300000)]

Other Threads:
  0x0000022204172000 VMThread "VM Thread" [stack: 0x000000b880b00000,0x000000b880c00000] [id=26856]
  0x0000022204e06800 WatcherThread [stack: 0x000000b881600000,0x000000b881700000] [id=16152]
  0x000002226519d800 GCTaskThread "GC Thread#0" [stack: 0x000000b8fff00000,0x000000b900000000] [id=23176]
  0x000002226519f000 GCTaskThread "GC Thread#1" [stack: 0x000000b880000000,0x000000b880100000] [id=25044]
=>0x00000222651a1000 GCTaskThread "GC Thread#2" [stack: 0x000000b880100000,0x000000b880200000] [id=22548]
  0x00000222651a4000 GCTaskThread "GC Thread#3" [stack: 0x000000b880200000,0x000000b880300000] [id=21020]
  0x00000222651dc000 ConcurrentGCThread "G1 Main Marker" [stack: 0x000000b880300000,0x000000b880400000] [id=2148]
  0x00000222651df800 ConcurrentGCThread "G1 Conc#0" [stack: 0x000000b880400000,0x000000b880500000] [id=23868]
  0x000002226525e000 ConcurrentGCThread "G1 Refine#0" [stack: 0x000000b880500000,0x000000b880600000] [id=20772]
  0x0000022204000800 ConcurrentGCThread "G1 Refine#1" [stack: 0x000000b880600000,0x000000b880700000] [id=12872]
  0x0000022204001800 ConcurrentGCThread "G1 Refine#2" [stack: 0x000000b880700000,0x000000b880800000] [id=21592]
  0x0000022204003000 ConcurrentGCThread "G1 Refine#3" [stack: 0x000000b880800000,0x000000b880900000] [id=10976]
  0x0000022204009000 ConcurrentGCThread "G1 Young RemSet Sampling" [stack: 0x000000b880900000,0x000000b880a00000] [id=14760]
  0x000002220400d000 ConcurrentGCThread "G1 StrDedup" [stack: 0x000000b880a00000,0x000000b880b00000] [id=4976]

Threads with active compile tasks:
C2 CompilerThread03328       4       java.io.DataOutputStream::writeShort (35 bytes)
C2 CompilerThread13341  s    4       java.io.DataOutputStream::write (14 bytes)

VM state:at safepoint (normal execution)

VM Mutex/Monitor currently owned by a thread:  ([mutex/lock_event])
[0x0000022265180f70] Threads_lock - owner thread: 0x0000022204172000
[0x0000022265180790] Heap_lock - owner thread: 0x00000222053c5800

Heap address: 0x00000000c0000000, size: 1024 MB, Compressed Oops mode: 32-bit
Narrow klass base: 0x0000000000000000, Narrow klass shift: 3
Compressed class space size: 1073741824 Address: 0x0000000100000000

Heap:
 garbage-first heap   total 131072K, used 60216K [0x00000000c0000000, 0x0000000100000000)
  region size 1024K, 51 young (52224K), 1 survivors (1024K)
 Metaspace       used 30325K, capacity 31504K, committed 31744K, reserved 1083392K
  class space    used 2865K, capacity 3267K, committed 3328K, reserved 1048576K
Heap Regions: E=young(eden), S=young(survivor), O=old, HS=humongous(starts), HC=humongous(continues), CS=collection set, F=free, A=archive, TS=gc time stamp, AC=allocation context, TAMS=top-at-mark-start (previous, next)
|   0|0x00000000c0000000, 0x00000000c0100000, 0x00000000c0100000|100%| O|  |TS  0|AC  0|TAMS 0x00000000c0100000, 0x00000000c0100000|
|   1|0x00000000c0100000, 0x00000000c0200000, 0x00000000c0200000|100%| O|  |TS  0|AC  0|TAMS 0x00000000c0200000, 0x00000000c0200000|
|   2|0x00000000c0200000, 0x00000000c02eb080, 0x00000000c0300000| 91%| O|  |TS  1|AC  0|TAMS 0x00000000c02d3200, 0x00000000c0300000|
|   3|0x00000000c0300000, 0x00000000c0300000, 0x00000000c0400000|  0%| F|  |TS  0|AC  0|TAMS 0x00000000c0300000, 0x00000000c0300000|
|   4|0x00000000c0400000, 0x00000000c0400000, 0x00000000c0500000|  0%| F|  |TS  0|AC  0|TAMS 0x00000000c0400000, 0x00000000c0400000|
|   5|0x00000000c0500000, 0x00000000c0500000, 0x00000000c0600000|  0%| F|  |TS  0|AC  0|TAMS 0x00000000c0500000, 0x00000000c0500000|
|   6|0x00000000c0600000, 0x00000000c0600000, 0x00000000c0700000|  0%| F|  |TS  0|AC  0|TAMS 0x00000000c0600000, 0x00000000c0600000|
|   7|0x00000000c0700000, 0x00000000c0700000, 0x00000000c0800000|  0%| F|  |TS  0|AC  0|TAMS 0x00000000c0700000, 0x00000000c0700000|
|   8|0x00000000c0800000, 0x00000000c0800000, 0x00000000c0900000|  0%| F|  |TS  0|AC  0|TAMS 0x00000000c0800000, 0x00000000c0800000|
|   9|0x00000000c0900000, 0x00000000c0900000, 0x00000000c0a00000|  0%| F|  |TS  0|AC  0|TAMS 0x00000000c0900000, 0x00000000c0900000|
|  10|0x00000000c0a00000, 0x00000000c0a00000, 0x00000000c0b00000|  0%| F|  |TS  0|AC  0|TAMS 0x00000000c0a00000, 0x00000000c0a00000|
|  11|0x00000000c0b00000, 0x00000000c0b00000, 0x00000000c0c00000|  0%| F|  |TS  0|AC  0|TAMS 0x00000000c0b00000, 0x00000000c0b00000|
|  12|0x00000000c0c00000, 0x00000000c0c00000, 0x00000000c0d00000|  0%| F|  |TS  0|AC  0|TAMS 0x00000000c0c00000, 0x00000000c0c00000|
|  13|0x00000000c0d00000, 0x00000000c0d00000, 0x00000000c0e00000|  0%| F|  |TS  0|AC  0|TAMS 0x00000000c0d00000, 0x00000000c0d00000|
|  14|0x00000000c0e00000, 0x00000000c0e00000, 0x00000000c0f00000|  0%| F|  |TS  0|AC  0|TAMS 0x00000000c0e00000, 0x00000000c0e00000|
|  15|0x00000000c0f00000, 0x00000000c0f00000, 0x00000000c1000000|  0%| F|  |TS  0|AC  0|TAMS 0x00000000c0f00000, 0x00000000c0f00000|
|  16|0x00000000c1000000, 0x00000000c1000000, 0x00000000c1100000|  0%| F|  |TS  0|AC  0|TAMS 0x00000000c1000000, 0x00000000c1000000|
|  17|0x00000000c1100000, 0x00000000c1100000, 0x00000000c1200000|  0%| F|  |TS  0|AC  0|TAMS 0x00000000c1100000, 0x00000000c1100000|
|  18|0x00000000c1200000, 0x00000000c1200000, 0x00000000c1300000|  0%| F|  |TS  0|AC  0|TAMS 0x00000000c1200000, 0x00000000c1200000|
|  19|0x00000000c1300000, 0x00000000c1300000, 0x00000000c1400000|  0%| F|  |TS  0|AC  0|TAMS 0x00000000c1300000, 0x00000000c1300000|
|  20|0x00000000c1400000, 0x00000000c1400000, 0x00000000c1500000|  0%| F|  |TS  0|AC  0|TAMS 0x00000000c1400000, 0x00000000c1400000|
|  21|0x00000000c1500000, 0x00000000c1500000, 0x00000000c1600000|  0%| F|  |TS  0|AC  0|TAMS 0x00000000c1500000, 0x00000000c1500000|
|  22|0x00000000c1600000, 0x00000000c1600000, 0x00000000c1700000|  0%| F|  |TS  0|AC  0|TAMS 0x00000000c1600000, 0x00000000c1600000|
|  23|0x00000000c1700000, 0x00000000c1700000, 0x00000000c1800000|  0%| F|  |TS  0|AC  0|TAMS 0x00000000c1700000, 0x00000000c1700000|
|  24|0x00000000c1800000, 0x00000000c1800000, 0x00000000c1900000|  0%| F|  |TS  0|AC  0|TAMS 0x00000000c1800000, 0x00000000c1800000|
|  25|0x00000000c1900000, 0x00000000c1900000, 0x00000000c1a00000|  0%| F|  |TS  0|AC  0|TAMS 0x00000000c1900000, 0x00000000c1900000|
|  26|0x00000000c1a00000, 0x00000000c1a00000, 0x00000000c1b00000|  0%| F|  |TS  0|AC  0|TAMS 0x00000000c1a00000, 0x00000000c1a00000|
|  27|0x00000000c1b00000, 0x00000000c1b00000, 0x00000000c1c00000|  0%| F|  |TS  0|AC  0|TAMS 0x00000000c1b00000, 0x00000000c1b00000|
|  28|0x00000000c1c00000, 0x00000000c1c00000, 0x00000000c1d00000|  0%| F|  |TS  0|AC  0|TAMS 0x00000000c1c00000, 0x00000000c1c00000|
|  29|0x00000000c1d00000, 0x00000000c1d00000, 0x00000000c1e00000|  0%| F|  |TS  0|AC  0|TAMS 0x00000000c1d00000, 0x00000000c1d00000|
|  30|0x00000000c1e00000, 0x00000000c1e00000, 0x00000000c1f00000|  0%| F|  |TS  0|AC  0|TAMS 0x00000000c1e00000, 0x00000000c1e00000|
|  31|0x00000000c1f00000, 0x00000000c1f00000, 0x00000000c2000000|  0%| F|  |TS  0|AC  0|TAMS 0x00000000c1f00000, 0x00000000c1f00000|
|  32|0x00000000c2000000, 0x00000000c2000000, 0x00000000c2100000|  0%| F|  |TS  0|AC  0|TAMS 0x00000000c2000000, 0x00000000c2000000|
|  33|0x00000000c2100000, 0x00000000c2100000, 0x00000000c2200000|  0%| F|  |TS  0|AC  0|TAMS 0x00000000c2100000, 0x00000000c2100000|
|  34|0x00000000c2200000, 0x00000000c2200000, 0x00000000c2300000|  0%| F|  |TS  0|AC  0|TAMS 0x00000000c2200000, 0x00000000c2200000|
|  35|0x00000000c2300000, 0x00000000c2300000, 0x00000000c2400000|  0%| F|  |TS  0|AC  0|TAMS 0x00000000c2300000, 0x00000000c2300000|
|  36|0x00000000c2400000, 0x00000000c2400000, 0x00000000c2500000|  0%| F|  |TS  0|AC  0|TAMS 0x00000000c2400000, 0x00000000c2400000|
|  37|0x00000000c2500000, 0x00000000c2500000, 0x00000000c2600000|  0%| F|  |TS  0|AC  0|TAMS 0x00000000c2500000, 0x00000000c2500000|
|  38|0x00000000c2600000, 0x00000000c2600000, 0x00000000c2700000|  0%| F|  |TS  0|AC  0|TAMS 0x00000000c2600000, 0x00000000c2600000|
|  39|0x00000000c2700000, 0x00000000c2700000, 0x00000000c2800000|  0%| F|  |TS  0|AC  0|TAMS 0x00000000c2700000, 0x00000000c2700000|
|  40|0x00000000c2800000, 0x00000000c2800000, 0x00000000c2900000|  0%| F|  |TS  0|AC  0|TAMS 0x00000000c2800000, 0x00000000c2800000|
|  41|0x00000000c2900000, 0x00000000c2900000, 0x00000000c2a00000|  0%| F|  |TS  0|AC  0|TAMS 0x00000000c2900000, 0x00000000c2900000|
|  42|0x00000000c2a00000, 0x00000000c2a00000, 0x00000000c2b00000|  0%| F|  |TS  0|AC  0|TAMS 0x00000000c2a00000, 0x00000000c2a00000|
|  43|0x00000000c2b00000, 0x00000000c2b00000, 0x00000000c2c00000|  0%| F|  |TS  0|AC  0|TAMS 0x00000000c2b00000, 0x00000000c2b00000|
|  44|0x00000000c2c00000, 0x00000000c2c00000, 0x00000000c2d00000|  0%| F|  |TS  0|AC  0|TAMS 0x00000000c2c00000, 0x00000000c2c00000|
|  45|0x00000000c2d00000, 0x00000000c2d00000, 0x00000000c2e00000|  0%| F|  |TS  0|AC  0|TAMS 0x00000000c2d00000, 0x00000000c2d00000|
|  46|0x00000000c2e00000, 0x00000000c2e00000, 0x00000000c2f00000|  0%| F|  |TS  0|AC  0|TAMS 0x00000000c2e00000, 0x00000000c2e00000|
|  47|0x00000000c2f00000, 0x00000000c2f00000, 0x00000000c3000000|  0%| F|  |TS  0|AC  0|TAMS 0x00000000c2f00000, 0x00000000c2f00000|
|  48|0x00000000c3000000, 0x00000000c3000000, 0x00000000c3100000|  0%| F|  |TS  0|AC  0|TAMS 0x00000000c3000000, 0x00000000c3000000|
|  49|0x00000000c3100000, 0x00000000c3100000, 0x00000000c3200000|  0%| F|  |TS  0|AC  0|TAMS 0x00000000c3100000, 0x00000000c3100000|
|  50|0x00000000c3200000, 0x00000000c3200000, 0x00000000c3300000|  0%| F|  |TS  0|AC  0|TAMS 0x00000000c3200000, 0x00000000c3200000|
|  51|0x00000000c3300000, 0x00000000c3300000, 0x00000000c3400000|  0%| F|  |TS  0|AC  0|TAMS 0x00000000c3300000, 0x00000000c3300000|
|  52|0x00000000c3400000, 0x00000000c3400000, 0x00000000c3500000|  0%| F|  |TS  0|AC  0|TAMS 0x00000000c3400000, 0x00000000c3400000|
|  53|0x00000000c3500000, 0x00000000c3500000, 0x00000000c3600000|  0%| F|  |TS  0|AC  0|TAMS 0x00000000c3500000, 0x00000000c3500000|
|  54|0x00000000c3600000, 0x00000000c3600000, 0x00000000c3700000|  0%| F|  |TS  0|AC  0|TAMS 0x00000000c3600000, 0x00000000c3600000|
|  55|0x00000000c3700000, 0x00000000c3700000, 0x00000000c3800000|  0%| F|  |TS  0|AC  0|TAMS 0x00000000c3700000, 0x00000000c3700000|
|  56|0x00000000c3800000, 0x00000000c3800000, 0x00000000c3900000|  0%| F|  |TS  0|AC  0|TAMS 0x00000000c3800000, 0x00000000c3800000|
|  57|0x00000000c3900000, 0x00000000c3900000, 0x00000000c3a00000|  0%| F|  |TS  0|AC  0|TAMS 0x00000000c3900000, 0x00000000c3900000|
|  58|0x00000000c3a00000, 0x00000000c3a00000, 0x00000000c3b00000|  0%| F|  |TS  0|AC  0|TAMS 0x00000000c3a00000, 0x00000000c3a00000|
|  59|0x00000000c3b00000, 0x00000000c3b00000, 0x00000000c3c00000|  0%| F|  |TS  0|AC  0|TAMS 0x00000000c3b00000, 0x00000000c3b00000|
|  60|0x00000000c3c00000, 0x00000000c3c00000, 0x00000000c3d00000|  0%| F|  |TS  0|AC  0|TAMS 0x00000000c3c00000, 0x00000000c3c00000|
|  61|0x00000000c3d00000, 0x00000000c3d00000, 0x00000000c3e00000|  0%| F|  |TS  0|AC  0|TAMS 0x00000000c3d00000, 0x00000000c3d00000|
|  62|0x00000000c3e00000, 0x00000000c3e00000, 0x00000000c3f00000|  0%| F|  |TS  0|AC  0|TAMS 0x00000000c3e00000, 0x00000000c3e00000|
|  63|0x00000000c3f00000, 0x00000000c3f00000, 0x00000000c4000000|  0%| F|  |TS  0|AC  0|TAMS 0x00000000c3f00000, 0x00000000c3f00000|
|  64|0x00000000c4000000, 0x00000000c4000000, 0x00000000c4100000|  0%| F|  |TS  0|AC  0|TAMS 0x00000000c4000000, 0x00000000c4000000|
|  65|0x00000000c4100000, 0x00000000c4100000, 0x00000000c4200000|  0%| F|  |TS  0|AC  0|TAMS 0x00000000c4100000, 0x00000000c4100000|
|  66|0x00000000c4200000, 0x00000000c4200000, 0x00000000c4300000|  0%| F|  |TS  0|AC  0|TAMS 0x00000000c4200000, 0x00000000c4200000|
|  67|0x00000000c4300000, 0x00000000c4300000, 0x00000000c4400000|  0%| F|  |TS  0|AC  0|TAMS 0x00000000c4300000, 0x00000000c4300000|
|  68|0x00000000c4400000, 0x00000000c4400000, 0x00000000c4500000|  0%| F|  |TS  0|AC  0|TAMS 0x00000000c4400000, 0x00000000c4400000|
|  69|0x00000000c4500000, 0x00000000c4500000, 0x00000000c4600000|  0%| F|  |TS  0|AC  0|TAMS 0x00000000c4500000, 0x00000000c4500000|
|  70|0x00000000c4600000, 0x00000000c46acb00, 0x00000000c4700000| 67%| S|  |TS  1|AC  0|TAMS 0x00000000c4600000, 0x00000000c4600000|
|  71|0x00000000c4700000, 0x00000000c47550a0, 0x00000000c4800000| 33%| E|CS|TS  0|AC  0|TAMS 0x00000000c4700000, 0x00000000c47550a0|
|  72|0x00000000c4800000, 0x00000000c4900000, 0x00000000c4900000|100%| E|CS|TS  0|AC  0|TAMS 0x00000000c4800000, 0x00000000c4900000|
|  73|0x00000000c4900000, 0x00000000c4a00000, 0x00000000c4a00000|100%| E|CS|TS  0|AC  0|TAMS 0x00000000c4900000, 0x00000000c4a00000|
|  74|0x00000000c4a00000, 0x00000000c4b00000, 0x00000000c4b00000|100%| E|CS|TS  0|AC  0|TAMS 0x00000000c4a00000, 0x00000000c4b00000|
|  75|0x00000000c4b00000, 0x00000000c4c00000, 0x00000000c4c00000|100%| E|CS|TS  0|AC  0|TAMS 0x00000000c4b00000, 0x00000000c4c00000|
|  76|0x00000000c4c00000, 0x00000000c4d00000, 0x00000000c4d00000|100%| E|CS|TS  0|AC  0|TAMS 0x00000000c4c00000, 0x00000000c4d00000|
|  77|0x00000000c4d00000, 0x00000000c4e00000, 0x00000000c4e00000|100%| E|CS|TS  0|AC  0|TAMS 0x00000000c4d00000, 0x00000000c4e00000|
|  78|0x00000000c4e00000, 0x00000000c4f00000, 0x00000000c4f00000|100%| E|CS|TS  0|AC  0|TAMS 0x00000000c4e00000, 0x00000000c4f00000|
|  79|0x00000000c4f00000, 0x00000000c5000000, 0x00000000c5000000|100%| E|CS|TS  0|AC  0|TAMS 0x00000000c4f00000, 0x00000000c5000000|
|  80|0x00000000c5000000, 0x00000000c5100000, 0x00000000c5100000|100%| E|CS|TS  0|AC  0|TAMS 0x00000000c5000000, 0x00000000c5100000|
|  81|0x00000000c5100000, 0x00000000c5200000, 0x00000000c5200000|100%| E|CS|TS  0|AC  0|TAMS 0x00000000c5100000, 0x00000000c5200000|
|  82|0x00000000c5200000, 0x00000000c5300000, 0x00000000c5300000|100%| E|CS|TS  0|AC  0|TAMS 0x00000000c5200000, 0x00000000c5300000|
|  83|0x00000000c5300000, 0x00000000c5400000, 0x00000000c5400000|100%| E|CS|TS  0|AC  0|TAMS 0x00000000c5300000, 0x00000000c5400000|
|  84|0x00000000c5400000, 0x00000000c5500000, 0x00000000c5500000|100%| E|CS|TS  0|AC  0|TAMS 0x00000000c5400000, 0x00000000c5500000|
|  85|0x00000000c5500000, 0x00000000c5600000, 0x00000000c5600000|100%| E|CS|TS  0|AC  0|TAMS 0x00000000c5500000, 0x00000000c5600000|
|  86|0x00000000c5600000, 0x00000000c5700000, 0x00000000c5700000|100%| E|CS|TS  0|AC  0|TAMS 0x00000000c5600000, 0x00000000c5700000|
|  87|0x00000000c5700000, 0x00000000c5800000, 0x00000000c5800000|100%| E|CS|TS  0|AC  0|TAMS 0x00000000c5700000, 0x00000000c5800000|
|  88|0x00000000c5800000, 0x00000000c5900000, 0x00000000c5900000|100%| E|CS|TS  0|AC  0|TAMS 0x00000000c5800000, 0x00000000c5900000|
|  89|0x00000000c5900000, 0x00000000c5a00000, 0x00000000c5a00000|100%| E|CS|TS  0|AC  0|TAMS 0x00000000c5900000, 0x00000000c5a00000|
|  90|0x00000000c5a00000, 0x00000000c5b00000, 0x00000000c5b00000|100%| E|CS|TS  0|AC  0|TAMS 0x00000000c5a00000, 0x00000000c5b00000|
|  91|0x00000000c5b00000, 0x00000000c5c00000, 0x00000000c5c00000|100%| E|CS|TS  0|AC  0|TAMS 0x00000000c5b00000, 0x00000000c5c00000|
|  92|0x00000000c5c00000, 0x00000000c5d00000, 0x00000000c5d00000|100%| E|CS|TS  0|AC  0|TAMS 0x00000000c5c00000, 0x00000000c5d00000|
|  93|0x00000000c5d00000, 0x00000000c5e00000, 0x00000000c5e00000|100%| E|CS|TS  0|AC  0|TAMS 0x00000000c5d00000, 0x00000000c5e00000|
|  94|0x00000000c5e00000, 0x00000000c5f00000, 0x00000000c5f00000|100%| E|CS|TS  0|AC  0|TAMS 0x00000000c5e00000, 0x00000000c5f00000|
|  95|0x00000000c5f00000, 0x00000000c6000000, 0x00000000c6000000|100%| E|CS|TS  0|AC  0|TAMS 0x00000000c5f00000, 0x00000000c6000000|
|  96|0x00000000c6000000, 0x00000000c6100000, 0x00000000c6100000|100%| E|CS|TS  0|AC  0|TAMS 0x00000000c6000000, 0x00000000c6100000|
|  97|0x00000000c6100000, 0x00000000c6200000, 0x00000000c6200000|100%| E|CS|TS  0|AC  0|TAMS 0x00000000c6100000, 0x00000000c6200000|
|  98|0x00000000c6200000, 0x00000000c6300000, 0x00000000c6300000|100%| E|CS|TS  0|AC  0|TAMS 0x00000000c6200000, 0x00000000c6300000|
|  99|0x00000000c6300000, 0x00000000c6400000, 0x00000000c6400000|100%| E|CS|TS  0|AC  0|TAMS 0x00000000c6300000, 0x00000000c6400000|
| 100|0x00000000c6400000, 0x00000000c6500000, 0x00000000c6500000|100%| E|CS|TS  0|AC  0|TAMS 0x00000000c6400000, 0x00000000c6500000|
| 101|0x00000000c6500000, 0x00000000c6600000, 0x00000000c6600000|100%| E|CS|TS  0|AC  0|TAMS 0x00000000c6500000, 0x00000000c6600000|
| 102|0x00000000c6600000, 0x00000000c6700000, 0x00000000c6700000|100%| E|CS|TS  0|AC  0|TAMS 0x00000000c6600000, 0x00000000c6700000|
| 103|0x00000000c6700000, 0x00000000c6800000, 0x00000000c6800000|100%| E|CS|TS  0|AC  0|TAMS 0x00000000c6700000, 0x00000000c6800000|
| 104|0x00000000c6800000, 0x00000000c6900000, 0x00000000c6900000|100%| E|CS|TS  0|AC  0|TAMS 0x00000000c6800000, 0x00000000c6900000|
| 105|0x00000000c6900000, 0x00000000c69a6090, 0x00000000c6a00000| 64%| E|CS|TS  0|AC  0|TAMS 0x00000000c6900000, 0x00000000c69a6090|
| 106|0x00000000c6a00000, 0x00000000c6b00000, 0x00000000c6b00000|100%| E|CS|TS  0|AC  0|TAMS 0x00000000c6a00000, 0x00000000c6b00000|
| 107|0x00000000c6b00000, 0x00000000c6c00000, 0x00000000c6c00000|100%| E|CS|TS  0|AC  0|TAMS 0x00000000c6b00000, 0x00000000c6c00000|
| 108|0x00000000c6c00000, 0x00000000c6d00000, 0x00000000c6d00000|100%| E|CS|TS  0|AC  0|TAMS 0x00000000c6c00000, 0x00000000c6d00000|
| 109|0x00000000c6d00000, 0x00000000c6e00000, 0x00000000c6e00000|100%| E|CS|TS  0|AC  0|TAMS 0x00000000c6d00000, 0x00000000c6e00000|
| 110|0x00000000c6e00000, 0x00000000c6f00000, 0x00000000c6f00000|100%| E|CS|TS  0|AC  0|TAMS 0x00000000c6e00000, 0x00000000c6f00000|
| 111|0x00000000c6f00000, 0x00000000c7000000, 0x00000000c7000000|100%| E|CS|TS  0|AC  0|TAMS 0x00000000c6f00000, 0x00000000c7000000|
| 112|0x00000000c7000000, 0x00000000c7100000, 0x00000000c7100000|100%| E|CS|TS  0|AC  0|TAMS 0x00000000c7000000, 0x00000000c7100000|
| 113|0x00000000c7100000, 0x00000000c7200000, 0x00000000c7200000|100%| E|CS|TS  0|AC  0|TAMS 0x00000000c7100000, 0x00000000c7200000|
| 114|0x00000000c7200000, 0x00000000c7300000, 0x00000000c7300000|100%| E|CS|TS  0|AC  0|TAMS 0x00000000c7200000, 0x00000000c7300000|
| 115|0x00000000c7300000, 0x00000000c7400000, 0x00000000c7400000|100%| E|CS|TS  0|AC  0|TAMS 0x00000000c7300000, 0x00000000c7400000|
| 116|0x00000000c7400000, 0x00000000c7500000, 0x00000000c7500000|100%| E|CS|TS  0|AC  0|TAMS 0x00000000c7400000, 0x00000000c7500000|
| 117|0x00000000c7500000, 0x00000000c7600000, 0x00000000c7600000|100%| E|CS|TS  0|AC  0|TAMS 0x00000000c7500000, 0x00000000c7600000|
| 118|0x00000000c7600000, 0x00000000c7700000, 0x00000000c7700000|100%| E|CS|TS  0|AC  0|TAMS 0x00000000c7600000, 0x00000000c7700000|
| 119|0x00000000c7700000, 0x00000000c7800000, 0x00000000c7800000|100%| E|CS|TS  0|AC  0|TAMS 0x00000000c7700000, 0x00000000c7800000|
| 120|0x00000000c7800000, 0x00000000c7900000, 0x00000000c7900000|100%| E|CS|TS  0|AC  0|TAMS 0x00000000c7800000, 0x00000000c7900000|
| 121|0x00000000c7900000, 0x00000000c7a00000, 0x00000000c7a00000|100%| E|CS|TS  0|AC  0|TAMS 0x00000000c7900000, 0x00000000c7a00000|
| 122|0x00000000c7a00000, 0x00000000c7b00000, 0x00000000c7b00000|100%| E|CS|TS  0|AC  0|TAMS 0x00000000c7a00000, 0x00000000c7b00000|
| 123|0x00000000c7b00000, 0x00000000c7c00000, 0x00000000c7c00000|100%| E|CS|TS  0|AC  0|TAMS 0x00000000c7b00000, 0x00000000c7c00000|
| 124|0x00000000c7c00000, 0x00000000c7d00000, 0x00000000c7d00000|100%| E|CS|TS  0|AC  0|TAMS 0x00000000c7c00000, 0x00000000c7d00000|
| 125|0x00000000c7d00000, 0x00000000c7e00000, 0x00000000c7e00000|100%| E|CS|TS  0|AC  0|TAMS 0x00000000c7d00000, 0x00000000c7e00000|
| 126|0x00000000c7e00000, 0x00000000c7f00000, 0x00000000c7f00000|100%| E|CS|TS  0|AC  0|TAMS 0x00000000c7e00000, 0x00000000c7f00000|
| 127|0x00000000c7f00000, 0x00000000c8000000, 0x00000000c8000000|100%| E|CS|TS  0|AC  0|TAMS 0x00000000c7f00000, 0x00000000c8000000|

Card table byte_map: [0x000002227f710000,0x000002227f910000] byte_map_base: 0x000002227f110000

Marking Bits (Prev, Next): (CMBitMap*) 0x00000222651db358, (CMBitMap*) 0x00000222651db320
 Prev Bits: [0x0000022201000000, 0x0000022202000000)
 Next Bits: [0x0000022200000000, 0x0000022201000000)

Polling page: 0x0000022262c70000

CodeHeap 'non-profiled nmethods': size=120064Kb used=1482Kb max_used=1482Kb free=118581Kb
 bounds [0x0000022277fd0000, 0x0000022278240000, 0x000002227f510000]
CodeHeap 'profiled nmethods': size=120000Kb used=6999Kb max_used=6999Kb free=113000Kb
 bounds [0x0000022270aa0000, 0x0000022271180000, 0x0000022277fd0000]
CodeHeap 'non-nmethods': size=5696Kb used=1174Kb max_used=1213Kb free=4521Kb
 bounds [0x0000022270510000, 0x0000022270780000, 0x0000022270aa0000]
 total_blobs=4654 nmethods=3091 adapters=429
 compilation: enabled

Compilation events (10 events):
Event: 13.458 Thread 0x0000022204a6c800 nmethod 3337 0x0000022271176b90 code [0x0000022271176d80, 0x0000022271177220]
Event: 13.458 Thread 0x0000022204a6c800 3336       3       java.util.stream.ForEachOps::makeRef (15 bytes)
Event: 13.458 Thread 0x0000022204a6c800 nmethod 3336 0x0000022271177390 code [0x0000022271177580, 0x0000022271177a10]
Event: 13.459 Thread 0x0000022204a6c800 3338       3       java.util.Spliterators::checkFromToBounds (74 bytes)
Event: 13.460 Thread 0x0000022204a6c000 3341  s    4       java.io.DataOutputStream::write (14 bytes)
Event: 13.460 Thread 0x0000022204a6c800 nmethod 3338 0x0000022271177b90 code [0x0000022271177e60, 0x0000022271178a50]
Event: 13.460 Thread 0x0000022204a6c800 3340       3       java.lang.reflect.ProxyGenerator::getParameterDescriptors (47 bytes)
Event: 13.461 Thread 0x0000022204a6c800 nmethod 3340 0x0000022271178f10 code [0x00000222711791a0, 0x0000022271179bb0]
Event: 13.461 Thread 0x0000022204a6c800 3339       3       java.lang.reflect.Method::getExceptionTypes (11 bytes)
Event: 13.461 Thread 0x0000022204a6c800 nmethod 3339 0x0000022271179f90 code [0x000002227117a160, 0x000002227117a470]

GC Heap History (9 events):
Event: 2.272 GC heap before
{Heap before GC invocations=0 (full 0):
 garbage-first heap   total 131072K, used 14336K [0x00000000c0000000, 0x0000000100000000)
  region size 1024K, 14 young (14336K), 0 survivors (0K)
 Metaspace       used 9544K, capacity 9692K, committed 9856K, reserved 1058816K
  class space    used 803K, capacity 852K, committed 896K, reserved 1048576K
}
Event: 2.279 GC heap after
{Heap after GC invocations=1 (full 0):
 garbage-first heap   total 131072K, used 2846K [0x00000000c0000000, 0x0000000100000000)
  region size 1024K, 2 young (2048K), 2 survivors (2048K)
 Metaspace       used 9544K, capacity 9692K, committed 9856K, reserved 1058816K
  class space    used 803K, capacity 852K, committed 896K, reserved 1048576K
}
Event: 3.449 GC heap before
{Heap before GC invocations=1 (full 0):
 garbage-first heap   total 131072K, used 15134K [0x00000000c0000000, 0x0000000100000000)
  region size 1024K, 14 young (14336K), 2 survivors (2048K)
 Metaspace       used 13197K, capacity 13431K, committed 13568K, reserved 1060864K
  class space    used 1164K, capacity 1221K, committed 1280K, reserved 1048576K
}
Event: 3.458 GC heap after
{Heap after GC invocations=2 (full 0):
 garbage-first heap   total 131072K, used 4181K [0x00000000c0000000, 0x0000000100000000)
  region size 1024K, 2 young (2048K), 2 survivors (2048K)
 Metaspace       used 13197K, capacity 13431K, committed 13568K, reserved 1060864K
  class space    used 1164K, capacity 1221K, committed 1280K, reserved 1048576K
}
Event: 5.087 GC heap before
{Heap before GC invocations=2 (full 0):
 garbage-first heap   total 131072K, used 35925K [0x00000000c0000000, 0x0000000100000000)
  region size 1024K, 33 young (33792K), 2 survivors (2048K)
 Metaspace       used 14778K, capacity 15118K, committed 15360K, reserved 1062912K
  class space    used 1307K, capacity 1441K, committed 1536K, reserved 1048576K
}
Event: 5.098 GC heap after
{Heap after GC invocations=3 (full 0):
 garbage-first heap   total 131072K, used 7512K [0x00000000c0000000, 0x0000000100000000)
  region size 1024K, 5 young (5120K), 5 survivors (5120K)
 Metaspace       used 14778K, capacity 15118K, committed 15360K, reserved 1062912K
  class space    used 1307K, capacity 1441K, committed 1536K, reserved 1048576K
}
Event: 6.514 GC heap before
{Heap before GC invocations=3 (full 0):
 garbage-first heap   total 131072K, used 22872K [0x00000000c0000000, 0x0000000100000000)
  region size 1024K, 21 young (21504K), 5 survivors (5120K)
 Metaspace       used 20298K, capacity 21108K, committed 21296K, reserved 1069056K
  class space    used 1781K, capacity 2055K, committed 2176K, reserved 1048576K
}
Event: 6.526 GC heap after
{Heap after GC invocations=4 (full 0):
 garbage-first heap   total 131072K, used 9700K [0x00000000c0000000, 0x0000000100000000)
  region size 1024K, 7 young (7168K), 7 survivors (7168K)
 Metaspace       used 20298K, capacity 21108K, committed 21296K, reserved 1069056K
  class space    used 1781K, capacity 2055K, committed 2176K, reserved 1048576K
}
Event: 13.467 GC heap before
{Heap before GC invocations=5 (full 0):
 garbage-first heap   total 131072K, used 59876K [0x00000000c0000000, 0x0000000100000000)
  region size 1024K, 57 young (58368K), 7 survivors (7168K)
 Metaspace       used 30325K, capacity 31504K, committed 31744K, reserved 1083392K
  class space    used 2865K, capacity 3267K, committed 3328K, reserved 1048576K
}

Deoptimization events (10 events):
Event: 12.326 Thread 0x00000222053c5800 Uncommon trap: reason=unstable_if action=reinterpret pc=0x0000022278118898 method=java.io.Reader.read()I @ 12 c2
Event: 12.330 Thread 0x00000222053c5800 Uncommon trap: reason=unstable_if action=reinterpret pc=0x000002227810c558 method=sun.nio.cs.StreamDecoder.read([CII)I @ 136 c2
Event: 12.330 Thread 0x00000222053c5800 Uncommon trap: reason=unstable_if action=reinterpret pc=0x0000022278119a40 method=java.io.Reader.read()I @ 12 c2
Event: 12.359 Thread 0x00000222053c5800 Uncommon trap: reason=unstable_if action=reinterpret pc=0x000002227811e448 method=org.codehaus.plexus.util.xml.pull.MXParser.nextImpl()I @ 91 c2
Event: 12.499 Thread 0x00000222053c5800 Uncommon trap: reason=unstable_if action=reinterpret pc=0x000002227803e418 method=java.io.BufferedReader.readLine(Z)Ljava/lang/String; @ 153 c2
Event: 12.515 Thread 0x00000222053c5800 Uncommon trap: reason=unstable_if action=reinterpret pc=0x000002227802b59c method=java.util.HashMap.getNode(ILjava/lang/Object;)Ljava/util/HashMap$Node; @ 129 c2
Event: 12.515 Thread 0x00000222053c5800 Uncommon trap: reason=class_check action=maybe_recompile pc=0x0000022278107ed8 method=java.util.HashMap.putVal(ILjava/lang/Object;Ljava/lang/Object;ZZ)Ljava/lang/Object; @ 203 c2
Event: 12.516 Thread 0x00000222053c5800 Uncommon trap: reason=unstable_if action=reinterpret pc=0x0000022278071430 method=java.util.HashMap.getNode(ILjava/lang/Object;)Ljava/util/HashMap$Node; @ 129 c2
Event: 12.564 Thread 0x00000222053c5800 Uncommon trap: reason=unstable_if action=reinterpret pc=0x0000022277fded98 method=java.util.HashMap.getNode(ILjava/lang/Object;)Ljava/util/HashMap$Node; @ 129 c2
Event: 12.564 Thread 0x00000222053c5800 Uncommon trap: reason=class_check action=maybe_recompile pc=0x0000022278107ed8 method=java.util.HashMap.putVal(ILjava/lang/Object;Ljava/lang/Object;ZZ)Ljava/lang/Object; @ 203 c2

Classes redefined (0 events):
No events

Internal exceptions (10 events):
Event: 6.666 Thread 0x00000222053c5800 Exception <a 'java/io/FileNotFoundException'{0x00000000c7efed28}> (0x00000000c7efed28) thrown at [t:/workspace/open/src/hotspot/share/prims/jni.cpp, line 611]
Event: 6.667 Thread 0x00000222053c5800 Exception <a 'java/io/FileNotFoundException'{0x00000000c7d00458}> (0x00000000c7d00458) thrown at [t:/workspace/open/src/hotspot/share/prims/jni.cpp, line 611]
Event: 6.985 Thread 0x00000222053c5800 Exception <a 'java/lang/ClassNotFoundException'{0x00000000c73a6ab0}: com/sun/org/apache/xerces/internal/impl/msg/spi/DOMMessagesProvider> (0x00000000c73a6ab0) thrown at [t:/workspace/open/src/hotspot/share/classfile/systemDictionary.cpp, line 233]
Event: 6.993 Thread 0x00000222053c5800 Exception <a 'java/lang/ClassNotFoundException'{0x00000000c73c9158}: com/sun/org/apache/xerces/internal/impl/msg/spi/XMLSerializerMessagesProvider> (0x00000000c73c9158) thrown at [t:/workspace/open/src/hotspot/share/classfile/systemDictionary.cpp, line 23
Event: 6.996 Thread 0x00000222053c5800 Exception <a 'java/lang/ClassNotFoundException'{0x00000000c73e01e0}: com/sun/org/apache/xerces/internal/impl/msg/spi/XMLMessagesProvider> (0x00000000c73e01e0) thrown at [t:/workspace/open/src/hotspot/share/classfile/systemDictionary.cpp, line 233]
Event: 9.683 Thread 0x00000222053c5800 Exception <a 'java/io/FileNotFoundException'{0x00000000c72b02b0}> (0x00000000c72b02b0) thrown at [t:/workspace/open/src/hotspot/share/prims/jni.cpp, line 611]
Event: 9.691 Thread 0x00000222053c5800 Exception <a 'java/io/FileNotFoundException'{0x00000000c72c3de8}> (0x00000000c72c3de8) thrown at [t:/workspace/open/src/hotspot/share/prims/jni.cpp, line 611]
Event: 9.706 Thread 0x00000222053c5800 Exception <a 'java/lang/NoClassDefFoundError'{0x00000000c72e6190}: org/slf4j/impl/StaticLoggerBinder> (0x00000000c72e6190) thrown at [t:/workspace/open/src/hotspot/share/classfile/systemDictionary.cpp, line 222]
Event: 11.835 Thread 0x00000222053c5800 Exception <a 'java/lang/NoSuchMethodError'{0x00000000c6684758}: java.lang.Object.lambda$union$2(Ljava/util/regex/Pattern$CharPredicate;I)Z> (0x00000000c6684758) thrown at [t:/workspace/open/src/hotspot/share/interpreter/linkResolver.cpp, line 741]
Event: 12.159 Thread 0x00000222053c5800 Exception <a 'java/lang/NoSuchMethodError'{0x00000000c61eaa00}: java.lang.Object.lambda$union$1(Ljava/util/regex/Pattern$CharPredicate;I)Z> (0x00000000c61eaa00) thrown at [t:/workspace/open/src/hotspot/share/interpreter/linkResolver.cpp, line 741]

Events (10 events):
Event: 13.364 loading class java/util/Formatter$FormatSpecifier done
Event: 13.364 loading class java/util/Formatter$Flags
Event: 13.365 loading class java/util/Formatter$Flags done
Event: 13.365 loading class java/util/Formatter$Conversion
Event: 13.365 loading class java/util/Formatter$Conversion done
Event: 13.366 loading class java/util/Formattable
Event: 13.366 loading class java/util/Formattable done
Event: 13.432 loading class java/lang/CloneNotSupportedException
Event: 13.432 loading class java/lang/CloneNotSupportedException done
Event: 13.467 Executing VM operation: CollectForMetadataAllocation


Dynamic libraries:
0x00007ff76ebe0000 - 0x00007ff76ec1e000 	C:\Program Files\Java\jdk-10\bin\java.exe
0x00007ffbdd230000 - 0x00007ffbdd411000 	C:\WINDOWS\SYSTEM32\ntdll.dll
0x00007ffbdcf90000 - 0x00007ffbdd042000 	C:\WINDOWS\System32\KERNEL32.DLL
0x00007ffbda1a0000 - 0x00007ffbda413000 	C:\WINDOWS\System32\KERNELBASE.dll
0x00007ffbda6c0000 - 0x00007ffbda761000 	C:\WINDOWS\System32\ADVAPI32.dll
0x00007ffbdad60000 - 0x00007ffbdadfe000 	C:\WINDOWS\System32\msvcrt.dll
0x00007ffbdd060000 - 0x00007ffbdd0bb000 	C:\WINDOWS\System32\sechost.dll
0x00007ffbdb340000 - 0x00007ffbdb464000 	C:\WINDOWS\System32\RPCRT4.dll
0x00007ffbdce00000 - 0x00007ffbdcf90000 	C:\WINDOWS\System32\USER32.dll
0x00007ffbd9f80000 - 0x00007ffbd9fa0000 	C:\WINDOWS\System32\win32u.dll
0x00007ffbdabc0000 - 0x00007ffbdabe8000 	C:\WINDOWS\System32\GDI32.dll
0x00007ffbd9fa0000 - 0x00007ffbda132000 	C:\WINDOWS\System32\gdi32full.dll
0x00007ffbd9ee0000 - 0x00007ffbd9f7f000 	C:\WINDOWS\System32\msvcp_win.dll
0x00007ffbd9680000 - 0x00007ffbd977a000 	C:\WINDOWS\System32\ucrtbase.dll
0x00007ffbccea0000 - 0x00007ffbcd109000 	C:\WINDOWS\WinSxS\amd64_microsoft.windows.common-controls_6595b64144ccf1df_6.0.17134.407_none_fb449d63306391e9\COMCTL32.dll
0x00007ffbdb470000 - 0x00007ffbdb792000 	C:\WINDOWS\System32\combase.dll
0x00007ffbd9600000 - 0x00007ffbd967a000 	C:\WINDOWS\System32\bcryptPrimitives.dll
0x00007ffbd3b20000 - 0x00007ffbd3b2a000 	C:\WINDOWS\SYSTEM32\VERSION.dll
0x00007ffbdd0c0000 - 0x00007ffbdd0ed000 	C:\WINDOWS\System32\IMM32.DLL
0x00007ffbb5af0000 - 0x00007ffbb5bdf000 	C:\Program Files\Java\jdk-10\bin\msvcr120.dll
0x00007ffbb5400000 - 0x00007ffbb54a6000 	C:\Program Files\Java\jdk-10\bin\msvcp120.dll
0x000000006ea10000 - 0x000000006f47f000 	C:\Program Files\Java\jdk-10\bin\server\jvm.dll
0x00007ffbdd050000 - 0x00007ffbdd058000 	C:\WINDOWS\System32\PSAPI.DLL
0x00007ffbd8180000 - 0x00007ffbd8189000 	C:\WINDOWS\SYSTEM32\WSOCK32.dll
0x00007ffbdac90000 - 0x00007ffbdacfc000 	C:\WINDOWS\System32\WS2_32.dll
0x00007ffbd32b0000 - 0x00007ffbd32d3000 	C:\WINDOWS\SYSTEM32\WINMM.dll
0x00007ffbd3280000 - 0x00007ffbd32aa000 	C:\WINDOWS\SYSTEM32\winmmbase.dll
0x00007ffbd9780000 - 0x00007ffbd97c9000 	C:\WINDOWS\System32\cfgmgr32.dll
0x00007ffbd4bd0000 - 0x00007ffbd4bdf000 	C:\Program Files\Java\jdk-10\bin\verify.dll
0x00007ffbd7f50000 - 0x00007ffbd8119000 	C:\WINDOWS\SYSTEM32\DBGHELP.DLL
0x00007ffbbbe40000 - 0x00007ffbbbe69000 	C:\WINDOWS\SYSTEM32\dbgcore.DLL
0x00007ffbc00b0000 - 0x00007ffbc00d7000 	C:\Program Files\Java\jdk-10\bin\java.dll
0x00007ffbbf2c0000 - 0x00007ffbbf2d6000 	C:\Program Files\Java\jdk-10\bin\zip.dll
0x00007ffbc32f0000 - 0x00007ffbc32fa000 	C:\Program Files\Java\jdk-10\bin\jimage.dll
0x00007ffbdb9c0000 - 0x00007ffbdcdff000 	C:\WINDOWS\System32\SHELL32.dll
0x00007ffbdae00000 - 0x00007ffbdaea9000 	C:\WINDOWS\System32\shcore.dll
0x00007ffbd97d0000 - 0x00007ffbd9edd000 	C:\WINDOWS\System32\windows.storage.dll
0x00007ffbdad00000 - 0x00007ffbdad51000 	C:\WINDOWS\System32\shlwapi.dll
0x00007ffbd95c0000 - 0x00007ffbd95d1000 	C:\WINDOWS\System32\kernel.appcore.dll
0x00007ffbd95e0000 - 0x00007ffbd95ff000 	C:\WINDOWS\System32\profapi.dll
0x00007ffbd9540000 - 0x00007ffbd958c000 	C:\WINDOWS\System32\powrprof.dll
0x00007ffbd95b0000 - 0x00007ffbd95ba000 	C:\WINDOWS\System32\FLTLIB.DLL
0x00007ffbbcdb0000 - 0x00007ffbbcdca000 	C:\Program Files\Java\jdk-10\bin\net.dll
0x00007ffbccaf0000 - 0x00007ffbccbcc000 	C:\WINDOWS\SYSTEM32\WINHTTP.dll
0x00007ffbd8dc0000 - 0x00007ffbd8e26000 	C:\WINDOWS\system32\mswsock.dll
0x00007ffbbbb90000 - 0x00007ffbbbba1000 	C:\Program Files\Java\jdk-10\bin\nio.dll
0x00007ffbd8f70000 - 0x00007ffbd8f87000 	C:\WINDOWS\SYSTEM32\CRYPTSP.dll
0x00007ffbd89a0000 - 0x00007ffbd89d3000 	C:\WINDOWS\system32\rsaenh.dll
0x00007ffbd90a0000 - 0x00007ffbd90c5000 	C:\WINDOWS\SYSTEM32\bcrypt.dll
0x00007ffbd9440000 - 0x00007ffbd9468000 	C:\WINDOWS\SYSTEM32\USERENV.dll
0x00007ffbd8f90000 - 0x00007ffbd8f9b000 	C:\WINDOWS\SYSTEM32\CRYPTBASE.dll
0x00007ffbd8b40000 - 0x00007ffbd8b78000 	C:\WINDOWS\SYSTEM32\IPHLPAPI.DLL
0x00007ffbdd110000 - 0x00007ffbdd118000 	C:\WINDOWS\System32\NSI.dll
0x00007ffbd2710000 - 0x00007ffbd2726000 	C:\WINDOWS\SYSTEM32\dhcpcsvc6.DLL
0x00007ffbd2f20000 - 0x00007ffbd2f3a000 	C:\WINDOWS\SYSTEM32\dhcpcsvc.DLL
0x00007ffbb5ac0000 - 0x00007ffbb5ae9000 	C:\Users\44750\.vscode\extensions\redhat.java-0.35.0\server\config_win\org.eclipse.equinox.launcher\org.eclipse.equinox.launcher.win32.win32.x86_64_1.1.900.v20180922-1751\eclipse_1801.dll

dbghelp: loaded successfully - version: 4.0.5 - missing functions: none
symbol engine: initialized successfully - sym options: 0x614 - pdb path: .;C:\Program Files\Java\jdk-10\bin;C:\WINDOWS\SYSTEM32;C:\WINDOWS\WinSxS\amd64_microsoft.windows.common-controls_6595b64144ccf1df_6.0.17134.407_none_fb449d63306391e9;C:\Program Files\Java\jdk-10\bin\server;C:\Users\44750\.vscode\extensions\redhat.java-0.35.0\server\config_win\org.eclipse.equinox.launcher\org.eclipse.equinox.launcher.win32.win32.x86_64_1.1.900.v20180922-1751

VM Arguments:
jvm_args: --add-modules=ALL-SYSTEM --add-opens=java.base/java.util=ALL-UNNAMED --add-opens=java.base/java.lang=ALL-UNNAMED -Declipse.application=org.eclipse.jdt.ls.core.id1 -Dosgi.bundles.defaultStartLevel=4 -Declipse.product=org.eclipse.jdt.ls.core.product -Xverify:none -Xmx1G -XX:+UseG1GC -XX:+UseStringDeduplication 
java_command: C:\Users\44750\.vscode\extensions\redhat.java-0.35.0\server\plugins\org.eclipse.equinox.launcher_1.5.200.v20180922-1751.jar -configuration C:\Users\44750\.vscode\extensions\redhat.java-0.35.0\server\config_win -data c:\Users\44750\AppData\Roaming\Code\User\workspaceStorage\b2fc367f3178c4b549c31dbe0e7af6a1\redhat.java\jdt_ws
java_class_path (initial): C:\Users\44750\.vscode\extensions\redhat.java-0.35.0\server\plugins\org.eclipse.equinox.launcher_1.5.200.v20180922-1751.jar
Launcher Type: SUN_STANDARD

Logging:
Log output configuration:
#0: stdout all=warning uptime,level,tags
#1: stderr all=off uptime,level,tags

Environment Variables:
JAVA_HOME=C:\Program Files\Java\jdk-10
PATH=C:\ProgramData\Oracle\Java\javapath;C:\Program Files (x86)\Intel\iCLS Client\;C:\Program Files\Intel\iCLS Client\;C:\Windows\system32;C:\Windows;C:\Windows\System32\Wbem;C:\Windows\System32\WindowsPowerShell\v1.0\;C:\Program Files\Intel\IntelSGXPSW\bin\x64\Release\;C:\Program Files\Intel\IntelSGXPSW\bin\win32\Release\;C:\Program Files (x86)\NVIDIA Corporation\PhysX\Common;C:\WINDOWS\system32;C:\WINDOWS;C:\WINDOWS\System32\Wbem;C:\WINDOWS\System32\WindowsPowerShell\v1.0\;C:\Program Files (x86)\Intel\Intel(R) Management Engine Components\DAL;C:\Program Files\Intel\Intel(R) Management Engine Components\DAL;C:\Program Files (x86)\Intel\Intel(R) Management Engine Components\IPT;C:\Program Files\Intel\Intel(R) Management Engine Components\IPT;C:\Program Files\Java\jdk-10\bin;C:\Program Files\Microsoft SQL Server\130\Tools\Binn\;C:\Program Files (x86)\Windows Kits\10\Windows Performance Toolkit\;C:\Program Files (x86)\MSBuild\14.0\Bin;C:\Program Files\dotnet\;C:\Program Files\Java\jdk-10\jre\bin;D:\Program Files\PuTTY\;D:\Program Files\WinSCP\;C:\WINDOWS\System32\OpenSSH\;C:\Program Files\Intel\WiFi\bin\;C:\Program Files\Common Files\Intel\WirelessCommon\;D:\Program Files\Microsoft VS Code\bin;D:\Program Files\Git\cmd;;d:\Program Files\Microsoft VS Code\bin;D:\Program Files\Python\Python37-32\Scripts\;D:\Program Files\Python\Python37-32\;C:\Users\44750\Desktop\p;C:\Users\44750\AppData\Local\Microsoft\WindowsApps;C:\Program Files (x86)\Android\android-sdk\platform-tools;C:\Program Files\Intel\WiFi\bin\;C:\Program Files\Common Files\Intel\WirelessCommon\;C:\Users\44750\AppData\Local\GitHubDesktop\bin
USERNAME=44750
OS=Windows_NT
PROCESSOR_IDENTIFIER=Intel64 Family 6 Model 78 Stepping 3, GenuineIntel



---------------  S Y S T E M  ---------------

OS: Windows 10 , 64 bit Build 17134 (10.0.17134.1)

CPU:total 4 (initial active 4) (2 cores per cpu, 2 threads per core) family 6 model 78 stepping 3, cmov, cx8, fxsr, mmx, sse, sse2, sse3, ssse3, sse4.1, sse4.2, popcnt, avx, avx2, aes, clmul, erms, 3dnowpref, lzcnt, ht, tsc, tscinvbit, bmi1, bmi2, adx, fma

Memory: 4k page, physical 8268192k(310112k free), swap 16656800k(4k free)

vm_info: Java HotSpot(TM) 64-Bit Server VM (10+46) for windows-amd64 JRE (10+46), built on Mar  8 2018 02:11:18 by "mach5one" with MS VC++ 12.0 (VS2013)

END.
