#
# There is insufficient memory for the Java Runtime Environment to continue.
# Native memory allocation (malloc) failed to allocate 1837296 bytes for Chunk::new
# Possible reasons:
#   The system is out of physical RAM or swap space
#   The process is running with CompressedOops enabled, and the Java Heap may be blocking the growth of the native heap
# Possible solutions:
#   Reduce memory load on the system
#   Increase physical memory or swap space
#   Check if swap backing store is full
#   Decrease Java heap size (-Xmx/-Xms)
#   Decrease number of Java threads
#   Decrease Java thread stack sizes (-Xss)
#   Set larger code cache with -XX:ReservedCodeCacheSize=
#   JVM is running with Unscaled Compressed Oops mode in which the Java heap is
#     placed in the first 4GB address space. The Java Heap base address is the
#     maximum limit for the native heap growth. Please use -XX:HeapBaseMinAddress
#     to set the Java Heap base and to place the Java Heap above 4GB virtual address.
# This output file may be truncated or incomplete.
#
#  Out of Memory Error (t:/workspace/open/src/hotspot/share/memory/arena.cpp:198), pid=9644, tid=23812
#
# JRE version: Java(TM) SE Runtime Environment (10.0+46) (build 10+46)
# Java VM: Java HotSpot(TM) 64-Bit Server VM (10+46, mixed mode, tiered, compressed oops, g1 gc, windows-amd64)
# No core dump will be written. Minidumps are not enabled by default on client versions of Windows
#

---------------  S U M M A R Y ------------

Command Line: --add-modules=ALL-SYSTEM --add-opens=java.base/java.util=ALL-UNNAMED --add-opens=java.base/java.lang=ALL-UNNAMED -Declipse.application=org.eclipse.jdt.ls.core.id1 -Dosgi.bundles.defaultStartLevel=4 -Declipse.product=org.eclipse.jdt.ls.core.product -Xverify:none -Xmx1G -XX:+UseG1GC -XX:+UseStringDeduplication C:\Users\44750\.vscode\extensions\redhat.java-0.35.0\server\plugins\org.eclipse.equinox.launcher_1.5.200.v20180922-1751.jar -configuration C:\Users\44750\.vscode\extensions\redhat.java-0.35.0\server\config_win -data c:\Users\44750\AppData\Roaming\Code\User\workspaceStorage\b2fc367f3178c4b549c31dbe0e7af6a1\redhat.java\jdt_ws

Host: Intel(R) Core(TM) i5-6200U CPU @ 2.30GHz, 4 cores, 7G,  Windows 10 , 64 bit Build 17134 (10.0.17134.1)
Time: Sun Dec 02 15:51:52 2018 ¨¬????¨®¡À¨º¡Á?¨º¡À?? elapsed time: 858 seconds (0d 0h 14m 18s)

---------------  T H R E A D  ---------------

Current thread (0x000002717fad2000):  JavaThread "C2 CompilerThread1" daemon [_thread_in_native, id=23812, stack(0x000000f566e00000,0x000000f566f00000)]


Current CompileTask:
C2: 858445 5220   !   4       org.eclipse.osgi.internal.loader.BundleLoader::findClassInternal (502 bytes)

Stack: [0x000000f566e00000,0x000000f566f00000]
Native frames: (J=compiled Java code, j=interpreted, Vv=VM code, C=native code)
V  [jvm.dll+0x59fbf9]
V  [jvm.dll+0x6bca11]
V  [jvm.dll+0x6bdc06]
V  [jvm.dll+0x6be293]
V  [jvm.dll+0x234ba8]
V  [jvm.dll+0xbb9cc]
V  [jvm.dll+0xbbedc]
V  [jvm.dll+0x34be01]
V  [jvm.dll+0x310f8a]
V  [jvm.dll+0x31051a]
V  [jvm.dll+0x1fffd1]
V  [jvm.dll+0x1ff256]
V  [jvm.dll+0x17caeb]
V  [jvm.dll+0x20ca3d]
V  [jvm.dll+0x20b806]
V  [jvm.dll+0x68b42f]
V  [jvm.dll+0x59ef10]
C  [msvcr120.dll+0x24f7f]
C  [msvcr120.dll+0x25126]
C  [KERNEL32.DLL+0x13034]
C  [ntdll.dll+0x71471]


---------------  P R O C E S S  ---------------

Threads class SMR info:
_java_thread_list=0x00000271147faac0, length=23, elements={
0x000002716d0d1000, 0x000002717f1d7000, 0x000002717f1e2000, 0x000002717f250800,
0x000002717f253800, 0x000002717fac8800, 0x000002717fad2000, 0x000002717f25b800,
0x000002717f25c800, 0x000002717f177000, 0x000002717fe5a800, 0x000002710f0c4800,
0x000002710f292800, 0x000002710f293000, 0x000002710f4df800, 0x000002710f6c1800,
0x000002710f299800, 0x00000271120e6000, 0x00000271120e1000, 0x0000027114cb2800,
0x0000027114cb9000, 0x0000027114cb5000, 0x0000027114cb5800
}

Java Threads: ( => current thread )
  0x000002716d0d1000 JavaThread "main" [_thread_blocked, id=5092, stack(0x000000f565b00000,0x000000f565c00000)]
  0x000002717f1d7000 JavaThread "Reference Handler" daemon [_thread_blocked, id=11240, stack(0x000000f566900000,0x000000f566a00000)]
  0x000002717f1e2000 JavaThread "Finalizer" daemon [_thread_blocked, id=22876, stack(0x000000f566a00000,0x000000f566b00000)]
  0x000002717f250800 JavaThread "Signal Dispatcher" daemon [_thread_blocked, id=14596, stack(0x000000f566b00000,0x000000f566c00000)]
  0x000002717f253800 JavaThread "Attach Listener" daemon [_thread_blocked, id=11912, stack(0x000000f566c00000,0x000000f566d00000)]
  0x000002717fac8800 JavaThread "C2 CompilerThread0" daemon [_thread_blocked, id=308, stack(0x000000f566d00000,0x000000f566e00000)]
=>0x000002717fad2000 JavaThread "C2 CompilerThread1" daemon [_thread_in_native, id=23812, stack(0x000000f566e00000,0x000000f566f00000)]
  0x000002717f25b800 JavaThread "C1 CompilerThread2" daemon [_thread_blocked, id=24596, stack(0x000000f566f00000,0x000000f567000000)]
  0x000002717f25c800 JavaThread "Sweeper thread" daemon [_thread_blocked, id=27528, stack(0x000000f567000000,0x000000f567100000)]
  0x000002717f177000 JavaThread "Common-Cleaner" daemon [_thread_blocked, id=27444, stack(0x000000f567100000,0x000000f567200000)]
  0x000002717fe5a800 JavaThread "Service Thread" daemon [_thread_blocked, id=4224, stack(0x000000f567200000,0x000000f567300000)]
  0x000002710f0c4800 JavaThread "Active Thread: Equinox Container: 04d60db4-bf1b-44a5-b76f-9c8bdc96fb71" [_thread_blocked, id=26248, stack(0x000000f567400000,0x000000f567500000)]
  0x000002710f292800 JavaThread "Framework Event Dispatcher: Equinox Container: 04d60db4-bf1b-44a5-b76f-9c8bdc96fb71" daemon [_thread_blocked, id=22680, stack(0x000000f567500000,0x000000f567600000)]
  0x000002710f293000 JavaThread "Start Level: Equinox Container: 04d60db4-bf1b-44a5-b76f-9c8bdc96fb71" daemon [_thread_blocked, id=15112, stack(0x000000f567600000,0x000000f567700000)]
  0x000002710f4df800 JavaThread "Worker-JM" [_thread_blocked, id=27848, stack(0x000000f567700000,0x000000f567800000)]
  0x000002710f6c1800 JavaThread "Worker-0" [_thread_blocked, id=23844, stack(0x000000f567800000,0x000000f567900000)]
  0x000002710f299800 JavaThread "Java indexing" daemon [_thread_blocked, id=23560, stack(0x000000f567a00000,0x000000f567b00000)]
  0x00000271120e6000 JavaThread "pool-2-thread-1" [_thread_blocked, id=2684, stack(0x000000f567b00000,0x000000f567c00000)]
  0x00000271120e1000 JavaThread "pool-1-thread-1" [_thread_in_native, id=28208, stack(0x000000f567c00000,0x000000f567d00000)]
  0x0000027114cb2800 JavaThread "Worker-3" [_thread_blocked, id=19556, stack(0x000000f567e00000,0x000000f567f00000)]
  0x0000027114cb9000 JavaThread "Bundle File Closer" daemon [_thread_blocked, id=26280, stack(0x000000f567f00000,0x000000f568000000)]
  0x0000027114cb5000 JavaThread "ForkJoinPool.commonPool-worker-1" daemon [_thread_blocked, id=26412, stack(0x000000f568000000,0x000000f568100000)]
  0x0000027114cb5800 JavaThread "Framework stop" [_thread_blocked, id=16380, stack(0x000000f565700000,0x000000f565800000)]

Other Threads:
  0x000002717f1d5000 VMThread "VM Thread" [stack: 0x000000f566800000,0x000000f566900000] [id=13220]
  0x000002717febd800 WatcherThread [stack: 0x000000f567300000,0x000000f567400000] [id=10140]
  0x000002716d0ee800 GCTaskThread "GC Thread#0" [stack: 0x000000f565c00000,0x000000f565d00000] [id=6440]
  0x000002716d0f0000 GCTaskThread "GC Thread#1" [stack: 0x000000f565d00000,0x000000f565e00000] [id=20512]
  0x000002716d0f2800 GCTaskThread "GC Thread#2" [stack: 0x000000f565e00000,0x000000f565f00000] [id=12088]
  0x000002716d0f7000 GCTaskThread "GC Thread#3" [stack: 0x000000f565f00000,0x000000f566000000] [id=22744]
  0x000002716d137000 ConcurrentGCThread "G1 Main Marker" [stack: 0x000000f566000000,0x000000f566100000] [id=28172]
  0x000002716d13a000 ConcurrentGCThread "G1 Conc#0" [stack: 0x000000f566100000,0x000000f566200000] [id=25836]
  0x000002717f070800 ConcurrentGCThread "G1 Refine#0" [stack: 0x000000f566200000,0x000000f566300000] [id=22124]
  0x000002717f071800 ConcurrentGCThread "G1 Refine#1" [stack: 0x000000f566300000,0x000000f566400000] [id=26992]
  0x000002716d1a7000 ConcurrentGCThread "G1 Refine#2" [stack: 0x000000f566400000,0x000000f566500000] [id=20808]
  0x000002716d1a9000 ConcurrentGCThread "G1 Refine#3" [stack: 0x000000f566500000,0x000000f566600000] [id=24216]
  0x000002717f072800 ConcurrentGCThread "G1 Young RemSet Sampling" [stack: 0x000000f566600000,0x000000f566700000] [id=27728]
  0x000002717f077000 ConcurrentGCThread "G1 StrDedup" [stack: 0x000000f566700000,0x000000f566800000] [id=13464]

Threads with active compile tasks:
C2 CompilerThread15220   !   4       org.eclipse.osgi.internal.loader.BundleLoader::findClassInternal (502 bytes)

VM state:not at safepoint (normal execution)

VM Mutex/Monitor currently owned by a thread: None

Heap address: 0x00000000c0000000, size: 1024 MB, Compressed Oops mode: 32-bit
Narrow klass base: 0x0000000000000000, Narrow klass shift: 3
Compressed class space size: 1073741824 Address: 0x0000000100000000

Heap:
 garbage-first heap   total 131072K, used 83901K [0x00000000c0000000, 0x0000000100000000)
  region size 1024K, 45 young (46080K), 7 survivors (7168K)
 Metaspace       used 45896K, capacity 48211K, committed 48284K, reserved 1091584K
  class space    used 4474K, capacity 5242K, committed 5276K, reserved 1048576K
Heap Regions: E=young(eden), S=young(survivor), O=old, HS=humongous(starts), HC=humongous(continues), CS=collection set, F=free, A=archive, TS=gc time stamp, AC=allocation context, TAMS=top-at-mark-start (previous, next)
|   0|0x00000000c0000000, 0x00000000c0100000, 0x00000000c0100000|100%| O|  |TS  0|AC  0|TAMS 0x00000000c0100000, 0x00000000c0100000|
|   1|0x00000000c0100000, 0x00000000c0200000, 0x00000000c0200000|100%| O|  |TS  0|AC  0|TAMS 0x00000000c0200000, 0x00000000c0200000|
|   2|0x00000000c0200000, 0x00000000c0300000, 0x00000000c0300000|100%| O|  |TS  0|AC  0|TAMS 0x00000000c0300000, 0x00000000c0300000|
|   3|0x00000000c0300000, 0x00000000c0400000, 0x00000000c0400000|100%| O|  |TS  0|AC  0|TAMS 0x00000000c0400000, 0x00000000c0400000|
|   4|0x00000000c0400000, 0x00000000c0500000, 0x00000000c0500000|100%| O|  |TS  0|AC  0|TAMS 0x00000000c0500000, 0x00000000c0500000|
|   5|0x00000000c0500000, 0x00000000c0600000, 0x00000000c0600000|100%| O|  |TS  0|AC  0|TAMS 0x00000000c0600000, 0x00000000c0600000|
|   6|0x00000000c0600000, 0x00000000c0700000, 0x00000000c0700000|100%| O|  |TS  0|AC  0|TAMS 0x00000000c0700000, 0x00000000c0700000|
|   7|0x00000000c0700000, 0x00000000c0800000, 0x00000000c0800000|100%| O|  |TS  1|AC  0|TAMS 0x00000000c072de00, 0x00000000c072de00|
|   8|0x00000000c0800000, 0x00000000c0900000, 0x00000000c0900000|100%| O|  |TS  1|AC  0|TAMS 0x00000000c0800000, 0x00000000c0800000|
|   9|0x00000000c0900000, 0x00000000c0a00000, 0x00000000c0a00000|100%| O|  |TS  1|AC  0|TAMS 0x00000000c0900000, 0x00000000c0900000|
|  10|0x00000000c0a00000, 0x00000000c0b00000, 0x00000000c0b00000|100%| O|  |TS  1|AC  0|TAMS 0x00000000c0a00000, 0x00000000c0a00000|
|  11|0x00000000c0b00000, 0x00000000c0c00000, 0x00000000c0c00000|100%| O|  |TS  2|AC  0|TAMS 0x00000000c0b00000, 0x00000000c0b00000|
|  12|0x00000000c0c00000, 0x00000000c0d00000, 0x00000000c0d00000|100%| O|  |TS  2|AC  0|TAMS 0x00000000c0c00000, 0x00000000c0c00000|
|  13|0x00000000c0d00000, 0x00000000c0e00000, 0x00000000c0e00000|100%| O|  |TS  2|AC  0|TAMS 0x00000000c0d00000, 0x00000000c0d00000|
|  14|0x00000000c0e00000, 0x00000000c0f00000, 0x00000000c0f00000|100%| O|  |TS  2|AC  0|TAMS 0x00000000c0e00000, 0x00000000c0e00000|
|  15|0x00000000c0f00000, 0x00000000c1000000, 0x00000000c1000000|100%| O|  |TS  2|AC  0|TAMS 0x00000000c0f00000, 0x00000000c0f00000|
|  16|0x00000000c1000000, 0x00000000c1100000, 0x00000000c1100000|100%| O|  |TS  2|AC  0|TAMS 0x00000000c1000000, 0x00000000c1000000|
|  17|0x00000000c1100000, 0x00000000c1200000, 0x00000000c1200000|100%| O|  |TS  2|AC  0|TAMS 0x00000000c1100000, 0x00000000c1100000|
|  18|0x00000000c1200000, 0x00000000c1300000, 0x00000000c1300000|100%| O|  |TS  2|AC  0|TAMS 0x00000000c1200000, 0x00000000c1200000|
|  19|0x00000000c1300000, 0x00000000c1400000, 0x00000000c1400000|100%| O|  |TS  2|AC  0|TAMS 0x00000000c1300000, 0x00000000c1300000|
|  20|0x00000000c1400000, 0x00000000c1500000, 0x00000000c1500000|100%| O|  |TS  3|AC  0|TAMS 0x00000000c1400000, 0x00000000c1400000|
|  21|0x00000000c1500000, 0x00000000c1600000, 0x00000000c1600000|100%|HS|  |TS  0|AC  0|TAMS 0x00000000c1500000, 0x00000000c1500000|
|  22|0x00000000c1600000, 0x00000000c1700000, 0x00000000c1700000|100%| O|  |TS  3|AC  0|TAMS 0x00000000c1600000, 0x00000000c1600000|
|  23|0x00000000c1700000, 0x00000000c1800000, 0x00000000c1800000|100%| O|  |TS  3|AC  0|TAMS 0x00000000c1700000, 0x00000000c1700000|
|  24|0x00000000c1800000, 0x00000000c1900000, 0x00000000c1900000|100%| O|  |TS  3|AC  0|TAMS 0x00000000c1800000, 0x00000000c1800000|
|  25|0x00000000c1900000, 0x00000000c1a00000, 0x00000000c1a00000|100%| O|  |TS  3|AC  0|TAMS 0x00000000c1900000, 0x00000000c1900000|
|  26|0x00000000c1a00000, 0x00000000c1b00000, 0x00000000c1b00000|100%| O|  |TS  4|AC  0|TAMS 0x00000000c1a00000, 0x00000000c1a00000|
|  27|0x00000000c1b00000, 0x00000000c1c00000, 0x00000000c1c00000|100%| O|  |TS  4|AC  0|TAMS 0x00000000c1b00000, 0x00000000c1b00000|
|  28|0x00000000c1c00000, 0x00000000c1d00000, 0x00000000c1d00000|100%| O|  |TS  4|AC  0|TAMS 0x00000000c1c00000, 0x00000000c1c00000|
|  29|0x00000000c1d00000, 0x00000000c1e00000, 0x00000000c1e00000|100%| O|  |TS  4|AC  0|TAMS 0x00000000c1d00000, 0x00000000c1d00000|
|  30|0x00000000c1e00000, 0x00000000c1f00000, 0x00000000c1f00000|100%| O|  |TS  4|AC  0|TAMS 0x00000000c1e00000, 0x00000000c1e00000|
|  31|0x00000000c1f00000, 0x00000000c2000000, 0x00000000c2000000|100%| O|  |TS  5|AC  0|TAMS 0x00000000c1f00000, 0x00000000c1f00000|
|  32|0x00000000c2000000, 0x00000000c2100000, 0x00000000c2100000|100%|HS|  |TS  0|AC  0|TAMS 0x00000000c2000000, 0x00000000c2000000|
|  33|0x00000000c2100000, 0x00000000c2200000, 0x00000000c2200000|100%|HS|  |TS  0|AC  0|TAMS 0x00000000c2100000, 0x00000000c2100000|
|  34|0x00000000c2200000, 0x00000000c2300000, 0x00000000c2300000|100%| O|  |TS  5|AC  0|TAMS 0x00000000c2200000, 0x00000000c2200000|
|  35|0x00000000c2300000, 0x00000000c2400000, 0x00000000c2400000|100%| O|  |TS  5|AC  0|TAMS 0x00000000c2300000, 0x00000000c2300000|
|  36|0x00000000c2400000, 0x00000000c2500000, 0x00000000c2500000|100%| O|  |TS  5|AC  0|TAMS 0x00000000c2400000, 0x00000000c2400000|
|  37|0x00000000c2500000, 0x00000000c2600000, 0x00000000c2600000|100%| O|  |TS  5|AC  0|TAMS 0x00000000c2500000, 0x00000000c2500000|
|  38|0x00000000c2600000, 0x00000000c2600000, 0x00000000c2700000|  0%| F|  |TS  0|AC  0|TAMS 0x00000000c2600000, 0x00000000c2600000|
|  39|0x00000000c2700000, 0x00000000c2700000, 0x00000000c2800000|  0%| F|  |TS  0|AC  0|TAMS 0x00000000c2700000, 0x00000000c2700000|
|  40|0x00000000c2800000, 0x00000000c2800000, 0x00000000c2900000|  0%| F|  |TS  0|AC  0|TAMS 0x00000000c2800000, 0x00000000c2800000|
|  41|0x00000000c2900000, 0x00000000c2900000, 0x00000000c2a00000|  0%| F|  |TS  0|AC  0|TAMS 0x00000000c2900000, 0x00000000c2900000|
|  42|0x00000000c2a00000, 0x00000000c2a00000, 0x00000000c2b00000|  0%| F|  |TS  0|AC  0|TAMS 0x00000000c2a00000, 0x00000000c2a00000|
|  43|0x00000000c2b00000, 0x00000000c2b00000, 0x00000000c2c00000|  0%| F|  |TS  0|AC  0|TAMS 0x00000000c2b00000, 0x00000000c2b00000|
|  44|0x00000000c2c00000, 0x00000000c2c00000, 0x00000000c2d00000|  0%| F|  |TS  0|AC  0|TAMS 0x00000000c2c00000, 0x00000000c2c00000|
|  45|0x00000000c2d00000, 0x00000000c2d00000, 0x00000000c2e00000|  0%| F|  |TS  0|AC  0|TAMS 0x00000000c2d00000, 0x00000000c2d00000|
|  46|0x00000000c2e00000, 0x00000000c2e00000, 0x00000000c2f00000|  0%| F|  |TS  0|AC  0|TAMS 0x00000000c2e00000, 0x00000000c2e00000|
|  47|0x00000000c2f00000, 0x00000000c2f00000, 0x00000000c3000000|  0%| F|  |TS  0|AC  0|TAMS 0x00000000c2f00000, 0x00000000c2f00000|
|  48|0x00000000c3000000, 0x00000000c3000000, 0x00000000c3100000|  0%| F|  |TS  0|AC  0|TAMS 0x00000000c3000000, 0x00000000c3000000|
|  49|0x00000000c3100000, 0x00000000c3100000, 0x00000000c3200000|  0%| F|  |TS  0|AC  0|TAMS 0x00000000c3100000, 0x00000000c3100000|
|  50|0x00000000c3200000, 0x00000000c3200000, 0x00000000c3300000|  0%| F|  |TS  0|AC  0|TAMS 0x00000000c3200000, 0x00000000c3200000|
|  51|0x00000000c3300000, 0x00000000c3300000, 0x00000000c3400000|  0%| F|  |TS  0|AC  0|TAMS 0x00000000c3300000, 0x00000000c3300000|
|  52|0x00000000c3400000, 0x00000000c3400000, 0x00000000c3500000|  0%| F|  |TS  0|AC  0|TAMS 0x00000000c3400000, 0x00000000c3400000|
|  53|0x00000000c3500000, 0x00000000c3500000, 0x00000000c3600000|  0%| F|  |TS  0|AC  0|TAMS 0x00000000c3500000, 0x00000000c3500000|
|  54|0x00000000c3600000, 0x00000000c3600000, 0x00000000c3700000|  0%| F|  |TS  2|AC  0|TAMS 0x00000000c3600000, 0x00000000c3600000|
|  55|0x00000000c3700000, 0x00000000c3700000, 0x00000000c3800000|  0%| F|  |TS  2|AC  0|TAMS 0x00000000c3700000, 0x00000000c3700000|
|  56|0x00000000c3800000, 0x00000000c3800000, 0x00000000c3900000|  0%| F|  |TS  4|AC  0|TAMS 0x00000000c3800000, 0x00000000c3800000|
|  57|0x00000000c3900000, 0x00000000c39ef600, 0x00000000c3a00000| 93%| S|CS|TS  5|AC  0|TAMS 0x00000000c3900000, 0x00000000c3900000|
|  58|0x00000000c3a00000, 0x00000000c3b00000, 0x00000000c3b00000|100%| S|CS|TS  5|AC  0|TAMS 0x00000000c3a00000, 0x00000000c3a00000|
|  59|0x00000000c3b00000, 0x00000000c3c00000, 0x00000000c3c00000|100%| S|CS|TS  5|AC  0|TAMS 0x00000000c3b00000, 0x00000000c3b00000|
|  60|0x00000000c3c00000, 0x00000000c3d00000, 0x00000000c3d00000|100%| S|CS|TS  5|AC  0|TAMS 0x00000000c3c00000, 0x00000000c3c00000|
|  61|0x00000000c3d00000, 0x00000000c3e00000, 0x00000000c3e00000|100%| S|CS|TS  5|AC  0|TAMS 0x00000000c3d00000, 0x00000000c3d00000|
|  62|0x00000000c3e00000, 0x00000000c3f00000, 0x00000000c3f00000|100%| S|CS|TS  5|AC  0|TAMS 0x00000000c3e00000, 0x00000000c3e00000|
|  63|0x00000000c3f00000, 0x00000000c3f00000, 0x00000000c4000000|  0%| F|  |TS  5|AC  0|TAMS 0x00000000c3f00000, 0x00000000c3f00000|
|  64|0x00000000c4000000, 0x00000000c4000000, 0x00000000c4100000|  0%| F|  |TS  5|AC  0|TAMS 0x00000000c4000000, 0x00000000c4000000|
|  65|0x00000000c4100000, 0x00000000c4100000, 0x00000000c4200000|  0%| F|  |TS  5|AC  0|TAMS 0x00000000c4100000, 0x00000000c4100000|
|  66|0x00000000c4200000, 0x00000000c4200000, 0x00000000c4300000|  0%| F|  |TS  5|AC  0|TAMS 0x00000000c4200000, 0x00000000c4200000|
|  67|0x00000000c4300000, 0x00000000c4300000, 0x00000000c4400000|  0%| F|  |TS  5|AC  0|TAMS 0x00000000c4300000, 0x00000000c4300000|
|  68|0x00000000c4400000, 0x00000000c4500000, 0x00000000c4500000|100%| S|CS|TS  5|AC  0|TAMS 0x00000000c4400000, 0x00000000c4400000|
|  69|0x00000000c4500000, 0x00000000c4500000, 0x00000000c4600000|  0%| F|  |TS  5|AC  0|TAMS 0x00000000c4500000, 0x00000000c4500000|
|  70|0x00000000c4600000, 0x00000000c4600000, 0x00000000c4700000|  0%| F|  |TS  5|AC  0|TAMS 0x00000000c4600000, 0x00000000c4600000|
|  71|0x00000000c4700000, 0x00000000c4700000, 0x00000000c4800000|  0%| F|  |TS  5|AC  0|TAMS 0x00000000c4700000, 0x00000000c4700000|
|  72|0x00000000c4800000, 0x00000000c4800000, 0x00000000c4900000|  0%| F|  |TS  5|AC  0|TAMS 0x00000000c4800000, 0x00000000c4800000|
|  73|0x00000000c4900000, 0x00000000c4900000, 0x00000000c4a00000|  0%| F|  |TS  5|AC  0|TAMS 0x00000000c4900000, 0x00000000c4900000|
|  74|0x00000000c4a00000, 0x00000000c4a00000, 0x00000000c4b00000|  0%| F|  |TS  5|AC  0|TAMS 0x00000000c4a00000, 0x00000000c4a00000|
|  75|0x00000000c4b00000, 0x00000000c4b00000, 0x00000000c4c00000|  0%| F|  |TS  5|AC  0|TAMS 0x00000000c4b00000, 0x00000000c4b00000|
|  76|0x00000000c4c00000, 0x00000000c4c00000, 0x00000000c4d00000|  0%| F|  |TS  5|AC  0|TAMS 0x00000000c4c00000, 0x00000000c4c00000|
|  77|0x00000000c4d00000, 0x00000000c4d00000, 0x00000000c4e00000|  0%| F|  |TS  5|AC  0|TAMS 0x00000000c4d00000, 0x00000000c4d00000|
|  78|0x00000000c4e00000, 0x00000000c4e00000, 0x00000000c4f00000|  0%| F|  |TS  5|AC  0|TAMS 0x00000000c4e00000, 0x00000000c4e00000|
|  79|0x00000000c4f00000, 0x00000000c4f00000, 0x00000000c5000000|  0%| F|  |TS  5|AC  0|TAMS 0x00000000c4f00000, 0x00000000c4f00000|
|  80|0x00000000c5000000, 0x00000000c5000000, 0x00000000c5100000|  0%| F|  |TS  5|AC  0|TAMS 0x00000000c5000000, 0x00000000c5000000|
|  81|0x00000000c5100000, 0x00000000c5100000, 0x00000000c5200000|  0%| F|  |TS  5|AC  0|TAMS 0x00000000c5100000, 0x00000000c5100000|
|  82|0x00000000c5200000, 0x00000000c5200000, 0x00000000c5300000|  0%| F|  |TS  5|AC  0|TAMS 0x00000000c5200000, 0x00000000c5200000|
|  83|0x00000000c5300000, 0x00000000c5300000, 0x00000000c5400000|  0%| F|  |TS  5|AC  0|TAMS 0x00000000c5300000, 0x00000000c5300000|
|  84|0x00000000c5400000, 0x00000000c5400000, 0x00000000c5500000|  0%| F|  |TS  5|AC  0|TAMS 0x00000000c5400000, 0x00000000c5400000|
|  85|0x00000000c5500000, 0x00000000c5500000, 0x00000000c5600000|  0%| F|  |TS  5|AC  0|TAMS 0x00000000c5500000, 0x00000000c5500000|
|  86|0x00000000c5600000, 0x00000000c5600000, 0x00000000c5700000|  0%| F|  |TS  5|AC  0|TAMS 0x00000000c5600000, 0x00000000c5600000|
|  87|0x00000000c5700000, 0x00000000c5700000, 0x00000000c5800000|  0%| F|  |TS  5|AC  0|TAMS 0x00000000c5700000, 0x00000000c5700000|
|  88|0x00000000c5800000, 0x00000000c5800000, 0x00000000c5900000|  0%| F|  |TS  5|AC  0|TAMS 0x00000000c5800000, 0x00000000c5800000|
|  89|0x00000000c5900000, 0x00000000c5900000, 0x00000000c5a00000|  0%| F|  |TS  5|AC  0|TAMS 0x00000000c5900000, 0x00000000c5900000|
|  90|0x00000000c5a00000, 0x00000000c5b00000, 0x00000000c5b00000|100%| E|  |TS  5|AC  0|TAMS 0x00000000c5a00000, 0x00000000c5a00000|
|  91|0x00000000c5b00000, 0x00000000c5c00000, 0x00000000c5c00000|100%| E|CS|TS  5|AC  0|TAMS 0x00000000c5b00000, 0x00000000c5b00000|
|  92|0x00000000c5c00000, 0x00000000c5d00000, 0x00000000c5d00000|100%| E|CS|TS  5|AC  0|TAMS 0x00000000c5c00000, 0x00000000c5c00000|
|  93|0x00000000c5d00000, 0x00000000c5e00000, 0x00000000c5e00000|100%| E|CS|TS  5|AC  0|TAMS 0x00000000c5d00000, 0x00000000c5d00000|
|  94|0x00000000c5e00000, 0x00000000c5f00000, 0x00000000c5f00000|100%| E|CS|TS  5|AC  0|TAMS 0x00000000c5e00000, 0x00000000c5e00000|
|  95|0x00000000c5f00000, 0x00000000c6000000, 0x00000000c6000000|100%| E|CS|TS  5|AC  0|TAMS 0x00000000c5f00000, 0x00000000c5f00000|
|  96|0x00000000c6000000, 0x00000000c6100000, 0x00000000c6100000|100%| E|CS|TS  5|AC  0|TAMS 0x00000000c6000000, 0x00000000c6000000|
|  97|0x00000000c6100000, 0x00000000c6200000, 0x00000000c6200000|100%| E|CS|TS  5|AC  0|TAMS 0x00000000c6100000, 0x00000000c6100000|
|  98|0x00000000c6200000, 0x00000000c6300000, 0x00000000c6300000|100%| E|CS|TS  5|AC  0|TAMS 0x00000000c6200000, 0x00000000c6200000|
|  99|0x00000000c6300000, 0x00000000c6400000, 0x00000000c6400000|100%| E|CS|TS  5|AC  0|TAMS 0x00000000c6300000, 0x00000000c6300000|
| 100|0x00000000c6400000, 0x00000000c6500000, 0x00000000c6500000|100%| E|CS|TS  5|AC  0|TAMS 0x00000000c6400000, 0x00000000c6400000|
| 101|0x00000000c6500000, 0x00000000c6600000, 0x00000000c6600000|100%| E|CS|TS  5|AC  0|TAMS 0x00000000c6500000, 0x00000000c6500000|
| 102|0x00000000c6600000, 0x00000000c6700000, 0x00000000c6700000|100%| E|CS|TS  5|AC  0|TAMS 0x00000000c6600000, 0x00000000c6600000|
| 103|0x00000000c6700000, 0x00000000c6800000, 0x00000000c6800000|100%| E|CS|TS  5|AC  0|TAMS 0x00000000c6700000, 0x00000000c6700000|
| 104|0x00000000c6800000, 0x00000000c6900000, 0x00000000c6900000|100%| E|CS|TS  5|AC  0|TAMS 0x00000000c6800000, 0x00000000c6800000|
| 105|0x00000000c6900000, 0x00000000c6a00000, 0x00000000c6a00000|100%| E|CS|TS  5|AC  0|TAMS 0x00000000c6900000, 0x00000000c6900000|
| 106|0x00000000c6a00000, 0x00000000c6b00000, 0x00000000c6b00000|100%| E|CS|TS  5|AC  0|TAMS 0x00000000c6a00000, 0x00000000c6a00000|
| 107|0x00000000c6b00000, 0x00000000c6c00000, 0x00000000c6c00000|100%| E|CS|TS  5|AC  0|TAMS 0x00000000c6b00000, 0x00000000c6b00000|
| 108|0x00000000c6c00000, 0x00000000c6d00000, 0x00000000c6d00000|100%| E|CS|TS  5|AC  0|TAMS 0x00000000c6c00000, 0x00000000c6c00000|
| 109|0x00000000c6d00000, 0x00000000c6e00000, 0x00000000c6e00000|100%| E|CS|TS  5|AC  0|TAMS 0x00000000c6d00000, 0x00000000c6d00000|
| 110|0x00000000c6e00000, 0x00000000c6f00000, 0x00000000c6f00000|100%| E|CS|TS  5|AC  0|TAMS 0x00000000c6e00000, 0x00000000c6e00000|
| 111|0x00000000c6f00000, 0x00000000c7000000, 0x00000000c7000000|100%| E|CS|TS  5|AC  0|TAMS 0x00000000c6f00000, 0x00000000c6f00000|
| 112|0x00000000c7000000, 0x00000000c7100000, 0x00000000c7100000|100%| E|CS|TS  5|AC  0|TAMS 0x00000000c7000000, 0x00000000c7000000|
| 113|0x00000000c7100000, 0x00000000c7200000, 0x00000000c7200000|100%| E|CS|TS  5|AC  0|TAMS 0x00000000c7100000, 0x00000000c7100000|
| 114|0x00000000c7200000, 0x00000000c7300000, 0x00000000c7300000|100%| E|CS|TS  5|AC  0|TAMS 0x00000000c7200000, 0x00000000c7200000|
| 115|0x00000000c7300000, 0x00000000c7400000, 0x00000000c7400000|100%| E|CS|TS  5|AC  0|TAMS 0x00000000c7300000, 0x00000000c7300000|
| 116|0x00000000c7400000, 0x00000000c7500000, 0x00000000c7500000|100%| E|CS|TS  5|AC  0|TAMS 0x00000000c7400000, 0x00000000c7400000|
| 117|0x00000000c7500000, 0x00000000c7600000, 0x00000000c7600000|100%| E|CS|TS  5|AC  0|TAMS 0x00000000c7500000, 0x00000000c7500000|
| 118|0x00000000c7600000, 0x00000000c7700000, 0x00000000c7700000|100%| E|CS|TS  5|AC  0|TAMS 0x00000000c7600000, 0x00000000c7600000|
| 119|0x00000000c7700000, 0x00000000c7800000, 0x00000000c7800000|100%| E|CS|TS  5|AC  0|TAMS 0x00000000c7700000, 0x00000000c7700000|
| 120|0x00000000c7800000, 0x00000000c7900000, 0x00000000c7900000|100%| E|CS|TS  5|AC  0|TAMS 0x00000000c7800000, 0x00000000c7800000|
| 121|0x00000000c7900000, 0x00000000c7a00000, 0x00000000c7a00000|100%| E|CS|TS  5|AC  0|TAMS 0x00000000c7900000, 0x00000000c7900000|
| 122|0x00000000c7a00000, 0x00000000c7b00000, 0x00000000c7b00000|100%| E|CS|TS  5|AC  0|TAMS 0x00000000c7a00000, 0x00000000c7a00000|
| 123|0x00000000c7b00000, 0x00000000c7c00000, 0x00000000c7c00000|100%| E|CS|TS  5|AC  0|TAMS 0x00000000c7b00000, 0x00000000c7b00000|
| 124|0x00000000c7c00000, 0x00000000c7d00000, 0x00000000c7d00000|100%| E|CS|TS  5|AC  0|TAMS 0x00000000c7c00000, 0x00000000c7c00000|
| 125|0x00000000c7d00000, 0x00000000c7e00000, 0x00000000c7e00000|100%| E|CS|TS  5|AC  0|TAMS 0x00000000c7d00000, 0x00000000c7d00000|
| 126|0x00000000c7e00000, 0x00000000c7f00000, 0x00000000c7f00000|100%| E|CS|TS  5|AC  0|TAMS 0x00000000c7e00000, 0x00000000c7e00000|
| 127|0x00000000c7f00000, 0x00000000c8000000, 0x00000000c8000000|100%| E|CS|TS  5|AC  0|TAMS 0x00000000c7f00000, 0x00000000c7f00000|

Card table byte_map: [0x000002717a7e0000,0x000002717a9e0000] byte_map_base: 0x000002717a1e0000

Marking Bits (Prev, Next): (CMBitMap*) 0x000002716d1363f0, (CMBitMap*) 0x000002716d136428
 Prev Bits: [0x000002717abe0000, 0x000002717bbe0000)
 Next Bits: [0x000002717bbe0000, 0x000002717cbe0000)

Polling page: 0x000002716cea0000

CodeHeap 'non-profiled nmethods': size=120064Kb used=2701Kb max_used=2701Kb free=117362Kb
 bounds [0x0000027107ac0000, 0x0000027107d70000, 0x000002710f000000]
CodeHeap 'profiled nmethods': size=120000Kb used=9895Kb max_used=9905Kb free=110104Kb
 bounds [0x0000027100590000, 0x0000027100f50000, 0x0000027107ac0000]
CodeHeap 'non-nmethods': size=5696Kb used=1217Kb max_used=1255Kb free=4478Kb
 bounds [0x0000027100000000, 0x0000027100270000, 0x0000027100590000]
 total_blobs=6943 nmethods=4707 adapters=500
 compilation: enabled

Compilation events (10 events):
Event: 858.120 Thread 0x000002717f25b800 5237   !   3       org.eclipse.osgi.storage.BundleInfo$Generation::getDomain (86 bytes)
Event: 858.121 Thread 0x000002717f25b800 nmethod 5237 0x00000271006b1e10 code [0x00000271006b2040, 0x00000271006b2870]
Event: 858.121 Thread 0x000002717f25b800 5238       3       org.eclipse.osgi.framework.eventmgr.ListenerQueue::<init> (38 bytes)
Event: 858.121 Thread 0x000002717fac8800 5240       4       org.eclipse.osgi.framework.eventmgr.CopyOnWriteIdentityMap$Snapshot$SnapshotIterator::nextEntry (58 bytes)
Event: 858.121 Thread 0x000002717f25b800 nmethod 5238 0x00000271006b1590 code [0x00000271006b1780, 0x00000271006b1c90]
Event: 858.121 Thread 0x000002717f25b800 5239   !   3       org.eclipse.osgi.internal.framework.EquinoxEventPublisher::newListenerQueue (24 bytes)
Event: 858.122 Thread 0x000002717f25b800 nmethod 5239 0x00000271006b0e90 code [0x00000271006b1060, 0x00000271006b13f0]
Event: 858.123 Thread 0x000002717fac8800 nmethod 5240 0x0000027107d62d90 code [0x0000027107d62f20, 0x0000027107d63018]
Event: 858.123 Thread 0x000002717fac8800 5241       4       org.eclipse.osgi.framework.eventmgr.CopyOnWriteIdentityMap$Snapshot$EntryIterator::next (5 bytes)
Event: 858.124 Thread 0x000002717fac8800 nmethod 5241 0x0000027107d63190 code [0x0000027107d63320, 0x0000027107d63418]

GC Heap History (10 events):
Event: 6.370 GC heap before
{Heap before GC invocations=7 (full 0):
 garbage-first heap   total 131072K, used 73911K [0x00000000c0000000, 0x0000000100000000)
  region size 1024K, 65 young (66560K), 9 survivors (9216K)
 Metaspace       used 40759K, capacity 42925K, committed 43164K, reserved 1087488K
  class space    used 4037K, capacity 4736K, committed 4764K, reserved 1048576K
}
Event: 6.398 GC heap after
{Heap after GC invocations=8 (full 0):
 garbage-first heap   total 131072K, used 21149K [0x00000000c0000000, 0x0000000100000000)
  region size 1024K, 9 young (9216K), 9 survivors (9216K)
 Metaspace       used 40759K, capacity 42925K, committed 43164K, reserved 1087488K
  class space    used 4037K, capacity 4736K, committed 4764K, reserved 1048576K
}
Event: 6.727 GC heap before
{Heap before GC invocations=8 (full 0):
 garbage-first heap   total 131072K, used 81565K [0x00000000c0000000, 0x0000000100000000)
  region size 1024K, 68 young (69632K), 9 survivors (9216K)
 Metaspace       used 41052K, capacity 43152K, committed 43548K, reserved 1087488K
  class space    used 4060K, capacity 4770K, committed 4892K, reserved 1048576K
}
Event: 6.746 GC heap after
{Heap after GC invocations=9 (full 0):
 garbage-first heap   total 131072K, used 26759K [0x00000000c0000000, 0x0000000100000000)
  region size 1024K, 6 young (6144K), 6 survivors (6144K)
 Metaspace       used 41052K, capacity 43152K, committed 43548K, reserved 1087488K
  class space    used 4060K, capacity 4770K, committed 4892K, reserved 1048576K
}
Event: 7.428 GC heap before
{Heap before GC invocations=9 (full 0):
 garbage-first heap   total 131072K, used 89223K [0x00000000c0000000, 0x0000000100000000)
  region size 1024K, 66 young (67584K), 6 survivors (6144K)
 Metaspace       used 42215K, capacity 44449K, committed 44700K, reserved 1089536K
  class space    used 4181K, capacity 4944K, committed 5020K, reserved 1048576K
}
Event: 7.442 GC heap after
{Heap after GC invocations=10 (full 0):
 garbage-first heap   total 131072K, used 32310K [0x00000000c0000000, 0x0000000100000000)
  region size 1024K, 6 young (6144K), 6 survivors (6144K)
 Metaspace       used 42215K, capacity 44449K, committed 44700K, reserved 1089536K
  class space    used 4181K, capacity 4944K, committed 5020K, reserved 1048576K
}
Event: 7.728 GC heap before
{Heap before GC invocations=10 (full 0):
 garbage-first heap   total 131072K, used 93750K [0x00000000c0000000, 0x0000000100000000)
  region size 1024K, 66 young (67584K), 6 survivors (6144K)
 Metaspace       used 42285K, capacity 44449K, committed 44700K, reserved 1089536K
  class space    used 4181K, capacity 4944K, committed 5020K, reserved 1048576K
}
Event: 7.744 GC heap after
{Heap after GC invocations=11 (full 0):
 garbage-first heap   total 131072K, used 37075K [0x00000000c0000000, 0x0000000100000000)
  region size 1024K, 5 young (5120K), 5 survivors (5120K)
 Metaspace       used 42285K, capacity 44449K, committed 44700K, reserved 1089536K
  class space    used 4181K, capacity 4944K, committed 5020K, reserved 1048576K
}
Event: 9.256 GC heap before
{Heap before GC invocations=11 (full 0):
 garbage-first heap   total 131072K, used 99539K [0x00000000c0000000, 0x0000000100000000)
  region size 1024K, 64 young (65536K), 5 survivors (5120K)
 Metaspace       used 43418K, capacity 45632K, committed 45852K, reserved 1089536K
  class space    used 4288K, capacity 5039K, committed 5148K, reserved 1048576K
}
Event: 9.276 GC heap after
{Heap after GC invocations=12 (full 0):
 garbage-first heap   total 131072K, used 46013K [0x00000000c0000000, 0x0000000100000000)
  region size 1024K, 7 young (7168K), 7 survivors (7168K)
 Metaspace       used 43418K, capacity 45632K, committed 45852K, reserved 1089536K
  class space    used 4288K, capacity 5039K, committed 5148K, reserved 1048576K
}

Deoptimization events (10 events):
Event: 9.170 Thread 0x0000027114cb2800 Uncommon trap: reason=unstable_if action=reinterpret pc=0x0000027107cfaab8 method=org.eclipse.jdt.internal.compiler.util.JrtFileSystem$1.visitFile(Ljava/nio/file/Path;Ljava/nio/file/attribute/BasicFileAttributes;)Ljava/nio/file/FileVisitResult; @ 8 c2
Event: 9.170 Thread 0x0000027114cb2800 Uncommon trap: reason=unstable_if action=reinterpret pc=0x0000027107d08254 method=org.eclipse.jdt.internal.compiler.util.JrtFileSystem$1.visitFile(Ljava/nio/file/Path;Ljava/nio/file/attribute/BasicFileAttributes;)Ljava/nio/file/FileVisitResult; @ 8 c2
Event: 716.715 Thread 0x0000027114cb5000 Uncommon trap: reason=bimorphic_or_optimized_type_check action=maybe_recompile pc=0x0000027107bc9258 method=java.util.stream.Sink$ChainedReference.cancellationRequested()Z @ 4 c2
Event: 716.715 Thread 0x0000027114cb5000 Uncommon trap: reason=bimorphic_or_optimized_type_check action=maybe_recompile pc=0x0000027107bc9258 method=java.util.stream.Sink$ChainedReference.cancellationRequested()Z @ 4 c2
Event: 716.721 Thread 0x0000027114cb5000 Uncommon trap: reason=bimorphic_or_optimized_type_check action=maybe_recompile pc=0x0000027107bc9258 method=java.util.stream.Sink$ChainedReference.cancellationRequested()Z @ 4 c2
Event: 716.721 Thread 0x0000027114cb5000 Uncommon trap: reason=bimorphic_or_optimized_type_check action=maybe_recompile pc=0x0000027107bc9258 method=java.util.stream.Sink$ChainedReference.cancellationRequested()Z @ 4 c2
Event: 716.760 Thread 0x0000027114cb5000 Uncommon trap: reason=unstable_if action=reinterpret pc=0x0000027107ada6e0 method=java.lang.CharacterData.of(I)Ljava/lang/CharacterData; @ 4 c2
Event: 716.764 Thread 0x0000027114cb5000 Uncommon trap: reason=unstable_if action=reinterpret pc=0x0000027107c9a244 method=java.lang.AbstractStringBuilder.appendChars(Ljava/lang/CharSequence;II)V @ 4 c2
Event: 716.771 Thread 0x0000027114cb5000 Uncommon trap: reason=class_check action=maybe_recompile pc=0x0000027107c28820 method=java.util.concurrent.ConcurrentHashMap.putVal(Ljava/lang/Object;Ljava/lang/Object;Z)Ljava/lang/Object; @ 242 c2
Event: 754.936 Thread 0x0000027114cb5000 Uncommon trap: reason=unstable_if action=reinterpret pc=0x0000027107b580e4 method=java.util.concurrent.ConcurrentHashMap.get(Ljava/lang/Object;)Ljava/lang/Object; @ 152 c2

Classes redefined (0 events):
No events

Internal exceptions (10 events):
Event: 9.533 Thread 0x0000027114cb2800 Exception <a 'java/lang/NoSuchMethodError'{0x00000000c63444f8}: method resolution failed> (0x00000000c63444f8) thrown at [t:/workspace/open/src/hotspot/share/prims/methodHandles.cpp, line 1226]
Event: 40.667 Thread 0x00000271120e6000 Exception <a 'java/lang/NoSuchMethodError'{0x00000000c6367020}: java.lang.invoke.DirectMethodHandle$Holder.invokeStatic(Ljava/lang/Object;J)V> (0x00000000c6367020) thrown at [t:/workspace/open/src/hotspot/share/interpreter/linkResolver.cpp, line 741]
Event: 40.667 Thread 0x00000271120e6000 Exception <a 'java/lang/NoSuchMethodError'{0x00000000c636c038}: java.lang.invoke.DirectMethodHandle$Holder.invokeStatic(Ljava/lang/Object;J)Ljava/lang/Object;> (0x00000000c636c038) thrown at [t:/workspace/open/src/hotspot/share/interpreter/linkResolver.cp
Event: 40.668 Thread 0x00000271120e6000 Exception <a 'java/lang/NoSuchMethodError'{0x00000000c636f7a8}: method resolution failed> (0x00000000c636f7a8) thrown at [t:/workspace/open/src/hotspot/share/prims/methodHandles.cpp, line 1226]
Event: 40.670 Thread 0x00000271120e6000 Exception <a 'java/lang/NoSuchMethodError'{0x00000000c6377c78}: method resolution failed> (0x00000000c6377c78) thrown at [t:/workspace/open/src/hotspot/share/prims/methodHandles.cpp, line 1226]
Event: 40.670 Thread 0x00000271120e6000 Exception <a 'java/lang/NoSuchMethodError'{0x00000000c637b350}: java.lang.invoke.DirectMethodHandle$Holder.invokeStaticInit(Ljava/lang/Object;Ljava/lang/Object;JLjava/lang/Object;)Ljava/lang/Object;> (0x00000000c637b350) thrown at [t:/workspace/open/src/h
Event: 40.671 Thread 0x00000271120e6000 Exception <a 'java/lang/NoSuchMethodError'{0x00000000c6205fd0}: java.lang.invoke.DirectMethodHandle$Holder.invokeStatic(Ljava/lang/Object;Ljava/lang/Object;J)Ljava/lang/Object;> (0x00000000c6205fd0) thrown at [t:/workspace/open/src/hotspot/share/interpret
Event: 40.671 Thread 0x00000271120e6000 Exception <a 'java/lang/NoSuchMethodError'{0x00000000c62095b0}: method resolution failed> (0x00000000c62095b0) thrown at [t:/workspace/open/src/hotspot/share/prims/methodHandles.cpp, line 1226]
Event: 716.757 Thread 0x0000027114cb5000 Exception <a 'java/lang/ClassNotFoundException'{0x00000000c5cc1cc8}: sun/util/logging/resources/spi/loggingProvider> (0x00000000c5cc1cc8) thrown at [t:/workspace/open/src/hotspot/share/classfile/systemDictionary.cpp, line 233]
Event: 858.118 Thread 0x0000027114cb5800 Exception <a 'java/io/FileNotFoundException'{0x00000000c5ae7570}> (0x00000000c5ae7570) thrown at [t:/workspace/open/src/hotspot/share/prims/jni.cpp, line 611]

Events (10 events):
Event: 858.120 Executing VM operation: RevokeBias
Event: 858.121 Executing VM operation: RevokeBias done
Event: 858.121 Executing VM operation: RevokeBias
Event: 858.121 Executing VM operation: RevokeBias done
Event: 858.121 Executing VM operation: RevokeBias
Event: 858.121 Executing VM operation: RevokeBias done
Event: 858.122 Executing VM operation: RevokeBias
Event: 858.122 Executing VM operation: RevokeBias done
Event: 858.122 Executing VM operation: RevokeBias
Event: 858.122 Executing VM operation: RevokeBias done


Dynamic libraries:
0x00007ff76ebe0000 - 0x00007ff76ec1e000 	C:\Program Files\Java\jdk-10\bin\java.exe
0x00007ffbdd230000 - 0x00007ffbdd411000 	C:\WINDOWS\SYSTEM32\ntdll.dll
0x00007ffbdcf90000 - 0x00007ffbdd042000 	C:\WINDOWS\System32\KERNEL32.DLL
0x00007ffbda1a0000 - 0x00007ffbda413000 	C:\WINDOWS\System32\KERNELBASE.dll
0x00007ffbda6c0000 - 0x00007ffbda761000 	C:\WINDOWS\System32\ADVAPI32.dll
0x00007ffbdad60000 - 0x00007ffbdadfe000 	C:\WINDOWS\System32\msvcrt.dll
0x00007ffbdd060000 - 0x00007ffbdd0bb000 	C:\WINDOWS\System32\sechost.dll
0x00007ffbdb340000 - 0x00007ffbdb464000 	C:\WINDOWS\System32\RPCRT4.dll
0x00007ffbdce00000 - 0x00007ffbdcf90000 	C:\WINDOWS\System32\USER32.dll
0x00007ffbd9f80000 - 0x00007ffbd9fa0000 	C:\WINDOWS\System32\win32u.dll
0x00007ffbdabc0000 - 0x00007ffbdabe8000 	C:\WINDOWS\System32\GDI32.dll
0x00007ffbd9fa0000 - 0x00007ffbda132000 	C:\WINDOWS\System32\gdi32full.dll
0x00007ffbd9ee0000 - 0x00007ffbd9f7f000 	C:\WINDOWS\System32\msvcp_win.dll
0x00007ffbd9680000 - 0x00007ffbd977a000 	C:\WINDOWS\System32\ucrtbase.dll
0x00007ffbccea0000 - 0x00007ffbcd109000 	C:\WINDOWS\WinSxS\amd64_microsoft.windows.common-controls_6595b64144ccf1df_6.0.17134.407_none_fb449d63306391e9\COMCTL32.dll
0x00007ffbdb470000 - 0x00007ffbdb792000 	C:\WINDOWS\System32\combase.dll
0x00007ffbd3b20000 - 0x00007ffbd3b2a000 	C:\WINDOWS\SYSTEM32\VERSION.dll
0x00007ffbd9600000 - 0x00007ffbd967a000 	C:\WINDOWS\System32\bcryptPrimitives.dll
0x00007ffbdd0c0000 - 0x00007ffbdd0ed000 	C:\WINDOWS\System32\IMM32.DLL
0x00007ffbb0010000 - 0x00007ffbb00ff000 	C:\Program Files\Java\jdk-10\bin\msvcr120.dll
0x00007ffba3c00000 - 0x00007ffba3ca6000 	C:\Program Files\Java\jdk-10\bin\msvcp120.dll
0x000000006ea10000 - 0x000000006f47f000 	C:\Program Files\Java\jdk-10\bin\server\jvm.dll
0x00007ffbdd050000 - 0x00007ffbdd058000 	C:\WINDOWS\System32\PSAPI.DLL
0x00007ffbd32b0000 - 0x00007ffbd32d3000 	C:\WINDOWS\SYSTEM32\WINMM.dll
0x00007ffbd8180000 - 0x00007ffbd8189000 	C:\WINDOWS\SYSTEM32\WSOCK32.dll
0x00007ffbdac90000 - 0x00007ffbdacfc000 	C:\WINDOWS\System32\WS2_32.dll
0x00007ffbd3280000 - 0x00007ffbd32aa000 	C:\WINDOWS\SYSTEM32\winmmbase.dll
0x00007ffbd9780000 - 0x00007ffbd97c9000 	C:\WINDOWS\System32\cfgmgr32.dll
0x00007ffbcd680000 - 0x00007ffbcd68f000 	C:\Program Files\Java\jdk-10\bin\verify.dll
0x00007ffbd7f50000 - 0x00007ffbd8119000 	C:\WINDOWS\SYSTEM32\DBGHELP.DLL
0x00007ffbbbe40000 - 0x00007ffbbbe69000 	C:\WINDOWS\SYSTEM32\dbgcore.DLL
0x00007ffbcd530000 - 0x00007ffbcd557000 	C:\Program Files\Java\jdk-10\bin\java.dll
0x00007ffbcd660000 - 0x00007ffbcd676000 	C:\Program Files\Java\jdk-10\bin\zip.dll
0x00007ffbcd520000 - 0x00007ffbcd52a000 	C:\Program Files\Java\jdk-10\bin\jimage.dll
0x00007ffbdb9c0000 - 0x00007ffbdcdff000 	C:\WINDOWS\System32\SHELL32.dll
0x00007ffbdae00000 - 0x00007ffbdaea9000 	C:\WINDOWS\System32\shcore.dll
0x00007ffbd97d0000 - 0x00007ffbd9edd000 	C:\WINDOWS\System32\windows.storage.dll
0x00007ffbdad00000 - 0x00007ffbdad51000 	C:\WINDOWS\System32\shlwapi.dll
0x00007ffbd95c0000 - 0x00007ffbd95d1000 	C:\WINDOWS\System32\kernel.appcore.dll
0x00007ffbd95e0000 - 0x00007ffbd95ff000 	C:\WINDOWS\System32\profapi.dll
0x00007ffbd9540000 - 0x00007ffbd958c000 	C:\WINDOWS\System32\powrprof.dll
0x00007ffbd95b0000 - 0x00007ffbd95ba000 	C:\WINDOWS\System32\FLTLIB.DLL
0x00007ffbbf170000 - 0x00007ffbbf18a000 	C:\Program Files\Java\jdk-10\bin\net.dll
0x00007ffbccaf0000 - 0x00007ffbccbcc000 	C:\WINDOWS\SYSTEM32\WINHTTP.dll
0x00007ffbd8dc0000 - 0x00007ffbd8e26000 	C:\WINDOWS\system32\mswsock.dll
0x00007ffbbe8c0000 - 0x00007ffbbe8d1000 	C:\Program Files\Java\jdk-10\bin\nio.dll
0x00007ffbd8f70000 - 0x00007ffbd8f87000 	C:\WINDOWS\SYSTEM32\CRYPTSP.dll
0x00007ffbd89a0000 - 0x00007ffbd89d3000 	C:\WINDOWS\system32\rsaenh.dll
0x00007ffbd90a0000 - 0x00007ffbd90c5000 	C:\WINDOWS\SYSTEM32\bcrypt.dll
0x00007ffbd9440000 - 0x00007ffbd9468000 	C:\WINDOWS\SYSTEM32\USERENV.dll
0x00007ffbd8f90000 - 0x00007ffbd8f9b000 	C:\WINDOWS\SYSTEM32\CRYPTBASE.dll
0x00007ffbd8b40000 - 0x00007ffbd8b78000 	C:\WINDOWS\SYSTEM32\IPHLPAPI.DLL
0x00007ffbdd110000 - 0x00007ffbdd118000 	C:\WINDOWS\System32\NSI.dll
0x00007ffbd2710000 - 0x00007ffbd2726000 	C:\WINDOWS\SYSTEM32\dhcpcsvc6.DLL
0x00007ffbd2f20000 - 0x00007ffbd2f3a000 	C:\WINDOWS\SYSTEM32\dhcpcsvc.DLL
0x00007ffbbe890000 - 0x00007ffbbe8b9000 	C:\Users\44750\.vscode\extensions\redhat.java-0.35.0\server\config_win\org.eclipse.equinox.launcher\org.eclipse.equinox.launcher.win32.win32.x86_64_1.1.900.v20180922-1751\eclipse_1801.dll
0x00007ffbbce10000 - 0x00007ffbbce21000 	C:\Users\44750\.vscode\extensions\redhat.java-0.35.0\server\config_win\org.eclipse.osgi\24\0\.cp\jWinHttp-1.0.0.dll
0x00007ffbdb1e0000 - 0x00007ffbdb331000 	C:\WINDOWS\System32\ole32.dll

dbghelp: loaded successfully - version: 4.0.5 - missing functions: none
symbol engine: initialized successfully - sym options: 0x614 - pdb path: .;C:\Program Files\Java\jdk-10\bin;C:\WINDOWS\SYSTEM32;C:\WINDOWS\WinSxS\amd64_microsoft.windows.common-controls_6595b64144ccf1df_6.0.17134.407_none_fb449d63306391e9;C:\Program Files\Java\jdk-10\bin\server;C:\Users\44750\.vscode\extensions\redhat.java-0.35.0\server\config_win\org.eclipse.equinox.launcher\org.eclipse.equinox.launcher.win32.win32.x86_64_1.1.900.v20180922-1751;C:\Users\44750\.vscode\extensions\redhat.java-0.35.0\server\config_win\org.eclipse.osgi\24\0\.cp

VM Arguments:
jvm_args: --add-modules=ALL-SYSTEM --add-opens=java.base/java.util=ALL-UNNAMED --add-opens=java.base/java.lang=ALL-UNNAMED -Declipse.application=org.eclipse.jdt.ls.core.id1 -Dosgi.bundles.defaultStartLevel=4 -Declipse.product=org.eclipse.jdt.ls.core.product -Xverify:none -Xmx1G -XX:+UseG1GC -XX:+UseStringDeduplication 
java_command: C:\Users\44750\.vscode\extensions\redhat.java-0.35.0\server\plugins\org.eclipse.equinox.launcher_1.5.200.v20180922-1751.jar -configuration C:\Users\44750\.vscode\extensions\redhat.java-0.35.0\server\config_win -data c:\Users\44750\AppData\Roaming\Code\User\workspaceStorage\b2fc367f3178c4b549c31dbe0e7af6a1\redhat.java\jdt_ws
java_class_path (initial): C:\Users\44750\.vscode\extensions\redhat.java-0.35.0\server\plugins\org.eclipse.equinox.launcher_1.5.200.v20180922-1751.jar
Launcher Type: SUN_STANDARD

Logging:
Log output configuration:
#0: stdout all=warning uptime,level,tags
#1: stderr all=off uptime,level,tags

Environment Variables:
JAVA_HOME=C:\Program Files\Java\jdk-10
PATH=C:\ProgramData\Oracle\Java\javapath;C:\Program Files (x86)\Intel\iCLS Client\;C:\Program Files\Intel\iCLS Client\;C:\Windows\system32;C:\Windows;C:\Windows\System32\Wbem;C:\Windows\System32\WindowsPowerShell\v1.0\;C:\Program Files\Intel\IntelSGXPSW\bin\x64\Release\;C:\Program Files\Intel\IntelSGXPSW\bin\win32\Release\;C:\Program Files (x86)\NVIDIA Corporation\PhysX\Common;C:\WINDOWS\system32;C:\WINDOWS;C:\WINDOWS\System32\Wbem;C:\WINDOWS\System32\WindowsPowerShell\v1.0\;C:\Program Files (x86)\Intel\Intel(R) Management Engine Components\DAL;C:\Program Files\Intel\Intel(R) Management Engine Components\DAL;C:\Program Files (x86)\Intel\Intel(R) Management Engine Components\IPT;C:\Program Files\Intel\Intel(R) Management Engine Components\IPT;C:\Program Files\Java\jdk-10\bin;C:\Program Files\Microsoft SQL Server\130\Tools\Binn\;C:\Program Files (x86)\Windows Kits\10\Windows Performance Toolkit\;C:\Program Files (x86)\MSBuild\14.0\Bin;C:\Program Files\dotnet\;C:\Program Files\Java\jdk-10\jre\bin;D:\Program Files\PuTTY\;D:\Program Files\WinSCP\;C:\WINDOWS\System32\OpenSSH\;C:\Program Files\Intel\WiFi\bin\;C:\Program Files\Common Files\Intel\WirelessCommon\;D:\Program Files\Microsoft VS Code\bin;D:\Program Files\Git\cmd;;d:\Program Files\Microsoft VS Code\bin;D:\Program Files\Python\Python37-32\Scripts\;D:\Program Files\Python\Python37-32\;C:\Users\44750\Desktop\p;C:\Users\44750\AppData\Local\Microsoft\WindowsApps;C:\Program Files (x86)\Android\android-sdk\platform-tools;C:\Program Files\Intel\WiFi\bin\;C:\Program Files\Common Files\Intel\WirelessCommon\;C:\Users\44750\AppData\Local\GitHubDesktop\bin
USERNAME=44750
OS=Windows_NT
PROCESSOR_IDENTIFIER=Intel64 Family 6 Model 78 Stepping 3, GenuineIntel



---------------  S Y S T E M  ---------------

OS: Windows 10 , 64 bit Build 17134 (10.0.17134.1)

CPU:total 4 (initial active 4) (2 cores per cpu, 2 threads per core) family 6 model 78 stepping 3, cmov, cx8, fxsr, mmx, sse, sse2, sse3, ssse3, sse4.1, sse4.2, popcnt, avx, avx2, aes, clmul, erms, 3dnowpref, lzcnt, ht, tsc, tscinvbit, bmi1, bmi2, adx, fma

Memory: 4k page, physical 8268192k(610428k free), swap 16656800k(36260k free)

vm_info: Java HotSpot(TM) 64-Bit Server VM (10+46) for windows-amd64 JRE (10+46), built on Mar  8 2018 02:11:18 by "mach5one" with MS VC++ 12.0 (VS2013)

END.
