#
# There is insufficient memory for the Java Runtime Environment to continue.
# Native memory allocation (malloc) failed to allocate 995696 bytes for Chunk::new
# Possible reasons:
#   The system is out of physical RAM or swap space
#   The process is running with CompressedOops enabled, and the Java Heap may be blocking the growth of the native heap
# Possible solutions:
#   Reduce memory load on the system
#   Increase physical memory or swap space
#   Check if swap backing store is full
#   Decrease Java heap size (-Xmx/-Xms)
#   Decrease number of Java threads
#   Decrease Java thread stack sizes (-Xss)
#   Set larger code cache with -XX:ReservedCodeCacheSize=
#   JVM is running with Unscaled Compressed Oops mode in which the Java heap is
#     placed in the first 4GB address space. The Java Heap base address is the
#     maximum limit for the native heap growth. Please use -XX:HeapBaseMinAddress
#     to set the Java Heap base and to place the Java Heap above 4GB virtual address.
# This output file may be truncated or incomplete.
#
#  Out of Memory Error (t:/workspace/open/src/hotspot/share/memory/arena.cpp:198), pid=38304, tid=24232
#
# JRE version: Java(TM) SE Runtime Environment (10.0+46) (build 10+46)
# Java VM: Java HotSpot(TM) 64-Bit Server VM (10+46, mixed mode, tiered, compressed oops, g1 gc, windows-amd64)
# No core dump will be written. Minidumps are not enabled by default on client versions of Windows
#

---------------  S U M M A R Y ------------

Command Line: --add-modules=ALL-SYSTEM --add-opens=java.base/java.util=ALL-UNNAMED --add-opens=java.base/java.lang=ALL-UNNAMED -Declipse.application=org.eclipse.jdt.ls.core.id1 -Dosgi.bundles.defaultStartLevel=4 -Declipse.product=org.eclipse.jdt.ls.core.product -Xverify:none -Xmx1G -XX:+UseG1GC -XX:+UseStringDeduplication C:\Users\44750\.vscode\extensions\redhat.java-0.35.0\server\plugins\org.eclipse.equinox.launcher_1.5.200.v20180922-1751.jar -configuration C:\Users\44750\.vscode\extensions\redhat.java-0.35.0\server\config_win -data c:\Users\44750\AppData\Roaming\Code\User\workspaceStorage\b2fc367f3178c4b549c31dbe0e7af6a1\redhat.java\jdt_ws

Host: Intel(R) Core(TM) i5-6200U CPU @ 2.30GHz, 4 cores, 7G,  Windows 10 , 64 bit Build 17134 (10.0.17134.1)
Time: Sun Dec 02 17:23:35 2018 ¨¬????¨®¡À¨º¡Á?¨º¡À?? elapsed time: 10 seconds (0d 0h 0m 10s)

---------------  T H R E A D  ---------------

Current thread (0x0000023638610000):  JavaThread "C2 CompilerThread0" daemon [_thread_in_native, id=24232, stack(0x000000938ea00000,0x000000938eb00000)]


Current CompileTask:
C2:  10038 4228  s    4       jdk.internal.jimage.ImageReader$SharedImageReader::findNode (36 bytes)

Stack: [0x000000938ea00000,0x000000938eb00000]
Native frames: (J=compiled Java code, j=interpreted, Vv=VM code, C=native code)
V  [jvm.dll+0x59fbf9]
V  [jvm.dll+0x6bca11]
V  [jvm.dll+0x6bdc06]
V  [jvm.dll+0x6be293]
V  [jvm.dll+0x234ba8]
V  [jvm.dll+0xbb9cc]
V  [jvm.dll+0xbbedc]
V  [jvm.dll+0x34be01]
V  [jvm.dll+0x18edd7]
V  [jvm.dll+0x2000dd]
V  [jvm.dll+0x1ff256]
V  [jvm.dll+0x17caeb]
V  [jvm.dll+0x20ca3d]
V  [jvm.dll+0x20b806]
V  [jvm.dll+0x68b42f]
V  [jvm.dll+0x59ef10]
C  [msvcr120.dll+0x24f7f]
C  [msvcr120.dll+0x25126]
C  [KERNEL32.DLL+0x13034]
C  [ntdll.dll+0x71471]


---------------  P R O C E S S  ---------------

Threads class SMR info:
_java_thread_list=0x000002363b9d0700, length=22, elements={
0x0000023616c32000, 0x0000023637d0e000, 0x0000023637d1f000, 0x0000023638608800,
0x000002363860d000, 0x0000023638610000, 0x0000023638611800, 0x0000023637d8d800,
0x0000023637d8e000, 0x0000023637cae000, 0x0000023638b93000, 0x0000023638dba800,
0x0000023638e2f800, 0x0000023638e8e000, 0x0000023638ff2000, 0x0000023639df3000,
0x0000023639052800, 0x0000023639fd1000, 0x000002363b849800, 0x000002363c096800,
0x000002363d70a000, 0x000002363d70c800
}

Java Threads: ( => current thread )
  0x0000023616c32000 JavaThread "main" [_thread_blocked, id=37788, stack(0x000000938d800000,0x000000938d900000)]
  0x0000023637d0e000 JavaThread "Reference Handler" daemon [_thread_blocked, id=40036, stack(0x000000938e600000,0x000000938e700000)]
  0x0000023637d1f000 JavaThread "Finalizer" daemon [_thread_blocked, id=40704, stack(0x000000938e700000,0x000000938e800000)]
  0x0000023638608800 JavaThread "Signal Dispatcher" daemon [_thread_blocked, id=40912, stack(0x000000938e800000,0x000000938e900000)]
  0x000002363860d000 JavaThread "Attach Listener" daemon [_thread_blocked, id=40200, stack(0x000000938e900000,0x000000938ea00000)]
=>0x0000023638610000 JavaThread "C2 CompilerThread0" daemon [_thread_in_native, id=24232, stack(0x000000938ea00000,0x000000938eb00000)]
  0x0000023638611800 JavaThread "C2 CompilerThread1" daemon [_thread_in_native, id=40464, stack(0x000000938eb00000,0x000000938ec00000)]
  0x0000023637d8d800 JavaThread "C1 CompilerThread2" daemon [_thread_blocked, id=41888, stack(0x000000938ec00000,0x000000938ed00000)]
  0x0000023637d8e000 JavaThread "Sweeper thread" daemon [_thread_blocked, id=41924, stack(0x000000938ed00000,0x000000938ee00000)]
  0x0000023637cae000 JavaThread "Common-Cleaner" daemon [_thread_blocked, id=41928, stack(0x000000938ee00000,0x000000938ef00000)]
  0x0000023638b93000 JavaThread "Service Thread" daemon [_thread_blocked, id=23332, stack(0x000000938ef00000,0x000000938f000000)]
  0x0000023638dba800 JavaThread "Active Thread: Equinox Container: a215ad8a-3c9d-4fd5-83d3-c72b0f035680" [_thread_blocked, id=41716, stack(0x000000938f100000,0x000000938f200000)]
  0x0000023638e2f800 JavaThread "Framework Event Dispatcher: Equinox Container: a215ad8a-3c9d-4fd5-83d3-c72b0f035680" daemon [_thread_blocked, id=41724, stack(0x000000938f200000,0x000000938f300000)]
  0x0000023638e8e000 JavaThread "Start Level: Equinox Container: a215ad8a-3c9d-4fd5-83d3-c72b0f035680" daemon [_thread_blocked, id=41084, stack(0x000000938f300000,0x000000938f400000)]
  0x0000023638ff2000 JavaThread "Worker-JM" [_thread_blocked, id=41056, stack(0x000000938f400000,0x000000938f500000)]
  0x0000023639df3000 JavaThread "Worker-0: Repository registry initialization" [_thread_in_Java, id=19924, stack(0x000000938f500000,0x000000938f600000)]
  0x0000023639052800 JavaThread "Worker-1: Updating Maven Dependencies" [_thread_blocked, id=37356, stack(0x000000938f600000,0x000000938f700000)]
  0x0000023639fd1000 JavaThread "Java indexing" daemon [_thread_blocked, id=41076, stack(0x000000938f700000,0x000000938f800000)]
  0x000002363b849800 JavaThread "pool-2-thread-1" [_thread_blocked, id=41892, stack(0x000000938f800000,0x000000938f900000)]
  0x000002363c096800 JavaThread "pool-1-thread-1" [_thread_blocked, id=41320, stack(0x000000938f900000,0x000000938fa00000)]
  0x000002363d70a000 JavaThread "Worker-2: Initialize Workspace" [_thread_in_Java, id=41340, stack(0x000000938fa00000,0x000000938fb00000)]
  0x000002363d70c800 JavaThread "Worker-3" [_thread_blocked, id=41252, stack(0x000000938fb00000,0x000000938fc00000)]

Other Threads:
  0x0000023637d0b000 VMThread "VM Thread" [stack: 0x000000938e500000,0x000000938e600000] [id=40684]
  0x0000023638b94800 WatcherThread [stack: 0x000000938f000000,0x000000938f100000] [id=41504]
  0x0000023616c4d000 GCTaskThread "GC Thread#0" [stack: 0x000000938d900000,0x000000938da00000] [id=30168]
  0x0000023616c4f800 GCTaskThread "GC Thread#1" [stack: 0x000000938da00000,0x000000938db00000] [id=39356]
  0x0000023616c51000 GCTaskThread "GC Thread#2" [stack: 0x000000938db00000,0x000000938dc00000] [id=39168]
  0x0000023616c58000 GCTaskThread "GC Thread#3" [stack: 0x000000938dc00000,0x000000938dd00000] [id=39388]
  0x0000023616c9b000 ConcurrentGCThread "G1 Main Marker" [stack: 0x000000938dd00000,0x000000938de00000] [id=984]
  0x0000023616c9d800 ConcurrentGCThread "G1 Conc#0" [stack: 0x000000938de00000,0x000000938df00000] [id=19784]
  0x0000023637ba0800 ConcurrentGCThread "G1 Refine#0" [stack: 0x000000938df00000,0x000000938e000000] [id=39240]
  0x0000023637ba1000 ConcurrentGCThread "G1 Refine#1" [stack: 0x000000938e000000,0x000000938e100000] [id=39008]
  0x0000023616d0b000 ConcurrentGCThread "G1 Refine#2" [stack: 0x000000938e100000,0x000000938e200000] [id=38976]
  0x0000023616d0c000 ConcurrentGCThread "G1 Refine#3" [stack: 0x000000938e200000,0x000000938e300000] [id=37980]
  0x0000023637ba3000 ConcurrentGCThread "G1 Young RemSet Sampling" [stack: 0x000000938e300000,0x000000938e400000] [id=35992]
  0x0000023637ba6800 ConcurrentGCThread "G1 StrDedup" [stack: 0x000000938e400000,0x000000938e500000] [id=40320]

Threads with active compile tasks:
C2 CompilerThread04228  s    4       jdk.internal.jimage.ImageReader$SharedImageReader::findNode (36 bytes)
C2 CompilerThread14236       4       jdk.internal.jrtfs.JrtFileSystem::checkNode (40 bytes)

VM state:not at safepoint (normal execution)

VM Mutex/Monitor currently owned by a thread: None

Heap address: 0x00000000c0000000, size: 1024 MB, Compressed Oops mode: 32-bit
Narrow klass base: 0x0000000000000000, Narrow klass shift: 3
Compressed class space size: 1073741824 Address: 0x0000000100000000

Heap:
 garbage-first heap   total 131072K, used 37308K [0x00000000c0000000, 0x0000000100000000)
  region size 1024K, 22 young (22528K), 4 survivors (4096K)
 Metaspace       used 40753K, capacity 42989K, committed 43392K, reserved 1087488K
  class space    used 4032K, capacity 4736K, committed 4736K, reserved 1048576K
Heap Regions: E=young(eden), S=young(survivor), O=old, HS=humongous(starts), HC=humongous(continues), CS=collection set, F=free, A=archive, TS=gc time stamp, AC=allocation context, TAMS=top-at-mark-start (previous, next)
|   0|0x00000000c0000000, 0x00000000c0100000, 0x00000000c0100000|100%| O|  |TS  0|AC  0|TAMS 0x00000000c0100000, 0x00000000c0100000|
|   1|0x00000000c0100000, 0x00000000c0200000, 0x00000000c0200000|100%| O|  |TS  0|AC  0|TAMS 0x00000000c0200000, 0x00000000c0200000|
|   2|0x00000000c0200000, 0x00000000c0300000, 0x00000000c0300000|100%| O|  |TS  0|AC  0|TAMS 0x00000000c0300000, 0x00000000c0300000|
|   3|0x00000000c0300000, 0x00000000c0400000, 0x00000000c0400000|100%| O|  |TS  0|AC  0|TAMS 0x00000000c0400000, 0x00000000c0400000|
|   4|0x00000000c0400000, 0x00000000c0500000, 0x00000000c0500000|100%| O|  |TS  0|AC  0|TAMS 0x00000000c0500000, 0x00000000c0500000|
|   5|0x00000000c0500000, 0x00000000c0600000, 0x00000000c0600000|100%| O|  |TS  0|AC  0|TAMS 0x00000000c0600000, 0x00000000c0600000|
|   6|0x00000000c0600000, 0x00000000c0700000, 0x00000000c0700000|100%| O|  |TS  0|AC  0|TAMS 0x00000000c0700000, 0x00000000c0700000|
|   7|0x00000000c0700000, 0x00000000c0800000, 0x00000000c0800000|100%| O|  |TS  0|AC  0|TAMS 0x00000000c0800000, 0x00000000c0800000|
|   8|0x00000000c0800000, 0x00000000c0900000, 0x00000000c0900000|100%| O|  |TS  0|AC  0|TAMS 0x00000000c0900000, 0x00000000c0900000|
|   9|0x00000000c0900000, 0x00000000c0a00000, 0x00000000c0a00000|100%| O|  |TS  0|AC  0|TAMS 0x00000000c0a00000, 0x00000000c0a00000|
|  10|0x00000000c0a00000, 0x00000000c0b00000, 0x00000000c0b00000|100%| O|  |TS  0|AC  0|TAMS 0x00000000c0b00000, 0x00000000c0b00000|
|  11|0x00000000c0b00000, 0x00000000c0c00000, 0x00000000c0c00000|100%| O|  |TS  0|AC  0|TAMS 0x00000000c0c00000, 0x00000000c0c00000|
|  12|0x00000000c0c00000, 0x00000000c0d00000, 0x00000000c0d00000|100%| O|  |TS  0|AC  0|TAMS 0x00000000c0d00000, 0x00000000c0d00000|
|  13|0x00000000c0d00000, 0x00000000c0e00000, 0x00000000c0e00000|100%| O|  |TS  0|AC  0|TAMS 0x00000000c0e00000, 0x00000000c0e00000|
|  14|0x00000000c0e00000, 0x00000000c0f00000, 0x00000000c0f00000|100%| O|  |TS  0|AC  0|TAMS 0x00000000c0f00000, 0x00000000c0f00000|
|  15|0x00000000c0f00000, 0x00000000c0fac600, 0x00000000c1000000| 67%| O|  |TS  1|AC  0|TAMS 0x00000000c0fac600, 0x00000000c0fac600|
|  16|0x00000000c1000000, 0x00000000c1000000, 0x00000000c1100000|  0%| F|  |TS  0|AC  0|TAMS 0x00000000c1000000, 0x00000000c1000000|
|  17|0x00000000c1100000, 0x00000000c1100000, 0x00000000c1200000|  0%| F|  |TS  0|AC  0|TAMS 0x00000000c1100000, 0x00000000c1100000|
|  18|0x00000000c1200000, 0x00000000c1200000, 0x00000000c1300000|  0%| F|  |TS  0|AC  0|TAMS 0x00000000c1200000, 0x00000000c1200000|
|  19|0x00000000c1300000, 0x00000000c1300000, 0x00000000c1400000|  0%| F|  |TS  0|AC  0|TAMS 0x00000000c1300000, 0x00000000c1300000|
|  20|0x00000000c1400000, 0x00000000c1400000, 0x00000000c1500000|  0%| F|  |TS  0|AC  0|TAMS 0x00000000c1400000, 0x00000000c1400000|
|  21|0x00000000c1500000, 0x00000000c1500000, 0x00000000c1600000|  0%| F|  |TS  0|AC  0|TAMS 0x00000000c1500000, 0x00000000c1500000|
|  22|0x00000000c1600000, 0x00000000c1600000, 0x00000000c1700000|  0%| F|  |TS  0|AC  0|TAMS 0x00000000c1600000, 0x00000000c1600000|
|  23|0x00000000c1700000, 0x00000000c1700000, 0x00000000c1800000|  0%| F|  |TS  0|AC  0|TAMS 0x00000000c1700000, 0x00000000c1700000|
|  24|0x00000000c1800000, 0x00000000c1800000, 0x00000000c1900000|  0%| F|  |TS  0|AC  0|TAMS 0x00000000c1800000, 0x00000000c1800000|
|  25|0x00000000c1900000, 0x00000000c1900000, 0x00000000c1a00000|  0%| F|  |TS  0|AC  0|TAMS 0x00000000c1900000, 0x00000000c1900000|
|  26|0x00000000c1a00000, 0x00000000c1a00000, 0x00000000c1b00000|  0%| F|  |TS  0|AC  0|TAMS 0x00000000c1a00000, 0x00000000c1a00000|
|  27|0x00000000c1b00000, 0x00000000c1b00000, 0x00000000c1c00000|  0%| F|  |TS  0|AC  0|TAMS 0x00000000c1b00000, 0x00000000c1b00000|
|  28|0x00000000c1c00000, 0x00000000c1c00000, 0x00000000c1d00000|  0%| F|  |TS  0|AC  0|TAMS 0x00000000c1c00000, 0x00000000c1c00000|
|  29|0x00000000c1d00000, 0x00000000c1d00000, 0x00000000c1e00000|  0%| F|  |TS  0|AC  0|TAMS 0x00000000c1d00000, 0x00000000c1d00000|
|  30|0x00000000c1e00000, 0x00000000c1e00000, 0x00000000c1f00000|  0%| F|  |TS  0|AC  0|TAMS 0x00000000c1e00000, 0x00000000c1e00000|
|  31|0x00000000c1f00000, 0x00000000c1f00000, 0x00000000c2000000|  0%| F|  |TS  0|AC  0|TAMS 0x00000000c1f00000, 0x00000000c1f00000|
|  32|0x00000000c2000000, 0x00000000c2000000, 0x00000000c2100000|  0%| F|  |TS  0|AC  0|TAMS 0x00000000c2000000, 0x00000000c2000000|
|  33|0x00000000c2100000, 0x00000000c2100000, 0x00000000c2200000|  0%| F|  |TS  0|AC  0|TAMS 0x00000000c2100000, 0x00000000c2100000|
|  34|0x00000000c2200000, 0x00000000c2200000, 0x00000000c2300000|  0%| F|  |TS  0|AC  0|TAMS 0x00000000c2200000, 0x00000000c2200000|
|  35|0x00000000c2300000, 0x00000000c2300000, 0x00000000c2400000|  0%| F|  |TS  0|AC  0|TAMS 0x00000000c2300000, 0x00000000c2300000|
|  36|0x00000000c2400000, 0x00000000c2400000, 0x00000000c2500000|  0%| F|  |TS  0|AC  0|TAMS 0x00000000c2400000, 0x00000000c2400000|
|  37|0x00000000c2500000, 0x00000000c2500000, 0x00000000c2600000|  0%| F|  |TS  0|AC  0|TAMS 0x00000000c2500000, 0x00000000c2500000|
|  38|0x00000000c2600000, 0x00000000c2600000, 0x00000000c2700000|  0%| F|  |TS  0|AC  0|TAMS 0x00000000c2600000, 0x00000000c2600000|
|  39|0x00000000c2700000, 0x00000000c2700000, 0x00000000c2800000|  0%| F|  |TS  0|AC  0|TAMS 0x00000000c2700000, 0x00000000c2700000|
|  40|0x00000000c2800000, 0x00000000c2800000, 0x00000000c2900000|  0%| F|  |TS  0|AC  0|TAMS 0x00000000c2800000, 0x00000000c2800000|
|  41|0x00000000c2900000, 0x00000000c2900000, 0x00000000c2a00000|  0%| F|  |TS  0|AC  0|TAMS 0x00000000c2900000, 0x00000000c2900000|
|  42|0x00000000c2a00000, 0x00000000c2a00000, 0x00000000c2b00000|  0%| F|  |TS  0|AC  0|TAMS 0x00000000c2a00000, 0x00000000c2a00000|
|  43|0x00000000c2b00000, 0x00000000c2b00000, 0x00000000c2c00000|  0%| F|  |TS  0|AC  0|TAMS 0x00000000c2b00000, 0x00000000c2b00000|
|  44|0x00000000c2c00000, 0x00000000c2c00000, 0x00000000c2d00000|  0%| F|  |TS  0|AC  0|TAMS 0x00000000c2c00000, 0x00000000c2c00000|
|  45|0x00000000c2d00000, 0x00000000c2d00000, 0x00000000c2e00000|  0%| F|  |TS  0|AC  0|TAMS 0x00000000c2d00000, 0x00000000c2d00000|
|  46|0x00000000c2e00000, 0x00000000c2e00000, 0x00000000c2f00000|  0%| F|  |TS  0|AC  0|TAMS 0x00000000c2e00000, 0x00000000c2e00000|
|  47|0x00000000c2f00000, 0x00000000c2f00000, 0x00000000c3000000|  0%| F|  |TS  0|AC  0|TAMS 0x00000000c2f00000, 0x00000000c2f00000|
|  48|0x00000000c3000000, 0x00000000c3000000, 0x00000000c3100000|  0%| F|  |TS  0|AC  0|TAMS 0x00000000c3000000, 0x00000000c3000000|
|  49|0x00000000c3100000, 0x00000000c3100000, 0x00000000c3200000|  0%| F|  |TS  0|AC  0|TAMS 0x00000000c3100000, 0x00000000c3100000|
|  50|0x00000000c3200000, 0x00000000c3200000, 0x00000000c3300000|  0%| F|  |TS  0|AC  0|TAMS 0x00000000c3200000, 0x00000000c3200000|
|  51|0x00000000c3300000, 0x00000000c3300000, 0x00000000c3400000|  0%| F|  |TS  0|AC  0|TAMS 0x00000000c3300000, 0x00000000c3300000|
|  52|0x00000000c3400000, 0x00000000c3400000, 0x00000000c3500000|  0%| F|  |TS  0|AC  0|TAMS 0x00000000c3400000, 0x00000000c3400000|
|  53|0x00000000c3500000, 0x00000000c3500000, 0x00000000c3600000|  0%| F|  |TS  0|AC  0|TAMS 0x00000000c3500000, 0x00000000c3500000|
|  54|0x00000000c3600000, 0x00000000c3600000, 0x00000000c3700000|  0%| F|  |TS  0|AC  0|TAMS 0x00000000c3600000, 0x00000000c3600000|
|  55|0x00000000c3700000, 0x00000000c3700000, 0x00000000c3800000|  0%| F|  |TS  0|AC  0|TAMS 0x00000000c3700000, 0x00000000c3700000|
|  56|0x00000000c3800000, 0x00000000c3800000, 0x00000000c3900000|  0%| F|  |TS  0|AC  0|TAMS 0x00000000c3800000, 0x00000000c3800000|
|  57|0x00000000c3900000, 0x00000000c3900000, 0x00000000c3a00000|  0%| F|  |TS  0|AC  0|TAMS 0x00000000c3900000, 0x00000000c3900000|
|  58|0x00000000c3a00000, 0x00000000c3a00000, 0x00000000c3b00000|  0%| F|  |TS  0|AC  0|TAMS 0x00000000c3a00000, 0x00000000c3a00000|
|  59|0x00000000c3b00000, 0x00000000c3b00000, 0x00000000c3c00000|  0%| F|  |TS  0|AC  0|TAMS 0x00000000c3b00000, 0x00000000c3b00000|
|  60|0x00000000c3c00000, 0x00000000c3c00000, 0x00000000c3d00000|  0%| F|  |TS  0|AC  0|TAMS 0x00000000c3c00000, 0x00000000c3c00000|
|  61|0x00000000c3d00000, 0x00000000c3d00000, 0x00000000c3e00000|  0%| F|  |TS  0|AC  0|TAMS 0x00000000c3d00000, 0x00000000c3d00000|
|  62|0x00000000c3e00000, 0x00000000c3e00000, 0x00000000c3f00000|  0%| F|  |TS  0|AC  0|TAMS 0x00000000c3e00000, 0x00000000c3e00000|
|  63|0x00000000c3f00000, 0x00000000c3f00000, 0x00000000c4000000|  0%| F|  |TS  0|AC  0|TAMS 0x00000000c3f00000, 0x00000000c3f00000|
|  64|0x00000000c4000000, 0x00000000c4000000, 0x00000000c4100000|  0%| F|  |TS  0|AC  0|TAMS 0x00000000c4000000, 0x00000000c4000000|
|  65|0x00000000c4100000, 0x00000000c4100000, 0x00000000c4200000|  0%| F|  |TS  0|AC  0|TAMS 0x00000000c4100000, 0x00000000c4100000|
|  66|0x00000000c4200000, 0x00000000c4200000, 0x00000000c4300000|  0%| F|  |TS  0|AC  0|TAMS 0x00000000c4200000, 0x00000000c4200000|
|  67|0x00000000c4300000, 0x00000000c4300000, 0x00000000c4400000|  0%| F|  |TS  0|AC  0|TAMS 0x00000000c4300000, 0x00000000c4300000|
|  68|0x00000000c4400000, 0x00000000c4400000, 0x00000000c4500000|  0%| F|  |TS  0|AC  0|TAMS 0x00000000c4400000, 0x00000000c4400000|
|  69|0x00000000c4500000, 0x00000000c4500000, 0x00000000c4600000|  0%| F|  |TS  0|AC  0|TAMS 0x00000000c4500000, 0x00000000c4500000|
|  70|0x00000000c4600000, 0x00000000c4600000, 0x00000000c4700000|  0%| F|  |TS  0|AC  0|TAMS 0x00000000c4600000, 0x00000000c4600000|
|  71|0x00000000c4700000, 0x00000000c4700000, 0x00000000c4800000|  0%| F|  |TS  0|AC  0|TAMS 0x00000000c4700000, 0x00000000c4700000|
|  72|0x00000000c4800000, 0x00000000c4800000, 0x00000000c4900000|  0%| F|  |TS  0|AC  0|TAMS 0x00000000c4800000, 0x00000000c4800000|
|  73|0x00000000c4900000, 0x00000000c4900000, 0x00000000c4a00000|  0%| F|  |TS  0|AC  0|TAMS 0x00000000c4900000, 0x00000000c4900000|
|  74|0x00000000c4a00000, 0x00000000c4a00000, 0x00000000c4b00000|  0%| F|  |TS  0|AC  0|TAMS 0x00000000c4a00000, 0x00000000c4a00000|
|  75|0x00000000c4b00000, 0x00000000c4b00000, 0x00000000c4c00000|  0%| F|  |TS  0|AC  0|TAMS 0x00000000c4b00000, 0x00000000c4b00000|
|  76|0x00000000c4c00000, 0x00000000c4c00000, 0x00000000c4d00000|  0%| F|  |TS  0|AC  0|TAMS 0x00000000c4c00000, 0x00000000c4c00000|
|  77|0x00000000c4d00000, 0x00000000c4d00000, 0x00000000c4e00000|  0%| F|  |TS  0|AC  0|TAMS 0x00000000c4d00000, 0x00000000c4d00000|
|  78|0x00000000c4e00000, 0x00000000c4e00000, 0x00000000c4f00000|  0%| F|  |TS  0|AC  0|TAMS 0x00000000c4e00000, 0x00000000c4e00000|
|  79|0x00000000c4f00000, 0x00000000c4f00000, 0x00000000c5000000|  0%| F|  |TS  0|AC  0|TAMS 0x00000000c4f00000, 0x00000000c4f00000|
|  80|0x00000000c5000000, 0x00000000c5000000, 0x00000000c5100000|  0%| F|  |TS  0|AC  0|TAMS 0x00000000c5000000, 0x00000000c5000000|
|  81|0x00000000c5100000, 0x00000000c5100000, 0x00000000c5200000|  0%| F|  |TS  0|AC  0|TAMS 0x00000000c5100000, 0x00000000c5100000|
|  82|0x00000000c5200000, 0x00000000c52c2b20, 0x00000000c5300000| 76%| S|CS|TS  1|AC  0|TAMS 0x00000000c5200000, 0x00000000c5200000|
|  83|0x00000000c5300000, 0x00000000c5400000, 0x00000000c5400000|100%| S|CS|TS  1|AC  0|TAMS 0x00000000c5300000, 0x00000000c5300000|
|  84|0x00000000c5400000, 0x00000000c5500000, 0x00000000c5500000|100%| S|CS|TS  1|AC  0|TAMS 0x00000000c5400000, 0x00000000c5400000|
|  85|0x00000000c5500000, 0x00000000c5600000, 0x00000000c5600000|100%| S|CS|TS  1|AC  0|TAMS 0x00000000c5500000, 0x00000000c5500000|
|  86|0x00000000c5600000, 0x00000000c5600000, 0x00000000c5700000|  0%| F|  |TS  1|AC  0|TAMS 0x00000000c5600000, 0x00000000c5600000|
|  87|0x00000000c5700000, 0x00000000c5700000, 0x00000000c5800000|  0%| F|  |TS  1|AC  0|TAMS 0x00000000c5700000, 0x00000000c5700000|
|  88|0x00000000c5800000, 0x00000000c5800000, 0x00000000c5900000|  0%| F|  |TS  1|AC  0|TAMS 0x00000000c5800000, 0x00000000c5800000|
|  89|0x00000000c5900000, 0x00000000c5900000, 0x00000000c5a00000|  0%| F|  |TS  1|AC  0|TAMS 0x00000000c5900000, 0x00000000c5900000|
|  90|0x00000000c5a00000, 0x00000000c5a00000, 0x00000000c5b00000|  0%| F|  |TS  1|AC  0|TAMS 0x00000000c5a00000, 0x00000000c5a00000|
|  91|0x00000000c5b00000, 0x00000000c5b00000, 0x00000000c5c00000|  0%| F|  |TS  1|AC  0|TAMS 0x00000000c5b00000, 0x00000000c5b00000|
|  92|0x00000000c5c00000, 0x00000000c5c00000, 0x00000000c5d00000|  0%| F|  |TS  1|AC  0|TAMS 0x00000000c5c00000, 0x00000000c5c00000|
|  93|0x00000000c5d00000, 0x00000000c5d00000, 0x00000000c5e00000|  0%| F|  |TS  1|AC  0|TAMS 0x00000000c5d00000, 0x00000000c5d00000|
|  94|0x00000000c5e00000, 0x00000000c5e00000, 0x00000000c5f00000|  0%| F|  |TS  1|AC  0|TAMS 0x00000000c5e00000, 0x00000000c5e00000|
|  95|0x00000000c5f00000, 0x00000000c5f00000, 0x00000000c6000000|  0%| F|  |TS  1|AC  0|TAMS 0x00000000c5f00000, 0x00000000c5f00000|
|  96|0x00000000c6000000, 0x00000000c6000000, 0x00000000c6100000|  0%| F|  |TS  1|AC  0|TAMS 0x00000000c6000000, 0x00000000c6000000|
|  97|0x00000000c6100000, 0x00000000c6100000, 0x00000000c6200000|  0%| F|  |TS  1|AC  0|TAMS 0x00000000c6100000, 0x00000000c6100000|
|  98|0x00000000c6200000, 0x00000000c6200000, 0x00000000c6300000|  0%| F|  |TS  1|AC  0|TAMS 0x00000000c6200000, 0x00000000c6200000|
|  99|0x00000000c6300000, 0x00000000c6300000, 0x00000000c6400000|  0%| F|  |TS  1|AC  0|TAMS 0x00000000c6300000, 0x00000000c6300000|
| 100|0x00000000c6400000, 0x00000000c6400000, 0x00000000c6500000|  0%| F|  |TS  1|AC  0|TAMS 0x00000000c6400000, 0x00000000c6400000|
| 101|0x00000000c6500000, 0x00000000c6500000, 0x00000000c6600000|  0%| F|  |TS  1|AC  0|TAMS 0x00000000c6500000, 0x00000000c6500000|
| 102|0x00000000c6600000, 0x00000000c6600000, 0x00000000c6700000|  0%| F|  |TS  1|AC  0|TAMS 0x00000000c6600000, 0x00000000c6600000|
| 103|0x00000000c6700000, 0x00000000c6700000, 0x00000000c6800000|  0%| F|  |TS  1|AC  0|TAMS 0x00000000c6700000, 0x00000000c6700000|
| 104|0x00000000c6800000, 0x00000000c6800000, 0x00000000c6900000|  0%| F|  |TS  1|AC  0|TAMS 0x00000000c6800000, 0x00000000c6800000|
| 105|0x00000000c6900000, 0x00000000c6900000, 0x00000000c6a00000|  0%| F|  |TS  1|AC  0|TAMS 0x00000000c6900000, 0x00000000c6900000|
| 106|0x00000000c6a00000, 0x00000000c6a00000, 0x00000000c6b00000|  0%| F|  |TS  1|AC  0|TAMS 0x00000000c6a00000, 0x00000000c6a00000|
| 107|0x00000000c6b00000, 0x00000000c6b00000, 0x00000000c6c00000|  0%| F|  |TS  1|AC  0|TAMS 0x00000000c6b00000, 0x00000000c6b00000|
| 108|0x00000000c6c00000, 0x00000000c6c00000, 0x00000000c6d00000|  0%| F|  |TS  1|AC  0|TAMS 0x00000000c6c00000, 0x00000000c6c00000|
| 109|0x00000000c6d00000, 0x00000000c6decce0, 0x00000000c6e00000| 92%| E|  |TS  1|AC  0|TAMS 0x00000000c6d00000, 0x00000000c6d00000|
| 110|0x00000000c6e00000, 0x00000000c6f00000, 0x00000000c6f00000|100%| E|CS|TS  1|AC  0|TAMS 0x00000000c6e00000, 0x00000000c6e00000|
| 111|0x00000000c6f00000, 0x00000000c7000000, 0x00000000c7000000|100%| E|CS|TS  1|AC  0|TAMS 0x00000000c6f00000, 0x00000000c6f00000|
| 112|0x00000000c7000000, 0x00000000c7100000, 0x00000000c7100000|100%| E|CS|TS  1|AC  0|TAMS 0x00000000c7000000, 0x00000000c7000000|
| 113|0x00000000c7100000, 0x00000000c7200000, 0x00000000c7200000|100%| E|CS|TS  1|AC  0|TAMS 0x00000000c7100000, 0x00000000c7100000|
| 114|0x00000000c7200000, 0x00000000c7300000, 0x00000000c7300000|100%| E|CS|TS  1|AC  0|TAMS 0x00000000c7200000, 0x00000000c7200000|
| 115|0x00000000c7300000, 0x00000000c7400000, 0x00000000c7400000|100%| E|CS|TS  1|AC  0|TAMS 0x00000000c7300000, 0x00000000c7300000|
| 116|0x00000000c7400000, 0x00000000c7500000, 0x00000000c7500000|100%| E|CS|TS  1|AC  0|TAMS 0x00000000c7400000, 0x00000000c7400000|
| 117|0x00000000c7500000, 0x00000000c7600000, 0x00000000c7600000|100%| E|CS|TS  1|AC  0|TAMS 0x00000000c7500000, 0x00000000c7500000|
| 118|0x00000000c7600000, 0x00000000c7700000, 0x00000000c7700000|100%| E|CS|TS  1|AC  0|TAMS 0x00000000c7600000, 0x00000000c7600000|
| 119|0x00000000c7700000, 0x00000000c7800000, 0x00000000c7800000|100%| E|CS|TS  1|AC  0|TAMS 0x00000000c7700000, 0x00000000c7700000|
| 120|0x00000000c7800000, 0x00000000c7900000, 0x00000000c7900000|100%| E|CS|TS  1|AC  0|TAMS 0x00000000c7800000, 0x00000000c7800000|
| 121|0x00000000c7900000, 0x00000000c7a00000, 0x00000000c7a00000|100%| E|CS|TS  1|AC  0|TAMS 0x00000000c7900000, 0x00000000c7900000|
| 122|0x00000000c7a00000, 0x00000000c7b00000, 0x00000000c7b00000|100%| E|CS|TS  1|AC  0|TAMS 0x00000000c7a00000, 0x00000000c7a00000|
| 123|0x00000000c7b00000, 0x00000000c7c00000, 0x00000000c7c00000|100%| E|CS|TS  1|AC  0|TAMS 0x00000000c7b00000, 0x00000000c7b00000|
| 124|0x00000000c7c00000, 0x00000000c7d00000, 0x00000000c7d00000|100%| E|CS|TS  1|AC  0|TAMS 0x00000000c7c00000, 0x00000000c7c00000|
| 125|0x00000000c7d00000, 0x00000000c7e00000, 0x00000000c7e00000|100%| E|CS|TS  1|AC  0|TAMS 0x00000000c7d00000, 0x00000000c7d00000|
| 126|0x00000000c7e00000, 0x00000000c7f00000, 0x00000000c7f00000|100%| E|CS|TS  1|AC  0|TAMS 0x00000000c7e00000, 0x00000000c7e00000|
| 127|0x00000000c7f00000, 0x00000000c8000000, 0x00000000c8000000|100%| E|CS|TS  1|AC  0|TAMS 0x00000000c7f00000, 0x00000000c7f00000|

Card table byte_map: [0x00000236332f0000,0x00000236334f0000] byte_map_base: 0x0000023632cf0000

Marking Bits (Prev, Next): (CMBitMap*) 0x0000023616c9a060, (CMBitMap*) 0x0000023616c9a098
 Prev Bits: [0x00000236336f0000, 0x00000236346f0000)
 Next Bits: [0x00000236346f0000, 0x00000236356f0000)

Polling page: 0x0000023616af0000

CodeHeap 'non-profiled nmethods': size=120064Kb used=1855Kb max_used=1855Kb free=118209Kb
 bounds [0x000002362b580000, 0x000002362b7f0000, 0x0000023632ac0000]
CodeHeap 'profiled nmethods': size=120000Kb used=7884Kb max_used=7884Kb free=112115Kb
 bounds [0x0000023624050000, 0x0000023624810000, 0x000002362b580000]
CodeHeap 'non-nmethods': size=5696Kb used=1199Kb max_used=1256Kb free=4496Kb
 bounds [0x0000023623ac0000, 0x0000023623d30000, 0x0000023624050000]
 total_blobs=5829 nmethods=3749 adapters=468
 compilation: enabled

Compilation events (10 events):
Event: 9.797 Thread 0x0000023637d8d800 4277       3       org.eclipse.jdt.internal.compiler.util.JrtFileSystem$1::visitFile (79 bytes)
Event: 9.798 Thread 0x0000023637d8d800 nmethod 4277 0x00000236247d6590 code [0x00000236247d67e0, 0x00000236247d6fa0]
Event: 9.798 Thread 0x0000023637d8d800 4278       3       org.eclipse.jdt.internal.core.JrtPackageFragmentRoot$1::visitFile (14 bytes)
Event: 9.798 Thread 0x0000023637d8d800 nmethod 4278 0x0000023624807290 code [0x0000023624807480, 0x0000023624807a00]
Event: 9.798 Thread 0x0000023637d8d800 4279       3       org.eclipse.jdt.internal.core.JrtPackageFragmentRoot$1::visitFile (24 bytes)
Event: 9.798 Thread 0x0000023637d8d800 nmethod 4279 0x00000236247d5e10 code [0x00000236247d5fe0, 0x00000236247d62e0]
Event: 9.927 Thread 0x0000023637d8d800 4282       3       org.eclipse.jdt.internal.compiler.util.JrtFileSystem$1::preVisitDirectory (10 bytes)
Event: 9.927 Thread 0x0000023637d8d800 nmethod 4282 0x00000236247db790 code [0x00000236247db960, 0x00000236247dbc10]
Event: 9.927 Thread 0x0000023637d8d800 4283       3       jdk.internal.jimage.ImageReader$SharedImageReader::visitLocation (73 bytes)
Event: 9.929 Thread 0x0000023637d8d800 nmethod 4283 0x0000023624807b90 code [0x0000023624807ec0, 0x0000023624809490]

GC Heap History (10 events):
Event: 3.909 GC heap before
{Heap before GC invocations=3 (full 0):
 garbage-first heap   total 131072K, used 17583K [0x00000000c0000000, 0x0000000100000000)
  region size 1024K, 15 young (15360K), 5 survivors (5120K)
 Metaspace       used 21794K, capacity 22744K, committed 22912K, reserved 1071104K
  class space    used 1889K, capacity 2157K, committed 2176K, reserved 1048576K
}
Event: 3.923 GC heap after
{Heap after GC invocations=4 (full 0):
 garbage-first heap   total 131072K, used 8165K [0x00000000c0000000, 0x0000000100000000)
  region size 1024K, 1 young (1024K), 1 survivors (1024K)
 Metaspace       used 21794K, capacity 22744K, committed 22912K, reserved 1071104K
  class space    used 1889K, capacity 2157K, committed 2176K, reserved 1048576K
}
Event: 5.270 GC heap before
{Heap before GC invocations=4 (full 0):
 garbage-first heap   total 131072K, used 39909K [0x00000000c0000000, 0x0000000100000000)
  region size 1024K, 32 young (32768K), 1 survivors (1024K)
 Metaspace       used 27891K, capacity 29072K, committed 29440K, reserved 1075200K
  class space    used 2615K, capacity 2973K, committed 3072K, reserved 1048576K
}
Event: 5.277 GC heap after
{Heap after GC invocations=5 (full 0):
 garbage-first heap   total 131072K, used 10102K [0x00000000c0000000, 0x0000000100000000)
  region size 1024K, 3 young (3072K), 3 survivors (3072K)
 Metaspace       used 27891K, capacity 29072K, committed 29440K, reserved 1075200K
  class space    used 2615K, capacity 2973K, committed 3072K, reserved 1048576K
}
Event: 7.278 GC heap before
{Heap before GC invocations=5 (full 0):
 garbage-first heap   total 131072K, used 59254K [0x00000000c0000000, 0x0000000100000000)
  region size 1024K, 51 young (52224K), 3 survivors (3072K)
 Metaspace       used 33762K, capacity 35376K, committed 35584K, reserved 1081344K
  class space    used 3289K, capacity 3808K, committed 3840K, reserved 1048576K
}
Event: 7.294 GC heap after
{Heap after GC invocations=6 (full 0):
 garbage-first heap   total 131072K, used 16341K [0x00000000c0000000, 0x0000000100000000)
  region size 1024K, 7 young (7168K), 7 survivors (7168K)
 Metaspace       used 33762K, capacity 35376K, committed 35584K, reserved 1081344K
  class space    used 3289K, capacity 3808K, committed 3840K, reserved 1048576K
}
Event: 7.386 GC heap before
{Heap before GC invocations=6 (full 0):
 garbage-first heap   total 131072K, used 17365K [0x00000000c0000000, 0x0000000100000000)
  region size 1024K, 9 young (9216K), 7 survivors (7168K)
 Metaspace       used 33913K, capacity 35542K, committed 35840K, reserved 1081344K
  class space    used 3311K, capacity 3825K, committed 3840K, reserved 1048576K
}
Event: 7.397 GC heap after
{Heap after GC invocations=7 (full 0):
 garbage-first heap   total 131072K, used 16958K [0x00000000c0000000, 0x0000000100000000)
  region size 1024K, 1 young (1024K), 1 survivors (1024K)
 Metaspace       used 33913K, capacity 35542K, committed 35840K, reserved 1081344K
  class space    used 3311K, capacity 3825K, committed 3840K, reserved 1048576K
}
Event: 9.774 GC heap before
{Heap before GC invocations=8 (full 0):
 garbage-first heap   total 131072K, used 58942K [0x00000000c0000000, 0x0000000100000000)
  region size 1024K, 42 young (43008K), 1 survivors (1024K)
 Metaspace       used 40213K, capacity 42413K, committed 42880K, reserved 1087488K
  class space    used 3973K, capacity 4672K, committed 4736K, reserved 1048576K
}
Event: 9.783 GC heap after
{Heap after GC invocations=9 (full 0):
 garbage-first heap   total 131072K, used 19900K [0x00000000c0000000, 0x0000000100000000)
  region size 1024K, 4 young (4096K), 4 survivors (4096K)
 Metaspace       used 40213K, capacity 42413K, committed 42880K, reserved 1087488K
  class space    used 3973K, capacity 4672K, committed 4736K, reserved 1048576K
}

Deoptimization events (10 events):
Event: 8.940 Thread 0x0000023639052800 Uncommon trap: reason=unstable_if action=reinterpret pc=0x000002362b65815c method=java.util.concurrent.locks.AbstractQueuedSynchronizer.release(I)Z @ 14 c2
Event: 8.942 Thread 0x0000023639052800 Uncommon trap: reason=unstable_if action=reinterpret pc=0x000002362b65c3a8 method=java.util.concurrent.locks.ReentrantLock$Sync.nonfairTryAcquire(I)Z @ 34 c2
Event: 8.943 Thread 0x0000023639df3000 Uncommon trap: reason=unstable_if action=reinterpret pc=0x000002362b665090 method=java.util.concurrent.locks.AbstractQueuedSynchronizer.release(I)Z @ 14 c2
Event: 8.944 Thread 0x0000023639052800 Uncommon trap: reason=unstable_if action=reinterpret pc=0x000002362b665090 method=java.util.concurrent.locks.AbstractQueuedSynchronizer.release(I)Z @ 14 c2
Event: 8.944 Thread 0x0000023639df3000 Uncommon trap: reason=unstable_if action=reinterpret pc=0x000002362b6680f4 method=java.util.concurrent.locks.AbstractQueuedSynchronizer.release(I)Z @ 14 c2
Event: 8.944 Thread 0x0000023639052800 Uncommon trap: reason=unstable_if action=reinterpret pc=0x000002362b6680f4 method=java.util.concurrent.locks.AbstractQueuedSynchronizer.release(I)Z @ 14 c2
Event: 8.944 Thread 0x0000023639df3000 Uncommon trap: reason=unstable_if action=reinterpret pc=0x000002362b666d18 method=java.util.concurrent.locks.AbstractQueuedSynchronizer.release(I)Z @ 14 c2
Event: 8.944 Thread 0x0000023639052800 Uncommon trap: reason=unstable_if action=reinterpret pc=0x000002362b666d18 method=java.util.concurrent.locks.AbstractQueuedSynchronizer.release(I)Z @ 14 c2
Event: 8.985 Thread 0x0000023639052800 Uncommon trap: reason=unstable_if action=reinterpret pc=0x000002362b71a2e4 method=org.eclipse.osgi.internal.loader.ModuleClassLoader.defineClass(Ljava/lang/String;[BLorg/eclipse/osgi/internal/loader/classpath/ClasspathEntry;)Lorg/eclipse/osgi/internal/loa
Event: 9.757 Thread 0x000002363d70a000 Uncommon trap: reason=unstable_if action=reinterpret pc=0x000002362b680320 method=jdk.internal.jrtfs.JrtPath.normalize(Ljava/lang/String;)Ljava/lang/String; @ 78 c2

Classes redefined (0 events):
No events

Internal exceptions (10 events):
Event: 4.439 Thread 0x0000023638e8e000 Exception <a 'java/lang/NoSuchMethodError'{0x00000000c7918f50}: java.lang.Object.lambda$union$2(Ljava/util/regex/Pattern$CharPredicate;I)Z> (0x00000000c7918f50) thrown at [t:/workspace/open/src/hotspot/share/interpreter/linkResolver.cpp, line 741]
Event: 4.687 Thread 0x0000023638e8e000 Exception <a 'java/lang/NoSuchMethodError'{0x00000000c737bcf8}: java.lang.Object.lambda$union$1(Ljava/util/regex/Pattern$CharPredicate;I)Z> (0x00000000c737bcf8) thrown at [t:/workspace/open/src/hotspot/share/interpreter/linkResolver.cpp, line 741]
Event: 6.343 Thread 0x0000023638e8e000 Exception <a 'java/lang/NoClassDefFoundError'{0x00000000c5777b00}: com/google/inject/servlet/ServletModuleTargetVisitor> (0x00000000c5777b00) thrown at [t:/workspace/open/src/hotspot/share/classfile/systemDictionary.cpp, line 222]
Event: 6.343 Thread 0x0000023638e8e000 Exception <a 'java/lang/NoClassDefFoundError'{0x00000000c577c6e8}: javax/annotation/Priority> (0x00000000c577c6e8) thrown at [t:/workspace/open/src/hotspot/share/classfile/systemDictionary.cpp, line 222]
Event: 6.735 Thread 0x0000023638e8e000 Exception <a 'java/lang/NoSuchMethodError'{0x00000000c5002618}: method resolution failed> (0x00000000c5002618) thrown at [t:/workspace/open/src/hotspot/share/prims/methodHandles.cpp, line 1226]
Event: 7.110 Thread 0x0000023638e8e000 Exception <a 'java/lang/ClassNotFoundException'{0x00000000c4e4ec18}: com/sun/org/apache/xml/internal/serializer/spi/XMLEntitiesProvider> (0x00000000c4e4ec18) thrown at [t:/workspace/open/src/hotspot/share/classfile/systemDictionary.cpp, line 233]
Event: 7.659 Thread 0x0000023616c32000 Exception <a 'java/lang/NoSuchMethodError'{0x00000000c7ecddb0}: java.lang.invoke.DirectMethodHandle$Holder.invokeStatic(Ljava/lang/Object;Ljava/lang/Object;Ljava/lang/Object;Ljava/lang/Object;)V> (0x00000000c7ecddb0) thrown at [t:/workspace/open/src/hotsp
Event: 7.853 Thread 0x0000023616c32000 Exception <a 'java/lang/NoSuchMethodError'{0x00000000c790e3c0}: method resolution failed> (0x00000000c790e3c0) thrown at [t:/workspace/open/src/hotspot/share/prims/methodHandles.cpp, line 1226]
Event: 8.502 Thread 0x000002363d70a000 Exception <a 'sun/nio/fs/WindowsException'{0x00000000c6987c50}> (0x00000000c6987c50) thrown at [t:/workspace/open/src/hotspot/share/prims/jni.cpp, line 611]
Event: 9.022 Thread 0x0000023639df3000 Exception <a 'java/io/FileNotFoundException'{0x00000000c65184f8}> (0x00000000c65184f8) thrown at [t:/workspace/open/src/hotspot/share/prims/jni.cpp, line 611]

Events (10 events):
Event: 9.900 loading class java/nio/channels/Channels
Event: 9.901 loading class java/nio/channels/Channels done
Event: 9.901 loading class java/nio/channels/Channels$ReadableByteChannelImpl
Event: 9.902 loading class java/nio/channels/Channels$ReadableByteChannelImpl done
Event: 9.902 loading class sun/nio/ch/ChannelInputStream
Event: 9.903 loading class sun/nio/ch/ChannelInputStream done
Event: 9.903 loading class java/nio/channels/SelectableChannel
Event: 9.903 loading class java/nio/channels/SelectableChannel done
Event: 9.942 loading class java/rmi/Remote
Event: 9.942 loading class java/rmi/Remote done


Dynamic libraries:
0x00007ff76ebe0000 - 0x00007ff76ec1e000 	C:\Program Files\Java\jdk-10\bin\java.exe
0x00007ffbdd230000 - 0x00007ffbdd411000 	C:\WINDOWS\SYSTEM32\ntdll.dll
0x00007ffbdcf90000 - 0x00007ffbdd042000 	C:\WINDOWS\System32\KERNEL32.DLL
0x00007ffbda1a0000 - 0x00007ffbda413000 	C:\WINDOWS\System32\KERNELBASE.dll
0x00007ffbda6c0000 - 0x00007ffbda761000 	C:\WINDOWS\System32\ADVAPI32.dll
0x00007ffbdad60000 - 0x00007ffbdadfe000 	C:\WINDOWS\System32\msvcrt.dll
0x00007ffbdd060000 - 0x00007ffbdd0bb000 	C:\WINDOWS\System32\sechost.dll
0x00007ffbdb340000 - 0x00007ffbdb464000 	C:\WINDOWS\System32\RPCRT4.dll
0x00007ffbdce00000 - 0x00007ffbdcf90000 	C:\WINDOWS\System32\USER32.dll
0x00007ffbd9f80000 - 0x00007ffbd9fa0000 	C:\WINDOWS\System32\win32u.dll
0x00007ffbdabc0000 - 0x00007ffbdabe8000 	C:\WINDOWS\System32\GDI32.dll
0x00007ffbd9fa0000 - 0x00007ffbda132000 	C:\WINDOWS\System32\gdi32full.dll
0x00007ffbd9ee0000 - 0x00007ffbd9f7f000 	C:\WINDOWS\System32\msvcp_win.dll
0x00007ffbd9680000 - 0x00007ffbd977a000 	C:\WINDOWS\System32\ucrtbase.dll
0x00007ffbd3b20000 - 0x00007ffbd3b2a000 	C:\WINDOWS\SYSTEM32\VERSION.dll
0x00007ffbccea0000 - 0x00007ffbcd109000 	C:\WINDOWS\WinSxS\amd64_microsoft.windows.common-controls_6595b64144ccf1df_6.0.17134.407_none_fb449d63306391e9\COMCTL32.dll
0x00007ffbdb470000 - 0x00007ffbdb792000 	C:\WINDOWS\System32\combase.dll
0x00007ffbd9600000 - 0x00007ffbd967a000 	C:\WINDOWS\System32\bcryptPrimitives.dll
0x00007ffbdd0c0000 - 0x00007ffbdd0ed000 	C:\WINDOWS\System32\IMM32.DLL
0x00007ffbb0010000 - 0x00007ffbb00ff000 	C:\Program Files\Java\jdk-10\bin\msvcr120.dll
0x00007ffbbdb60000 - 0x00007ffbbdc06000 	C:\Program Files\Java\jdk-10\bin\msvcp120.dll
0x000000006ea10000 - 0x000000006f47f000 	C:\Program Files\Java\jdk-10\bin\server\jvm.dll
0x00007ffbdd050000 - 0x00007ffbdd058000 	C:\WINDOWS\System32\PSAPI.DLL
0x00007ffbd8180000 - 0x00007ffbd8189000 	C:\WINDOWS\SYSTEM32\WSOCK32.dll
0x00007ffbd32b0000 - 0x00007ffbd32d3000 	C:\WINDOWS\SYSTEM32\WINMM.dll
0x00007ffbdac90000 - 0x00007ffbdacfc000 	C:\WINDOWS\System32\WS2_32.dll
0x00007ffbd3280000 - 0x00007ffbd32aa000 	C:\WINDOWS\SYSTEM32\winmmbase.dll
0x00007ffbd9780000 - 0x00007ffbd97c9000 	C:\WINDOWS\System32\cfgmgr32.dll
0x00007ffbd4430000 - 0x00007ffbd443f000 	C:\Program Files\Java\jdk-10\bin\verify.dll
0x00007ffbd7f50000 - 0x00007ffbd8119000 	C:\WINDOWS\SYSTEM32\DBGHELP.DLL
0x00007ffbbbe40000 - 0x00007ffbbbe69000 	C:\WINDOWS\SYSTEM32\dbgcore.DLL
0x00007ffbcd660000 - 0x00007ffbcd687000 	C:\Program Files\Java\jdk-10\bin\java.dll
0x00007ffbcd5d0000 - 0x00007ffbcd5e6000 	C:\Program Files\Java\jdk-10\bin\zip.dll
0x00007ffbcd550000 - 0x00007ffbcd55a000 	C:\Program Files\Java\jdk-10\bin\jimage.dll
0x00007ffbdb9c0000 - 0x00007ffbdcdff000 	C:\WINDOWS\System32\SHELL32.dll
0x00007ffbdae00000 - 0x00007ffbdaea9000 	C:\WINDOWS\System32\shcore.dll
0x00007ffbd97d0000 - 0x00007ffbd9edd000 	C:\WINDOWS\System32\windows.storage.dll
0x00007ffbdad00000 - 0x00007ffbdad51000 	C:\WINDOWS\System32\shlwapi.dll
0x00007ffbd95c0000 - 0x00007ffbd95d1000 	C:\WINDOWS\System32\kernel.appcore.dll
0x00007ffbd95e0000 - 0x00007ffbd95ff000 	C:\WINDOWS\System32\profapi.dll
0x00007ffbd9540000 - 0x00007ffbd958c000 	C:\WINDOWS\System32\powrprof.dll
0x00007ffbd95b0000 - 0x00007ffbd95ba000 	C:\WINDOWS\System32\FLTLIB.DLL
0x00007ffbcd530000 - 0x00007ffbcd54a000 	C:\Program Files\Java\jdk-10\bin\net.dll
0x00007ffbccaf0000 - 0x00007ffbccbcc000 	C:\WINDOWS\SYSTEM32\WINHTTP.dll
0x00007ffbd8dc0000 - 0x00007ffbd8e26000 	C:\WINDOWS\system32\mswsock.dll
0x00007ffbcd510000 - 0x00007ffbcd521000 	C:\Program Files\Java\jdk-10\bin\nio.dll
0x00007ffbd8f70000 - 0x00007ffbd8f87000 	C:\WINDOWS\SYSTEM32\CRYPTSP.dll
0x00007ffbd89a0000 - 0x00007ffbd89d3000 	C:\WINDOWS\system32\rsaenh.dll
0x00007ffbd90a0000 - 0x00007ffbd90c5000 	C:\WINDOWS\SYSTEM32\bcrypt.dll
0x00007ffbd9440000 - 0x00007ffbd9468000 	C:\WINDOWS\SYSTEM32\USERENV.dll
0x00007ffbd8f90000 - 0x00007ffbd8f9b000 	C:\WINDOWS\SYSTEM32\CRYPTBASE.dll
0x00007ffbd8b40000 - 0x00007ffbd8b78000 	C:\WINDOWS\SYSTEM32\IPHLPAPI.DLL
0x00007ffbdd110000 - 0x00007ffbdd118000 	C:\WINDOWS\System32\NSI.dll
0x00007ffbd2710000 - 0x00007ffbd2726000 	C:\WINDOWS\SYSTEM32\dhcpcsvc6.DLL
0x00007ffbd2f20000 - 0x00007ffbd2f3a000 	C:\WINDOWS\SYSTEM32\dhcpcsvc.DLL
0x00007ffbc3c60000 - 0x00007ffbc3c89000 	C:\Users\44750\.vscode\extensions\redhat.java-0.35.0\server\config_win\org.eclipse.equinox.launcher\org.eclipse.equinox.launcher.win32.win32.x86_64_1.1.900.v20180922-1751\eclipse_1801.dll

dbghelp: loaded successfully - version: 4.0.5 - missing functions: none
symbol engine: initialized successfully - sym options: 0x614 - pdb path: .;C:\Program Files\Java\jdk-10\bin;C:\WINDOWS\SYSTEM32;C:\WINDOWS\WinSxS\amd64_microsoft.windows.common-controls_6595b64144ccf1df_6.0.17134.407_none_fb449d63306391e9;C:\Program Files\Java\jdk-10\bin\server;C:\Users\44750\.vscode\extensions\redhat.java-0.35.0\server\config_win\org.eclipse.equinox.launcher\org.eclipse.equinox.launcher.win32.win32.x86_64_1.1.900.v20180922-1751

VM Arguments:
jvm_args: --add-modules=ALL-SYSTEM --add-opens=java.base/java.util=ALL-UNNAMED --add-opens=java.base/java.lang=ALL-UNNAMED -Declipse.application=org.eclipse.jdt.ls.core.id1 -Dosgi.bundles.defaultStartLevel=4 -Declipse.product=org.eclipse.jdt.ls.core.product -Xverify:none -Xmx1G -XX:+UseG1GC -XX:+UseStringDeduplication 
java_command: C:\Users\44750\.vscode\extensions\redhat.java-0.35.0\server\plugins\org.eclipse.equinox.launcher_1.5.200.v20180922-1751.jar -configuration C:\Users\44750\.vscode\extensions\redhat.java-0.35.0\server\config_win -data c:\Users\44750\AppData\Roaming\Code\User\workspaceStorage\b2fc367f3178c4b549c31dbe0e7af6a1\redhat.java\jdt_ws
java_class_path (initial): C:\Users\44750\.vscode\extensions\redhat.java-0.35.0\server\plugins\org.eclipse.equinox.launcher_1.5.200.v20180922-1751.jar
Launcher Type: SUN_STANDARD

Logging:
Log output configuration:
#0: stdout all=warning uptime,level,tags
#1: stderr all=off uptime,level,tags

Environment Variables:
JAVA_HOME=C:\Program Files\Java\jdk-10
PATH=C:\ProgramData\Oracle\Java\javapath;C:\Program Files (x86)\Intel\iCLS Client\;C:\Program Files\Intel\iCLS Client\;C:\Windows\system32;C:\Windows;C:\Windows\System32\Wbem;C:\Windows\System32\WindowsPowerShell\v1.0\;C:\Program Files\Intel\IntelSGXPSW\bin\x64\Release\;C:\Program Files\Intel\IntelSGXPSW\bin\win32\Release\;C:\Program Files (x86)\NVIDIA Corporation\PhysX\Common;C:\WINDOWS\system32;C:\WINDOWS;C:\WINDOWS\System32\Wbem;C:\WINDOWS\System32\WindowsPowerShell\v1.0\;C:\Program Files (x86)\Intel\Intel(R) Management Engine Components\DAL;C:\Program Files\Intel\Intel(R) Management Engine Components\DAL;C:\Program Files (x86)\Intel\Intel(R) Management Engine Components\IPT;C:\Program Files\Intel\Intel(R) Management Engine Components\IPT;C:\Program Files\Java\jdk-10\bin;C:\Program Files\Microsoft SQL Server\130\Tools\Binn\;C:\Program Files (x86)\Windows Kits\10\Windows Performance Toolkit\;C:\Program Files (x86)\MSBuild\14.0\Bin;C:\Program Files\dotnet\;C:\Program Files\Java\jdk-10\jre\bin;D:\Program Files\PuTTY\;D:\Program Files\WinSCP\;C:\WINDOWS\System32\OpenSSH\;C:\Program Files\Intel\WiFi\bin\;C:\Program Files\Common Files\Intel\WirelessCommon\;D:\Program Files\Microsoft VS Code\bin;D:\Program Files\Git\cmd;;d:\Program Files\Microsoft VS Code\bin;D:\Program Files\Python\Python37-32\Scripts\;D:\Program Files\Python\Python37-32\;C:\Users\44750\Desktop\p;C:\Users\44750\AppData\Local\Microsoft\WindowsApps;C:\Program Files (x86)\Android\android-sdk\platform-tools;C:\Program Files\Intel\WiFi\bin\;C:\Program Files\Common Files\Intel\WirelessCommon\;C:\Users\44750\AppData\Local\GitHubDesktop\bin
USERNAME=44750
OS=Windows_NT
PROCESSOR_IDENTIFIER=Intel64 Family 6 Model 78 Stepping 3, GenuineIntel



---------------  S Y S T E M  ---------------

OS: Windows 10 , 64 bit Build 17134 (10.0.17134.1)

CPU:total 4 (initial active 4) (2 cores per cpu, 2 threads per core) family 6 model 78 stepping 3, cmov, cx8, fxsr, mmx, sse, sse2, sse3, ssse3, sse4.1, sse4.2, popcnt, avx, avx2, aes, clmul, erms, 3dnowpref, lzcnt, ht, tsc, tscinvbit, bmi1, bmi2, adx, fma

Memory: 4k page, physical 8268192k(548192k free), swap 16656800k(4160k free)

vm_info: Java HotSpot(TM) 64-Bit Server VM (10+46) for windows-amd64 JRE (10+46), built on Mar  8 2018 02:11:18 by "mach5one" with MS VC++ 12.0 (VS2013)

END.
