#
# There is insufficient memory for the Java Runtime Environment to continue.
# Native memory allocation (mmap) failed to map 134217728 bytes for Failed to commit area from 0x00000000c0000000 to 0x00000000c8000000 of length 134217728.
# Possible reasons:
#   The system is out of physical RAM or swap space
#   The process is running with CompressedOops enabled, and the Java Heap may be blocking the growth of the native heap
# Possible solutions:
#   Reduce memory load on the system
#   Increase physical memory or swap space
#   Check if swap backing store is full
#   Decrease Java heap size (-Xmx/-Xms)
#   Decrease number of Java threads
#   Decrease Java thread stack sizes (-Xss)
#   Set larger code cache with -XX:ReservedCodeCacheSize=
# This output file may be truncated or incomplete.
#
#  Out of Memory Error (t:/workspace/open/src/hotspot/os/windows/os_windows.cpp:3221), pid=41544, tid=41408
#
# JRE version:  (10.0+46) (build )
# Java VM: Java HotSpot(TM) 64-Bit Server VM (10+46, mixed mode, aot, tiered, compressed oops, g1 gc, windows-amd64)
# No core dump will be written. Minidumps are not enabled by default on client versions of Windows
#

---------------  S U M M A R Y ------------

Command Line: --add-modules=ALL-SYSTEM --add-opens=java.base/java.util=ALL-UNNAMED --add-opens=java.base/java.lang=ALL-UNNAMED -Declipse.application=org.eclipse.jdt.ls.core.id1 -Dosgi.bundles.defaultStartLevel=4 -Declipse.product=org.eclipse.jdt.ls.core.product -Xverify:none -Xmx1G -XX:+UseG1GC -XX:+UseStringDeduplication C:\Users\44750\.vscode\extensions\redhat.java-0.35.0\server\plugins\org.eclipse.equinox.launcher_1.5.200.v20180922-1751.jar -configuration C:\Users\44750\.vscode\extensions\redhat.java-0.35.0\server\config_win -data c:\Users\44750\AppData\Roaming\Code\User\workspaceStorage\b2fc367f3178c4b549c31dbe0e7af6a1\redhat.java\jdt_ws

Host: Intel(R) Core(TM) i5-6200U CPU @ 2.30GHz, 4 cores, 7G,  Windows 10 , 64 bit Build 17134 (10.0.17134.1)
Time: Sun Dec 02 17:23:24 2018 ¨¬????¨®¡À¨º¡Á?¨º¡À?? elapsed time: 0 seconds (0d 0h 0m 0s)

---------------  T H R E A D  ---------------

Current thread (0x00000111ecf02800):  JavaThread "Unknown thread" [_thread_in_vm, id=41408, stack(0x00000003b0d00000,0x00000003b0e00000)]

Stack: [0x00000003b0d00000,0x00000003b0e00000]
Native frames: (J=compiled Java code, j=interpreted, Vv=VM code, C=native code)
V  [jvm.dll+0x59fbf9]
V  [jvm.dll+0x6bca11]
V  [jvm.dll+0x6bdc06]
V  [jvm.dll+0x6be293]
V  [jvm.dll+0x234ba8]
V  [jvm.dll+0x59d4f4]
V  [jvm.dll+0x592345]
V  [jvm.dll+0x2f633b]
V  [jvm.dll+0x2f62a5]
V  [jvm.dll+0x2f6182]
V  [jvm.dll+0x2f8376]
V  [jvm.dll+0x3441f3]
V  [jvm.dll+0x344906]
V  [jvm.dll+0x3442f3]
V  [jvm.dll+0x2c4758]
V  [jvm.dll+0x2c58a1]
V  [jvm.dll+0x69ce1b]
V  [jvm.dll+0x69e63c]
V  [jvm.dll+0x351909]
V  [jvm.dll+0x685282]
V  [jvm.dll+0x3ba143]
V  [jvm.dll+0x3bc321]
C  [java.exe+0x3531]
C  [java.exe+0xe1af]
C  [java.exe+0xe356]
C  [KERNEL32.DLL+0x13034]
C  [ntdll.dll+0x71471]


---------------  P R O C E S S  ---------------

Threads class SMR info:
_java_thread_list=0x00000111ecd3e340, length=0, elements={
}

Java Threads: ( => current thread )

Other Threads:
  0x00000111ecf1d800 GCTaskThread "GC Thread#0" [stack: 0x00000003b0e00000,0x00000003b0f00000] [id=41448]
  0x00000111ecf1e800 GCTaskThread "GC Thread#1" [stack: 0x00000003b0f00000,0x00000003b1000000] [id=41452]
  0x00000111ecf20800 GCTaskThread "GC Thread#2" [stack: 0x00000003b1000000,0x00000003b1100000] [id=41748]
  0x00000111ecf23800 GCTaskThread "GC Thread#3" [stack: 0x00000003b1100000,0x00000003b1200000] [id=41804]
  0x00000111ecf5c000 ConcurrentGCThread "G1 Main Marker" [stack: 0x00000003b1200000,0x00000003b1300000] [id=41736]
  0x00000111ecf5f800 ConcurrentGCThread "G1 Conc#0" [stack: 0x00000003b1300000,0x00000003b1400000] [id=35936]

[error occurred during error reporting (printing all threads), id 0xe0000002]

VM state:not at safepoint (not fully initialized)

VM Mutex/Monitor currently owned by a thread:  ([mutex/lock_event])
[0x00000111eceffb50] Heap_lock - owner thread: 0x00000111ecf02800

Heap address: 0x00000000c0000000, size: 1024 MB, Compressed Oops mode: Non-zero based: 0x00000000c0000000
Narrow klass base: 0x0000000000000000, Narrow klass shift: 0

GC Heap History (0 events):
No events

Deoptimization events (0 events):
No events

Classes redefined (0 events):
No events

Internal exceptions (0 events):
No events

Events (0 events):
No events


Dynamic libraries:
0x00007ff76ebe0000 - 0x00007ff76ec1e000 	C:\Program Files\Java\jdk-10\bin\java.exe
0x00007ffbdd230000 - 0x00007ffbdd411000 	C:\WINDOWS\SYSTEM32\ntdll.dll
0x00007ffbdcf90000 - 0x00007ffbdd042000 	C:\WINDOWS\System32\KERNEL32.DLL
0x00007ffbda1a0000 - 0x00007ffbda413000 	C:\WINDOWS\System32\KERNELBASE.dll
0x00007ffbda6c0000 - 0x00007ffbda761000 	C:\WINDOWS\System32\ADVAPI32.dll
0x00007ffbdad60000 - 0x00007ffbdadfe000 	C:\WINDOWS\System32\msvcrt.dll
0x00007ffbdd060000 - 0x00007ffbdd0bb000 	C:\WINDOWS\System32\sechost.dll
0x00007ffbdb340000 - 0x00007ffbdb464000 	C:\WINDOWS\System32\RPCRT4.dll
0x00007ffbdce00000 - 0x00007ffbdcf90000 	C:\WINDOWS\System32\USER32.dll
0x00007ffbd9f80000 - 0x00007ffbd9fa0000 	C:\WINDOWS\System32\win32u.dll
0x00007ffbdabc0000 - 0x00007ffbdabe8000 	C:\WINDOWS\System32\GDI32.dll
0x00007ffbd9fa0000 - 0x00007ffbda132000 	C:\WINDOWS\System32\gdi32full.dll
0x00007ffbd9ee0000 - 0x00007ffbd9f7f000 	C:\WINDOWS\System32\msvcp_win.dll
0x00007ffbd9680000 - 0x00007ffbd977a000 	C:\WINDOWS\System32\ucrtbase.dll
0x00007ffbccea0000 - 0x00007ffbcd109000 	C:\WINDOWS\WinSxS\amd64_microsoft.windows.common-controls_6595b64144ccf1df_6.0.17134.407_none_fb449d63306391e9\COMCTL32.dll
0x00007ffbdb470000 - 0x00007ffbdb792000 	C:\WINDOWS\System32\combase.dll
0x00007ffbd9600000 - 0x00007ffbd967a000 	C:\WINDOWS\System32\bcryptPrimitives.dll
0x00007ffbd3b20000 - 0x00007ffbd3b2a000 	C:\WINDOWS\SYSTEM32\VERSION.dll
0x00007ffbdd0c0000 - 0x00007ffbdd0ed000 	C:\WINDOWS\System32\IMM32.DLL
0x00007ffbb0010000 - 0x00007ffbb00ff000 	C:\Program Files\Java\jdk-10\bin\msvcr120.dll
0x00007ffbbdb60000 - 0x00007ffbbdc06000 	C:\Program Files\Java\jdk-10\bin\msvcp120.dll
0x000000006ea10000 - 0x000000006f47f000 	C:\Program Files\Java\jdk-10\bin\server\jvm.dll
0x00007ffbdd050000 - 0x00007ffbdd058000 	C:\WINDOWS\System32\PSAPI.DLL
0x00007ffbd8180000 - 0x00007ffbd8189000 	C:\WINDOWS\SYSTEM32\WSOCK32.dll
0x00007ffbdac90000 - 0x00007ffbdacfc000 	C:\WINDOWS\System32\WS2_32.dll
0x00007ffbd32b0000 - 0x00007ffbd32d3000 	C:\WINDOWS\SYSTEM32\WINMM.dll
0x00007ffbd3280000 - 0x00007ffbd32aa000 	C:\WINDOWS\SYSTEM32\WINMMBASE.dll
0x00007ffbd9780000 - 0x00007ffbd97c9000 	C:\WINDOWS\System32\cfgmgr32.dll
0x00007ffbcd680000 - 0x00007ffbcd68f000 	C:\Program Files\Java\jdk-10\bin\verify.dll
0x00007ffbd7f50000 - 0x00007ffbd8119000 	C:\WINDOWS\SYSTEM32\DBGHELP.DLL
0x00007ffbbbe40000 - 0x00007ffbbbe69000 	C:\WINDOWS\SYSTEM32\dbgcore.DLL
0x00007ffbcd530000 - 0x00007ffbcd557000 	C:\Program Files\Java\jdk-10\bin\java.dll
0x00007ffbcd660000 - 0x00007ffbcd676000 	C:\Program Files\Java\jdk-10\bin\zip.dll
0x00007ffbcd5e0000 - 0x00007ffbcd5ea000 	C:\Program Files\Java\jdk-10\bin\jimage.dll

dbghelp: loaded successfully - version: 4.0.5 - missing functions: none
symbol engine: initialized successfully - sym options: 0x614 - pdb path: .;C:\Program Files\Java\jdk-10\bin;C:\WINDOWS\SYSTEM32;C:\WINDOWS\WinSxS\amd64_microsoft.windows.common-controls_6595b64144ccf1df_6.0.17134.407_none_fb449d63306391e9;C:\Program Files\Java\jdk-10\bin\server

VM Arguments:
jvm_args: --add-modules=ALL-SYSTEM --add-opens=java.base/java.util=ALL-UNNAMED --add-opens=java.base/java.lang=ALL-UNNAMED -Declipse.application=org.eclipse.jdt.ls.core.id1 -Dosgi.bundles.defaultStartLevel=4 -Declipse.product=org.eclipse.jdt.ls.core.product -Xverify:none -Xmx1G -XX:+UseG1GC -XX:+UseStringDeduplication 
java_command: C:\Users\44750\.vscode\extensions\redhat.java-0.35.0\server\plugins\org.eclipse.equinox.launcher_1.5.200.v20180922-1751.jar -configuration C:\Users\44750\.vscode\extensions\redhat.java-0.35.0\server\config_win -data c:\Users\44750\AppData\Roaming\Code\User\workspaceStorage\b2fc367f3178c4b549c31dbe0e7af6a1\redhat.java\jdt_ws
java_class_path (initial): C:\Users\44750\.vscode\extensions\redhat.java-0.35.0\server\plugins\org.eclipse.equinox.launcher_1.5.200.v20180922-1751.jar
Launcher Type: SUN_STANDARD

Logging:
Log output configuration:
#0: stdout all=warning uptime,level,tags
#1: stderr all=off uptime,level,tags

Environment Variables:
JAVA_HOME=C:\Program Files\Java\jdk-10
PATH=C:\ProgramData\Oracle\Java\javapath;C:\Program Files (x86)\Intel\iCLS Client\;C:\Program Files\Intel\iCLS Client\;C:\Windows\system32;C:\Windows;C:\Windows\System32\Wbem;C:\Windows\System32\WindowsPowerShell\v1.0\;C:\Program Files\Intel\IntelSGXPSW\bin\x64\Release\;C:\Program Files\Intel\IntelSGXPSW\bin\win32\Release\;C:\Program Files (x86)\NVIDIA Corporation\PhysX\Common;C:\WINDOWS\system32;C:\WINDOWS;C:\WINDOWS\System32\Wbem;C:\WINDOWS\System32\WindowsPowerShell\v1.0\;C:\Program Files (x86)\Intel\Intel(R) Management Engine Components\DAL;C:\Program Files\Intel\Intel(R) Management Engine Components\DAL;C:\Program Files (x86)\Intel\Intel(R) Management Engine Components\IPT;C:\Program Files\Intel\Intel(R) Management Engine Components\IPT;C:\Program Files\Java\jdk-10\bin;C:\Program Files\Microsoft SQL Server\130\Tools\Binn\;C:\Program Files (x86)\Windows Kits\10\Windows Performance Toolkit\;C:\Program Files (x86)\MSBuild\14.0\Bin;C:\Program Files\dotnet\;C:\Program Files\Java\jdk-10\jre\bin;D:\Program Files\PuTTY\;D:\Program Files\WinSCP\;C:\WINDOWS\System32\OpenSSH\;C:\Program Files\Intel\WiFi\bin\;C:\Program Files\Common Files\Intel\WirelessCommon\;D:\Program Files\Microsoft VS Code\bin;D:\Program Files\Git\cmd;;d:\Program Files\Microsoft VS Code\bin;D:\Program Files\Python\Python37-32\Scripts\;D:\Program Files\Python\Python37-32\;C:\Users\44750\Desktop\p;C:\Users\44750\AppData\Local\Microsoft\WindowsApps;C:\Program Files (x86)\Android\android-sdk\platform-tools;C:\Program Files\Intel\WiFi\bin\;C:\Program Files\Common Files\Intel\WirelessCommon\;C:\Users\44750\AppData\Local\GitHubDesktop\bin
USERNAME=44750
OS=Windows_NT
PROCESSOR_IDENTIFIER=Intel64 Family 6 Model 78 Stepping 3, GenuineIntel



---------------  S Y S T E M  ---------------

OS: Windows 10 , 64 bit Build 17134 (10.0.17134.1)

CPU:total 4 (initial active 4) (2 cores per cpu, 2 threads per core) family 6 model 78 stepping 3, cmov, cx8, fxsr, mmx, sse, sse2, sse3, ssse3, sse4.1, sse4.2, popcnt, avx, avx2, aes, clmul, erms, 3dnowpref, lzcnt, ht, tsc, tscinvbit, bmi1, bmi2, adx, fma

Memory: 4k page, physical 8268192k(720948k free), swap 16656800k(155992k free)

vm_info: Java HotSpot(TM) 64-Bit Server VM (10+46) for windows-amd64 JRE (10+46), built on Mar  8 2018 02:11:18 by "mach5one" with MS VC++ 12.0 (VS2013)

END.
