#
# There is insufficient memory for the Java Runtime Environment to continue.
# Native memory allocation (malloc) failed to allocate 32744 bytes for ChunkPool::allocate
# Possible reasons:
#   The system is out of physical RAM or swap space
#   The process is running with CompressedOops enabled, and the Java Heap may be blocking the growth of the native heap
# Possible solutions:
#   Reduce memory load on the system
#   Increase physical memory or swap space
#   Check if swap backing store is full
#   Decrease Java heap size (-Xmx/-Xms)
#   Decrease number of Java threads
#   Decrease Java thread stack sizes (-Xss)
#   Set larger code cache with -XX:ReservedCodeCacheSize=
#   JVM is running with Unscaled Compressed Oops mode in which the Java heap is
#     placed in the first 4GB address space. The Java Heap base address is the
#     maximum limit for the native heap growth. Please use -XX:HeapBaseMinAddress
#     to set the Java Heap base and to place the Java Heap above 4GB virtual address.
# This output file may be truncated or incomplete.
#
#  Out of Memory Error (t:/workspace/open/src/hotspot/share/memory/arena.cpp:82), pid=9428, tid=27360
#
# JRE version: Java(TM) SE Runtime Environment (10.0+46) (build 10+46)
# Java VM: Java HotSpot(TM) 64-Bit Server VM (10+46, mixed mode, tiered, compressed oops, g1 gc, windows-amd64)
# No core dump will be written. Minidumps are not enabled by default on client versions of Windows
#

---------------  S U M M A R Y ------------

Command Line: --add-modules=ALL-SYSTEM --add-opens=java.base/java.util=ALL-UNNAMED --add-opens=java.base/java.lang=ALL-UNNAMED -Declipse.application=org.eclipse.jdt.ls.core.id1 -Dosgi.bundles.defaultStartLevel=4 -Declipse.product=org.eclipse.jdt.ls.core.product -Xverify:none -Xmx1G -XX:+UseG1GC -XX:+UseStringDeduplication C:\Users\44750\.vscode\extensions\redhat.java-0.35.0\server\plugins\org.eclipse.equinox.launcher_1.5.200.v20180922-1751.jar -configuration C:\Users\44750\.vscode\extensions\redhat.java-0.35.0\server\config_win -data c:\Users\44750\AppData\Roaming\Code\User\workspaceStorage\b2fc367f3178c4b549c31dbe0e7af6a1\redhat.java\jdt_ws

Host: Intel(R) Core(TM) i5-6200U CPU @ 2.30GHz, 4 cores, 7G,  Windows 10 , 64 bit Build 17134 (10.0.17134.1)
Time: Sun Dec 02 17:23:24 2018 ¨¬????¨®¡À¨º¡Á?¨º¡À?? elapsed time: 5491 seconds (0d 1h 31m 31s)

---------------  T H R E A D  ---------------

Current thread (0x000001d5e5d2c800):  JavaThread "C2 CompilerThread0" daemon [_thread_in_native, id=27360, stack(0x00000059b7900000,0x00000059b7a00000)]


Current CompileTask:
C2:5491327 5281       4       java.lang.Character::isWhitespace (9 bytes)

Stack: [0x00000059b7900000,0x00000059b7a00000]
Native frames: (J=compiled Java code, j=interpreted, Vv=VM code, C=native code)
V  [jvm.dll+0x59fbf9]
V  [jvm.dll+0x6bca11]
V  [jvm.dll+0x6bdc06]
V  [jvm.dll+0x6be293]
V  [jvm.dll+0x234ba8]
V  [jvm.dll+0xbbc2b]
V  [jvm.dll+0xbba1a]
V  [jvm.dll+0xbbedc]
V  [jvm.dll+0x4a803b]
V  [jvm.dll+0x310fb9]
V  [jvm.dll+0x31051a]
V  [jvm.dll+0x1fffd1]
V  [jvm.dll+0x1ff256]
V  [jvm.dll+0x17caeb]
V  [jvm.dll+0x20ca3d]
V  [jvm.dll+0x20b806]
V  [jvm.dll+0x68b42f]
V  [jvm.dll+0x59ef10]
C  [msvcr120.dll+0x24f7f]
C  [msvcr120.dll+0x25126]
C  [KERNEL32.DLL+0x13034]
C  [ntdll.dll+0x71471]


---------------  P R O C E S S  ---------------

Threads class SMR info:
_java_thread_list=0x000001d5e90945b0, length=22, elements={
0x000001d5c663d000, 0x000001d5e5497800, 0x000001d5e54a3000, 0x000001d5e5500800,
0x000001d5e5501800, 0x000001d5e5d2c800, 0x000001d5e5d2e000, 0x000001d5e5d32000,
0x000001d5e5d3b000, 0x000001d5e5eef800, 0x000001d5e5fff000, 0x000001d5e6491000,
0x000001d5e6e93800, 0x000001d5e6e94800, 0x000001d5e670c800, 0x000001d5e70cb800,
0x000001d5e706b800, 0x000001d5e747e800, 0x000001d5e9794800, 0x000001d5eb181000,
0x000001d5eac0a000, 0x000001d5eac0b000
}

Java Threads: ( => current thread )
  0x000001d5c663d000 JavaThread "main" [_thread_blocked, id=26888, stack(0x00000059b6700000,0x00000059b6800000)]
  0x000001d5e5497800 JavaThread "Reference Handler" daemon [_thread_blocked, id=27244, stack(0x00000059b7500000,0x00000059b7600000)]
  0x000001d5e54a3000 JavaThread "Finalizer" daemon [_thread_blocked, id=27512, stack(0x00000059b7600000,0x00000059b7700000)]
  0x000001d5e5500800 JavaThread "Signal Dispatcher" daemon [_thread_blocked, id=25948, stack(0x00000059b7700000,0x00000059b7800000)]
  0x000001d5e5501800 JavaThread "Attach Listener" daemon [_thread_blocked, id=26560, stack(0x00000059b7800000,0x00000059b7900000)]
=>0x000001d5e5d2c800 JavaThread "C2 CompilerThread0" daemon [_thread_in_native, id=27360, stack(0x00000059b7900000,0x00000059b7a00000)]
  0x000001d5e5d2e000 JavaThread "C2 CompilerThread1" daemon [_thread_blocked, id=23792, stack(0x00000059b7a00000,0x00000059b7b00000)]
  0x000001d5e5d32000 JavaThread "C1 CompilerThread2" daemon [_thread_blocked, id=13228, stack(0x00000059b7b00000,0x00000059b7c00000)]
  0x000001d5e5d3b000 JavaThread "Sweeper thread" daemon [_thread_blocked, id=26956, stack(0x00000059b7c00000,0x00000059b7d00000)]
  0x000001d5e5eef800 JavaThread "Common-Cleaner" daemon [_thread_blocked, id=20332, stack(0x00000059b7d00000,0x00000059b7e00000)]
  0x000001d5e5fff000 JavaThread "Service Thread" daemon [_thread_blocked, id=22044, stack(0x00000059b7e00000,0x00000059b7f00000)]
  0x000001d5e6491000 JavaThread "Active Thread: Equinox Container: 0dfd950b-80ae-494a-b887-4c2b45083406" [_thread_blocked, id=11416, stack(0x00000059b8000000,0x00000059b8100000)]
  0x000001d5e6e93800 JavaThread "Framework Event Dispatcher: Equinox Container: 0dfd950b-80ae-494a-b887-4c2b45083406" daemon [_thread_blocked, id=19220, stack(0x00000059b8100000,0x00000059b8200000)]
  0x000001d5e6e94800 JavaThread "Start Level: Equinox Container: 0dfd950b-80ae-494a-b887-4c2b45083406" daemon [_thread_blocked, id=20660, stack(0x00000059b8200000,0x00000059b8300000)]
  0x000001d5e670c800 JavaThread "Worker-JM" [_thread_blocked, id=8428, stack(0x00000059b8300000,0x00000059b8400000)]
  0x000001d5e70cb800 JavaThread "Worker-0" [_thread_blocked, id=23864, stack(0x00000059b8400000,0x00000059b8500000)]
  0x000001d5e706b800 JavaThread "Worker-1" [_thread_blocked, id=7736, stack(0x00000059b8500000,0x00000059b8600000)]
  0x000001d5e747e800 JavaThread "Java indexing" daemon [_thread_blocked, id=5032, stack(0x00000059b8600000,0x00000059b8700000)]
  0x000001d5e9794800 JavaThread "pool-2-thread-1" [_thread_blocked, id=10300, stack(0x00000059b8700000,0x00000059b8800000)]
  0x000001d5eb181000 JavaThread "pool-1-thread-1" [_thread_in_native, id=21512, stack(0x00000059b8800000,0x00000059b8900000)]
  0x000001d5eac0a000 JavaThread "Bundle File Closer" daemon [_thread_blocked, id=16456, stack(0x00000059b8c00000,0x00000059b8d00000)]
  0x000001d5eac0b000 JavaThread "ForkJoinPool.commonPool-worker-1" daemon [_thread_blocked, id=25680, stack(0x00000059b8d00000,0x00000059b8e00000)]

Other Threads:
  0x000001d5e5496000 VMThread "VM Thread" [stack: 0x00000059b7400000,0x00000059b7500000] [id=24272]
  0x000001d5e61f5000 WatcherThread [stack: 0x00000059b7f00000,0x00000059b8000000] [id=10248]
  0x000001d5c665e000 GCTaskThread "GC Thread#0" [stack: 0x00000059b6800000,0x00000059b6900000] [id=25628]
  0x000001d5c665f800 GCTaskThread "GC Thread#1" [stack: 0x00000059b6900000,0x00000059b6a00000] [id=14176]
  0x000001d5c6662000 GCTaskThread "GC Thread#2" [stack: 0x00000059b6a00000,0x00000059b6b00000] [id=20916]
  0x000001d5c6663000 GCTaskThread "GC Thread#3" [stack: 0x00000059b6b00000,0x00000059b6c00000] [id=21136]
  0x000001d5c66a5800 ConcurrentGCThread "G1 Main Marker" [stack: 0x00000059b6c00000,0x00000059b6d00000] [id=26932]
  0x000001d5c66a6800 ConcurrentGCThread "G1 Conc#0" [stack: 0x00000059b6d00000,0x00000059b6e00000] [id=23112]
  0x000001d5e5320800 ConcurrentGCThread "G1 Refine#0" [stack: 0x00000059b6e00000,0x00000059b6f00000] [id=28264]
  0x000001d5e5321800 ConcurrentGCThread "G1 Refine#1" [stack: 0x00000059b6f00000,0x00000059b7000000] [id=28008]
  0x000001d5c6718000 ConcurrentGCThread "G1 Refine#2" [stack: 0x00000059b7000000,0x00000059b7100000] [id=5520]
  0x000001d5e5329000 ConcurrentGCThread "G1 Refine#3" [stack: 0x00000059b7100000,0x00000059b7200000] [id=10564]
  0x000001d5c671e800 ConcurrentGCThread "G1 Young RemSet Sampling" [stack: 0x00000059b7200000,0x00000059b7300000] [id=18028]
  0x000001d5e5337800 ConcurrentGCThread "G1 StrDedup" [stack: 0x00000059b7300000,0x00000059b7400000] [id=7816]

Threads with active compile tasks:
C2 CompilerThread05281       4       java.lang.Character::isWhitespace (9 bytes)

VM state:not at safepoint (normal execution)

VM Mutex/Monitor currently owned by a thread: None

Heap address: 0x00000000c0000000, size: 1024 MB, Compressed Oops mode: 32-bit
Narrow klass base: 0x0000000000000000, Narrow klass shift: 3
Compressed class space size: 1073741824 Address: 0x0000000100000000

Heap:
 garbage-first heap   total 131072K, used 90757K [0x00000000c0000000, 0x0000000100000000)
  region size 1024K, 46 young (47104K), 5 survivors (5120K)
 Metaspace       used 45650K, capacity 47837K, committed 48080K, reserved 1091584K
  class space    used 4433K, capacity 5201K, committed 5328K, reserved 1048576K
Heap Regions: E=young(eden), S=young(survivor), O=old, HS=humongous(starts), HC=humongous(continues), CS=collection set, F=free, A=archive, TS=gc time stamp, AC=allocation context, TAMS=top-at-mark-start (previous, next)
|   0|0x00000000c0000000, 0x00000000c0100000, 0x00000000c0100000|100%| O|  |TS  0|AC  0|TAMS 0x00000000c0100000, 0x00000000c0100000|
|   1|0x00000000c0100000, 0x00000000c0200000, 0x00000000c0200000|100%| O|  |TS  0|AC  0|TAMS 0x00000000c0200000, 0x00000000c0200000|
|   2|0x00000000c0200000, 0x00000000c0300000, 0x00000000c0300000|100%| O|  |TS  0|AC  0|TAMS 0x00000000c0300000, 0x00000000c0300000|
|   3|0x00000000c0300000, 0x00000000c0400000, 0x00000000c0400000|100%| O|  |TS  0|AC  0|TAMS 0x00000000c0400000, 0x00000000c0400000|
|   4|0x00000000c0400000, 0x00000000c0500000, 0x00000000c0500000|100%| O|  |TS  0|AC  0|TAMS 0x00000000c0500000, 0x00000000c0500000|
|   5|0x00000000c0500000, 0x00000000c0600000, 0x00000000c0600000|100%| O|  |TS  0|AC  0|TAMS 0x00000000c0600000, 0x00000000c0600000|
|   6|0x00000000c0600000, 0x00000000c0700000, 0x00000000c0700000|100%| O|  |TS  0|AC  0|TAMS 0x00000000c0700000, 0x00000000c0700000|
|   7|0x00000000c0700000, 0x00000000c0800000, 0x00000000c0800000|100%| O|  |TS  0|AC  0|TAMS 0x00000000c0800000, 0x00000000c0800000|
|   8|0x00000000c0800000, 0x00000000c0900000, 0x00000000c0900000|100%| O|  |TS  0|AC  0|TAMS 0x00000000c0900000, 0x00000000c0900000|
|   9|0x00000000c0900000, 0x00000000c0a00000, 0x00000000c0a00000|100%| O|  |TS  1|AC  0|TAMS 0x00000000c09c6400, 0x00000000c09c6400|
|  10|0x00000000c0a00000, 0x00000000c0b00000, 0x00000000c0b00000|100%| O|  |TS  1|AC  0|TAMS 0x00000000c0a00000, 0x00000000c0a00000|
|  11|0x00000000c0b00000, 0x00000000c0c00000, 0x00000000c0c00000|100%| O|  |TS  1|AC  0|TAMS 0x00000000c0b00000, 0x00000000c0b00000|
|  12|0x00000000c0c00000, 0x00000000c0d00000, 0x00000000c0d00000|100%| O|  |TS  1|AC  0|TAMS 0x00000000c0c00000, 0x00000000c0c00000|
|  13|0x00000000c0d00000, 0x00000000c0e00000, 0x00000000c0e00000|100%| O|  |TS  2|AC  0|TAMS 0x00000000c0d00000, 0x00000000c0d00000|
|  14|0x00000000c0e00000, 0x00000000c0f00000, 0x00000000c0f00000|100%| O|  |TS  2|AC  0|TAMS 0x00000000c0e00000, 0x00000000c0e00000|
|  15|0x00000000c0f00000, 0x00000000c1000000, 0x00000000c1000000|100%| O|  |TS  2|AC  0|TAMS 0x00000000c0f00000, 0x00000000c0f00000|
|  16|0x00000000c1000000, 0x00000000c1100000, 0x00000000c1100000|100%| O|  |TS  2|AC  0|TAMS 0x00000000c1000000, 0x00000000c1000000|
|  17|0x00000000c1100000, 0x00000000c1200000, 0x00000000c1200000|100%| O|  |TS  2|AC  0|TAMS 0x00000000c1100000, 0x00000000c1100000|
|  18|0x00000000c1200000, 0x00000000c1300000, 0x00000000c1300000|100%| O|  |TS  2|AC  0|TAMS 0x00000000c1200000, 0x00000000c1200000|
|  19|0x00000000c1300000, 0x00000000c1400000, 0x00000000c1400000|100%| O|  |TS  2|AC  0|TAMS 0x00000000c1300000, 0x00000000c1300000|
|  20|0x00000000c1400000, 0x00000000c1500000, 0x00000000c1500000|100%| O|  |TS  3|AC  0|TAMS 0x00000000c1400000, 0x00000000c1400000|
|  21|0x00000000c1500000, 0x00000000c1600000, 0x00000000c1600000|100%| O|  |TS  3|AC  0|TAMS 0x00000000c1500000, 0x00000000c1500000|
|  22|0x00000000c1600000, 0x00000000c1700000, 0x00000000c1700000|100%| O|  |TS  3|AC  0|TAMS 0x00000000c1600000, 0x00000000c1600000|
|  23|0x00000000c1700000, 0x00000000c1800000, 0x00000000c1800000|100%| O|  |TS  3|AC  0|TAMS 0x00000000c1700000, 0x00000000c1700000|
|  24|0x00000000c1800000, 0x00000000c1900000, 0x00000000c1900000|100%| O|  |TS  3|AC  0|TAMS 0x00000000c1800000, 0x00000000c1800000|
|  25|0x00000000c1900000, 0x00000000c1a00000, 0x00000000c1a00000|100%| O|  |TS  4|AC  0|TAMS 0x00000000c1900000, 0x00000000c1900000|
|  26|0x00000000c1a00000, 0x00000000c1b00000, 0x00000000c1b00000|100%|HS|  |TS  0|AC  0|TAMS 0x00000000c1a00000, 0x00000000c1a00000|
|  27|0x00000000c1b00000, 0x00000000c1c00000, 0x00000000c1c00000|100%| O|  |TS  4|AC  0|TAMS 0x00000000c1b00000, 0x00000000c1b00000|
|  28|0x00000000c1c00000, 0x00000000c1d00000, 0x00000000c1d00000|100%| O|  |TS  4|AC  0|TAMS 0x00000000c1c00000, 0x00000000c1c00000|
|  29|0x00000000c1d00000, 0x00000000c1e00000, 0x00000000c1e00000|100%| O|  |TS  4|AC  0|TAMS 0x00000000c1d00000, 0x00000000c1d00000|
|  30|0x00000000c1e00000, 0x00000000c1f00000, 0x00000000c1f00000|100%| O|  |TS  4|AC  0|TAMS 0x00000000c1e00000, 0x00000000c1e00000|
|  31|0x00000000c1f00000, 0x00000000c2000000, 0x00000000c2000000|100%| O|  |TS  5|AC  0|TAMS 0x00000000c1f00000, 0x00000000c1f00000|
|  32|0x00000000c2000000, 0x00000000c2100000, 0x00000000c2100000|100%| O|  |TS  5|AC  0|TAMS 0x00000000c2000000, 0x00000000c2000000|
|  33|0x00000000c2100000, 0x00000000c2200000, 0x00000000c2200000|100%| O|  |TS  5|AC  0|TAMS 0x00000000c2100000, 0x00000000c2100000|
|  34|0x00000000c2200000, 0x00000000c2300000, 0x00000000c2300000|100%| O|  |TS  5|AC  0|TAMS 0x00000000c2200000, 0x00000000c2200000|
|  35|0x00000000c2300000, 0x00000000c2400000, 0x00000000c2400000|100%| O|  |TS  5|AC  0|TAMS 0x00000000c2300000, 0x00000000c2300000|
|  36|0x00000000c2400000, 0x00000000c2500000, 0x00000000c2500000|100%| O|  |TS  6|AC  0|TAMS 0x00000000c2400000, 0x00000000c2400000|
|  37|0x00000000c2500000, 0x00000000c2600000, 0x00000000c2600000|100%|HS|  |TS  0|AC  0|TAMS 0x00000000c2500000, 0x00000000c2500000|
|  38|0x00000000c2600000, 0x00000000c2700000, 0x00000000c2700000|100%|HS|  |TS  0|AC  0|TAMS 0x00000000c2600000, 0x00000000c2600000|
|  39|0x00000000c2700000, 0x00000000c2800000, 0x00000000c2800000|100%| O|  |TS  6|AC  0|TAMS 0x00000000c2700000, 0x00000000c2700000|
|  40|0x00000000c2800000, 0x00000000c2900000, 0x00000000c2900000|100%| O|  |TS  6|AC  0|TAMS 0x00000000c2800000, 0x00000000c2800000|
|  41|0x00000000c2900000, 0x00000000c2a00000, 0x00000000c2a00000|100%| O|  |TS  6|AC  0|TAMS 0x00000000c2900000, 0x00000000c2900000|
|  42|0x00000000c2a00000, 0x00000000c2b00000, 0x00000000c2b00000|100%| O|  |TS  6|AC  0|TAMS 0x00000000c2a00000, 0x00000000c2a00000|
|  43|0x00000000c2b00000, 0x00000000c2bdb000, 0x00000000c2c00000| 85%| O|  |TS  6|AC  0|TAMS 0x00000000c2b00000, 0x00000000c2b00000|
|  44|0x00000000c2c00000, 0x00000000c2c00000, 0x00000000c2d00000|  0%| F|  |TS  0|AC  0|TAMS 0x00000000c2c00000, 0x00000000c2c00000|
|  45|0x00000000c2d00000, 0x00000000c2d00000, 0x00000000c2e00000|  0%| F|  |TS  0|AC  0|TAMS 0x00000000c2d00000, 0x00000000c2d00000|
|  46|0x00000000c2e00000, 0x00000000c2e00000, 0x00000000c2f00000|  0%| F|  |TS  0|AC  0|TAMS 0x00000000c2e00000, 0x00000000c2e00000|
|  47|0x00000000c2f00000, 0x00000000c2f00000, 0x00000000c3000000|  0%| F|  |TS  0|AC  0|TAMS 0x00000000c2f00000, 0x00000000c2f00000|
|  48|0x00000000c3000000, 0x00000000c3000000, 0x00000000c3100000|  0%| F|  |TS  0|AC  0|TAMS 0x00000000c3000000, 0x00000000c3000000|
|  49|0x00000000c3100000, 0x00000000c3100000, 0x00000000c3200000|  0%| F|  |TS  0|AC  0|TAMS 0x00000000c3100000, 0x00000000c3100000|
|  50|0x00000000c3200000, 0x00000000c3200000, 0x00000000c3300000|  0%| F|  |TS  0|AC  0|TAMS 0x00000000c3200000, 0x00000000c3200000|
|  51|0x00000000c3300000, 0x00000000c3300000, 0x00000000c3400000|  0%| F|  |TS  0|AC  0|TAMS 0x00000000c3300000, 0x00000000c3300000|
|  52|0x00000000c3400000, 0x00000000c3400000, 0x00000000c3500000|  0%| F|  |TS  0|AC  0|TAMS 0x00000000c3400000, 0x00000000c3400000|
|  53|0x00000000c3500000, 0x00000000c3500000, 0x00000000c3600000|  0%| F|  |TS  0|AC  0|TAMS 0x00000000c3500000, 0x00000000c3500000|
|  54|0x00000000c3600000, 0x00000000c3600000, 0x00000000c3700000|  0%| F|  |TS  0|AC  0|TAMS 0x00000000c3600000, 0x00000000c3600000|
|  55|0x00000000c3700000, 0x00000000c3700000, 0x00000000c3800000|  0%| F|  |TS  0|AC  0|TAMS 0x00000000c3700000, 0x00000000c3700000|
|  56|0x00000000c3800000, 0x00000000c3800000, 0x00000000c3900000|  0%| F|  |TS  0|AC  0|TAMS 0x00000000c3800000, 0x00000000c3800000|
|  57|0x00000000c3900000, 0x00000000c3900000, 0x00000000c3a00000|  0%| F|  |TS  0|AC  0|TAMS 0x00000000c3900000, 0x00000000c3900000|
|  58|0x00000000c3a00000, 0x00000000c3a00000, 0x00000000c3b00000|  0%| F|  |TS  0|AC  0|TAMS 0x00000000c3a00000, 0x00000000c3a00000|
|  59|0x00000000c3b00000, 0x00000000c3b00000, 0x00000000c3c00000|  0%| F|  |TS  0|AC  0|TAMS 0x00000000c3b00000, 0x00000000c3b00000|
|  60|0x00000000c3c00000, 0x00000000c3c00000, 0x00000000c3d00000|  0%| F|  |TS  0|AC  0|TAMS 0x00000000c3c00000, 0x00000000c3c00000|
|  61|0x00000000c3d00000, 0x00000000c3d00000, 0x00000000c3e00000|  0%| F|  |TS  5|AC  0|TAMS 0x00000000c3d00000, 0x00000000c3d00000|
|  62|0x00000000c3e00000, 0x00000000c3e00000, 0x00000000c3f00000|  0%| F|  |TS  5|AC  0|TAMS 0x00000000c3e00000, 0x00000000c3e00000|
|  63|0x00000000c3f00000, 0x00000000c3f00000, 0x00000000c4000000|  0%| F|  |TS  5|AC  0|TAMS 0x00000000c3f00000, 0x00000000c3f00000|
|  64|0x00000000c4000000, 0x00000000c4000000, 0x00000000c4100000|  0%| F|  |TS  6|AC  0|TAMS 0x00000000c4000000, 0x00000000c4000000|
|  65|0x00000000c4100000, 0x00000000c4100000, 0x00000000c4200000|  0%| F|  |TS  6|AC  0|TAMS 0x00000000c4100000, 0x00000000c4100000|
|  66|0x00000000c4200000, 0x00000000c4200000, 0x00000000c4300000|  0%| F|  |TS  6|AC  0|TAMS 0x00000000c4200000, 0x00000000c4200000|
|  67|0x00000000c4300000, 0x00000000c4300000, 0x00000000c4400000|  0%| F|  |TS  6|AC  0|TAMS 0x00000000c4300000, 0x00000000c4300000|
|  68|0x00000000c4400000, 0x00000000c4400000, 0x00000000c4500000|  0%| F|  |TS  6|AC  0|TAMS 0x00000000c4400000, 0x00000000c4400000|
|  69|0x00000000c4500000, 0x00000000c45c6480, 0x00000000c4600000| 77%| S|CS|TS  6|AC  0|TAMS 0x00000000c4500000, 0x00000000c4500000|
|  70|0x00000000c4600000, 0x00000000c4700000, 0x00000000c4700000|100%| S|CS|TS  6|AC  0|TAMS 0x00000000c4600000, 0x00000000c4600000|
|  71|0x00000000c4700000, 0x00000000c4800000, 0x00000000c4800000|100%| S|CS|TS  6|AC  0|TAMS 0x00000000c4700000, 0x00000000c4700000|
|  72|0x00000000c4800000, 0x00000000c4800000, 0x00000000c4900000|  0%| F|  |TS  6|AC  0|TAMS 0x00000000c4800000, 0x00000000c4800000|
|  73|0x00000000c4900000, 0x00000000c4a00000, 0x00000000c4a00000|100%| S|CS|TS  6|AC  0|TAMS 0x00000000c4900000, 0x00000000c4900000|
|  74|0x00000000c4a00000, 0x00000000c4b00000, 0x00000000c4b00000|100%| S|CS|TS  6|AC  0|TAMS 0x00000000c4a00000, 0x00000000c4a00000|
|  75|0x00000000c4b00000, 0x00000000c4b00000, 0x00000000c4c00000|  0%| F|  |TS  6|AC  0|TAMS 0x00000000c4b00000, 0x00000000c4b00000|
|  76|0x00000000c4c00000, 0x00000000c4c00000, 0x00000000c4d00000|  0%| F|  |TS  6|AC  0|TAMS 0x00000000c4c00000, 0x00000000c4c00000|
|  77|0x00000000c4d00000, 0x00000000c4d00000, 0x00000000c4e00000|  0%| F|  |TS  6|AC  0|TAMS 0x00000000c4d00000, 0x00000000c4d00000|
|  78|0x00000000c4e00000, 0x00000000c4e00000, 0x00000000c4f00000|  0%| F|  |TS  6|AC  0|TAMS 0x00000000c4e00000, 0x00000000c4e00000|
|  79|0x00000000c4f00000, 0x00000000c4f00000, 0x00000000c5000000|  0%| F|  |TS  6|AC  0|TAMS 0x00000000c4f00000, 0x00000000c4f00000|
|  80|0x00000000c5000000, 0x00000000c5000000, 0x00000000c5100000|  0%| F|  |TS  6|AC  0|TAMS 0x00000000c5000000, 0x00000000c5000000|
|  81|0x00000000c5100000, 0x00000000c5100000, 0x00000000c5200000|  0%| F|  |TS  6|AC  0|TAMS 0x00000000c5100000, 0x00000000c5100000|
|  82|0x00000000c5200000, 0x00000000c5200000, 0x00000000c5300000|  0%| F|  |TS  6|AC  0|TAMS 0x00000000c5200000, 0x00000000c5200000|
|  83|0x00000000c5300000, 0x00000000c5300000, 0x00000000c5400000|  0%| F|  |TS  6|AC  0|TAMS 0x00000000c5300000, 0x00000000c5300000|
|  84|0x00000000c5400000, 0x00000000c5400000, 0x00000000c5500000|  0%| F|  |TS  6|AC  0|TAMS 0x00000000c5400000, 0x00000000c5400000|
|  85|0x00000000c5500000, 0x00000000c5500000, 0x00000000c5600000|  0%| F|  |TS  6|AC  0|TAMS 0x00000000c5500000, 0x00000000c5500000|
|  86|0x00000000c5600000, 0x00000000c5600000, 0x00000000c5700000|  0%| F|  |TS  6|AC  0|TAMS 0x00000000c5600000, 0x00000000c5600000|
|  87|0x00000000c5700000, 0x00000000c57951e0, 0x00000000c5800000| 58%| E|  |TS  6|AC  0|TAMS 0x00000000c5700000, 0x00000000c5700000|
|  88|0x00000000c5800000, 0x00000000c5900000, 0x00000000c5900000|100%| E|CS|TS  6|AC  0|TAMS 0x00000000c5800000, 0x00000000c5800000|
|  89|0x00000000c5900000, 0x00000000c5a00000, 0x00000000c5a00000|100%| E|CS|TS  6|AC  0|TAMS 0x00000000c5900000, 0x00000000c5900000|
|  90|0x00000000c5a00000, 0x00000000c5b00000, 0x00000000c5b00000|100%| E|CS|TS  6|AC  0|TAMS 0x00000000c5a00000, 0x00000000c5a00000|
|  91|0x00000000c5b00000, 0x00000000c5c00000, 0x00000000c5c00000|100%| E|CS|TS  6|AC  0|TAMS 0x00000000c5b00000, 0x00000000c5b00000|
|  92|0x00000000c5c00000, 0x00000000c5d00000, 0x00000000c5d00000|100%| E|CS|TS  6|AC  0|TAMS 0x00000000c5c00000, 0x00000000c5c00000|
|  93|0x00000000c5d00000, 0x00000000c5e00000, 0x00000000c5e00000|100%| E|CS|TS  6|AC  0|TAMS 0x00000000c5d00000, 0x00000000c5d00000|
|  94|0x00000000c5e00000, 0x00000000c5f00000, 0x00000000c5f00000|100%| E|CS|TS  6|AC  0|TAMS 0x00000000c5e00000, 0x00000000c5e00000|
|  95|0x00000000c5f00000, 0x00000000c6000000, 0x00000000c6000000|100%| E|CS|TS  6|AC  0|TAMS 0x00000000c5f00000, 0x00000000c5f00000|
|  96|0x00000000c6000000, 0x00000000c6100000, 0x00000000c6100000|100%| E|CS|TS  6|AC  0|TAMS 0x00000000c6000000, 0x00000000c6000000|
|  97|0x00000000c6100000, 0x00000000c6200000, 0x00000000c6200000|100%| E|CS|TS  6|AC  0|TAMS 0x00000000c6100000, 0x00000000c6100000|
|  98|0x00000000c6200000, 0x00000000c6300000, 0x00000000c6300000|100%| E|CS|TS  6|AC  0|TAMS 0x00000000c6200000, 0x00000000c6200000|
|  99|0x00000000c6300000, 0x00000000c6400000, 0x00000000c6400000|100%| E|CS|TS  6|AC  0|TAMS 0x00000000c6300000, 0x00000000c6300000|
| 100|0x00000000c6400000, 0x00000000c6500000, 0x00000000c6500000|100%| E|CS|TS  6|AC  0|TAMS 0x00000000c6400000, 0x00000000c6400000|
| 101|0x00000000c6500000, 0x00000000c6600000, 0x00000000c6600000|100%| E|CS|TS  6|AC  0|TAMS 0x00000000c6500000, 0x00000000c6500000|
| 102|0x00000000c6600000, 0x00000000c6700000, 0x00000000c6700000|100%| E|CS|TS  6|AC  0|TAMS 0x00000000c6600000, 0x00000000c6600000|
| 103|0x00000000c6700000, 0x00000000c6800000, 0x00000000c6800000|100%| E|CS|TS  6|AC  0|TAMS 0x00000000c6700000, 0x00000000c6700000|
| 104|0x00000000c6800000, 0x00000000c6900000, 0x00000000c6900000|100%| E|CS|TS  6|AC  0|TAMS 0x00000000c6800000, 0x00000000c6800000|
| 105|0x00000000c6900000, 0x00000000c6a00000, 0x00000000c6a00000|100%| E|CS|TS  6|AC  0|TAMS 0x00000000c6900000, 0x00000000c6900000|
| 106|0x00000000c6a00000, 0x00000000c6b00000, 0x00000000c6b00000|100%| E|CS|TS  6|AC  0|TAMS 0x00000000c6a00000, 0x00000000c6a00000|
| 107|0x00000000c6b00000, 0x00000000c6c00000, 0x00000000c6c00000|100%| E|CS|TS  6|AC  0|TAMS 0x00000000c6b00000, 0x00000000c6b00000|
| 108|0x00000000c6c00000, 0x00000000c6d00000, 0x00000000c6d00000|100%| E|CS|TS  6|AC  0|TAMS 0x00000000c6c00000, 0x00000000c6c00000|
| 109|0x00000000c6d00000, 0x00000000c6e00000, 0x00000000c6e00000|100%| E|CS|TS  6|AC  0|TAMS 0x00000000c6d00000, 0x00000000c6d00000|
| 110|0x00000000c6e00000, 0x00000000c6f00000, 0x00000000c6f00000|100%| E|CS|TS  6|AC  0|TAMS 0x00000000c6e00000, 0x00000000c6e00000|
| 111|0x00000000c6f00000, 0x00000000c7000000, 0x00000000c7000000|100%| E|CS|TS  6|AC  0|TAMS 0x00000000c6f00000, 0x00000000c6f00000|
| 112|0x00000000c7000000, 0x00000000c7100000, 0x00000000c7100000|100%| E|CS|TS  6|AC  0|TAMS 0x00000000c7000000, 0x00000000c7000000|
| 113|0x00000000c7100000, 0x00000000c7200000, 0x00000000c7200000|100%| E|CS|TS  6|AC  0|TAMS 0x00000000c7100000, 0x00000000c7100000|
| 114|0x00000000c7200000, 0x00000000c7300000, 0x00000000c7300000|100%| E|CS|TS  6|AC  0|TAMS 0x00000000c7200000, 0x00000000c7200000|
| 115|0x00000000c7300000, 0x00000000c7400000, 0x00000000c7400000|100%| E|CS|TS  6|AC  0|TAMS 0x00000000c7300000, 0x00000000c7300000|
| 116|0x00000000c7400000, 0x00000000c7500000, 0x00000000c7500000|100%| E|CS|TS  6|AC  0|TAMS 0x00000000c7400000, 0x00000000c7400000|
| 117|0x00000000c7500000, 0x00000000c7600000, 0x00000000c7600000|100%| E|CS|TS  6|AC  0|TAMS 0x00000000c7500000, 0x00000000c7500000|
| 118|0x00000000c7600000, 0x00000000c7700000, 0x00000000c7700000|100%| E|CS|TS  6|AC  0|TAMS 0x00000000c7600000, 0x00000000c7600000|
| 119|0x00000000c7700000, 0x00000000c7800000, 0x00000000c7800000|100%| E|CS|TS  6|AC  0|TAMS 0x00000000c7700000, 0x00000000c7700000|
| 120|0x00000000c7800000, 0x00000000c7900000, 0x00000000c7900000|100%| E|CS|TS  6|AC  0|TAMS 0x00000000c7800000, 0x00000000c7800000|
| 121|0x00000000c7900000, 0x00000000c7a00000, 0x00000000c7a00000|100%| E|CS|TS  6|AC  0|TAMS 0x00000000c7900000, 0x00000000c7900000|
| 122|0x00000000c7a00000, 0x00000000c7b00000, 0x00000000c7b00000|100%| E|CS|TS  6|AC  0|TAMS 0x00000000c7a00000, 0x00000000c7a00000|
| 123|0x00000000c7b00000, 0x00000000c7c00000, 0x00000000c7c00000|100%| E|CS|TS  6|AC  0|TAMS 0x00000000c7b00000, 0x00000000c7b00000|
| 124|0x00000000c7c00000, 0x00000000c7d00000, 0x00000000c7d00000|100%| E|CS|TS  6|AC  0|TAMS 0x00000000c7c00000, 0x00000000c7c00000|
| 125|0x00000000c7d00000, 0x00000000c7e00000, 0x00000000c7e00000|100%| E|CS|TS  6|AC  0|TAMS 0x00000000c7d00000, 0x00000000c7d00000|
| 126|0x00000000c7e00000, 0x00000000c7f00000, 0x00000000c7f00000|100%| E|CS|TS  6|AC  0|TAMS 0x00000000c7e00000, 0x00000000c7e00000|
| 127|0x00000000c7f00000, 0x00000000c8000000, 0x00000000c8000000|100%| E|CS|TS  6|AC  0|TAMS 0x00000000c7f00000, 0x00000000c7f00000|

Card table byte_map: [0x000001d5e0bd0000,0x000001d5e0dd0000] byte_map_base: 0x000001d5e05d0000

Marking Bits (Prev, Next): (CMBitMap*) 0x000001d5c66a49d0, (CMBitMap*) 0x000001d5c66a4a08
 Prev Bits: [0x000001d5e0fd0000, 0x000001d5e1fd0000)
 Next Bits: [0x000001d5e1fd0000, 0x000001d5e2fd0000)

Polling page: 0x000001d5c4080000

CodeHeap 'non-profiled nmethods': size=120064Kb used=2718Kb max_used=2718Kb free=117345Kb
 bounds [0x000001d5d9490000, 0x000001d5d9740000, 0x000001d5e09d0000]
CodeHeap 'profiled nmethods': size=120000Kb used=10004Kb max_used=10004Kb free=109995Kb
 bounds [0x000001d5d1f60000, 0x000001d5d2930000, 0x000001d5d9490000]
CodeHeap 'non-nmethods': size=5696Kb used=1219Kb max_used=1271Kb free=4476Kb
 bounds [0x000001d5d19d0000, 0x000001d5d1c40000, 0x000001d5d1f60000]
 total_blobs=7028 nmethods=4693 adapters=500
 compilation: enabled

Compilation events (10 events):
Event: 5113.423 Thread 0x000001d5e5d32000 5277       3       org.eclipse.core.internal.resources.Resource::isConflicting (151 bytes)
Event: 5113.437 Thread 0x000001d5e5d32000 nmethod 5277 0x000001d5d2929d10 code [0x000001d5d2929fa0, 0x000001d5d292b010]
Event: 5413.421 Thread 0x000001d5e5d32000 5278       1       org.eclipse.core.internal.jobs.InternalJob::getListeners (5 bytes)
Event: 5413.423 Thread 0x000001d5e5d32000 nmethod 5278 0x000001d5d9736a10 code [0x000001d5d9736bc0, 0x000001d5d9736cd8]
Event: 5473.422 Thread 0x000001d5e5d32000 5279  s!   3       org.eclipse.core.internal.jobs.WorkerPool::sleep (137 bytes)
Event: 5473.427 Thread 0x000001d5e5d32000 nmethod 5279 0x000001d5d292b410 code [0x000001d5d292b6e0, 0x000001d5d292c4b0]
Event: 5491.308 Thread 0x000001d5e5d32000 5280       3       java.lang.CharacterData::of (120 bytes)
Event: 5491.310 Thread 0x000001d5e5d32000 nmethod 5280 0x000001d5d292c910 code [0x000001d5d292cb20, 0x000001d5d292d0d8]
Event: 5491.315 Thread 0x000001d5e5d2e000 5282       4       java.lang.Character::isWhitespace (5 bytes)
Event: 5491.315 Thread 0x000001d5e5d2c800 5281       4       java.lang.Character::isWhitespace (9 bytes)

GC Heap History (10 events):
Event: 9.551 GC heap before
{Heap before GC invocations=9 (full 0):
 garbage-first heap   total 131072K, used 75875K [0x00000000c0000000, 0x0000000100000000)
  region size 1024K, 61 young (62464K), 8 survivors (8192K)
 Metaspace       used 40939K, capacity 43025K, committed 43216K, reserved 1087488K
  class space    used 4052K, capacity 4770K, committed 4816K, reserved 1048576K
}
Event: 9.567 GC heap after
{Heap after GC invocations=10 (full 0):
 garbage-first heap   total 131072K, used 26569K [0x00000000c0000000, 0x0000000100000000)
  region size 1024K, 5 young (5120K), 5 survivors (5120K)
 Metaspace       used 40939K, capacity 43025K, committed 43216K, reserved 1087488K
  class space    used 4052K, capacity 4770K, committed 4816K, reserved 1048576K
}
Event: 9.920 GC heap before
{Heap before GC invocations=10 (full 0):
 garbage-first heap   total 131072K, used 82889K [0x00000000c0000000, 0x0000000100000000)
  region size 1024K, 60 young (61440K), 5 survivors (5120K)
 Metaspace       used 41048K, capacity 43153K, committed 43472K, reserved 1087488K
  class space    used 4056K, capacity 4770K, committed 4816K, reserved 1048576K
}
Event: 9.934 GC heap after
{Heap after GC invocations=11 (full 0):
 garbage-first heap   total 131072K, used 30992K [0x00000000c0000000, 0x0000000100000000)
  region size 1024K, 5 young (5120K), 5 survivors (5120K)
 Metaspace       used 41048K, capacity 43153K, committed 43472K, reserved 1087488K
  class space    used 4056K, capacity 4770K, committed 4816K, reserved 1048576K
}
Event: 10.791 GC heap before
{Heap before GC invocations=11 (full 0):
 garbage-first heap   total 131072K, used 89360K [0x00000000c0000000, 0x0000000100000000)
  region size 1024K, 61 young (62464K), 5 survivors (5120K)
 Metaspace       used 42267K, capacity 44450K, committed 44624K, reserved 1089536K
  class space    used 4179K, capacity 4944K, committed 4944K, reserved 1048576K
}
Event: 10.807 GC heap after
{Heap after GC invocations=12 (full 0):
 garbage-first heap   total 131072K, used 37310K [0x00000000c0000000, 0x0000000100000000)
  region size 1024K, 6 young (6144K), 6 survivors (6144K)
 Metaspace       used 42267K, capacity 44450K, committed 44624K, reserved 1089536K
  class space    used 4179K, capacity 4944K, committed 4944K, reserved 1048576K
}
Event: 11.967 GC heap before
{Heap before GC invocations=12 (full 0):
 garbage-first heap   total 131072K, used 93630K [0x00000000c0000000, 0x0000000100000000)
  region size 1024K, 61 young (62464K), 6 survivors (6144K)
 Metaspace       used 42925K, capacity 45149K, committed 45520K, reserved 1089536K
  class space    used 4238K, capacity 5028K, committed 5072K, reserved 1048576K
}
Event: 11.987 GC heap after
{Heap after GC invocations=13 (full 0):
 garbage-first heap   total 131072K, used 43121K [0x00000000c0000000, 0x0000000100000000)
  region size 1024K, 6 young (6144K), 6 survivors (6144K)
 Metaspace       used 42925K, capacity 45149K, committed 45520K, reserved 1089536K
  class space    used 4238K, capacity 5028K, committed 5072K, reserved 1048576K
}
Event: 278.389 GC heap before
{Heap before GC invocations=13 (full 0):
 garbage-first heap   total 131072K, used 99441K [0x00000000c0000000, 0x0000000100000000)
  region size 1024K, 59 young (60416K), 6 survivors (6144K)
 Metaspace       used 44790K, capacity 46956K, committed 47184K, reserved 1091584K
  class space    used 4364K, capacity 5122K, committed 5200K, reserved 1048576K
}
Event: 278.415 GC heap after
{Heap after GC invocations=14 (full 0):
 garbage-first heap   total 131072K, used 49797K [0x00000000c0000000, 0x0000000100000000)
  region size 1024K, 5 young (5120K), 5 survivors (5120K)
 Metaspace       used 44790K, capacity 46956K, committed 47184K, reserved 1091584K
  class space    used 4364K, capacity 5122K, committed 5200K, reserved 1048576K
}

Deoptimization events (10 events):
Event: 616.729 Thread 0x000001d5eac0b000 Uncommon trap: reason=bimorphic_or_optimized_type_check action=maybe_recompile pc=0x000001d5d9685ad8 method=java.util.stream.Sink$ChainedReference.cancellationRequested()Z @ 4 c2
Event: 616.785 Thread 0x000001d5eac0b000 Uncommon trap: reason=unstable_if action=reinterpret pc=0x000001d5d94aa2e0 method=java.lang.CharacterData.of(I)Ljava/lang/CharacterData; @ 4 c2
Event: 616.800 Thread 0x000001d5eac0b000 Uncommon trap: reason=unstable_if action=reinterpret pc=0x000001d5d966cdd4 method=java.lang.AbstractStringBuilder.appendChars(Ljava/lang/CharSequence;II)V @ 4 c2
Event: 616.807 Thread 0x000001d5eac0b000 Uncommon trap: reason=class_check action=maybe_recompile pc=0x000001d5d96033fc method=java.util.concurrent.ConcurrentHashMap.putVal(Ljava/lang/Object;Ljava/lang/Object;Z)Ljava/lang/Object; @ 242 c2
Event: 750.377 Thread 0x000001d5eac0b000 Uncommon trap: reason=unstable_if action=reinterpret pc=0x000001d5d95273e0 method=java.util.concurrent.ConcurrentHashMap.get(Ljava/lang/Object;)Ljava/lang/Object; @ 152 c2
Event: 2520.909 Thread 0x000001d5e9794800 Uncommon trap: reason=intrinsic_or_type_checked_inlining action=make_not_entrant pc=0x000001d5d97280bc method=java.util.ArrayList.toArray([Ljava/lang/Object;)[Ljava/lang/Object; @ 36 c2
Event: 5491.204 Thread 0x000001d5e9794800 Uncommon trap: reason=unloaded action=reinterpret pc=0x000001d5d9729378 method=java.lang.ProcessBuilder.start([Ljava/lang/ProcessBuilder$Redirect;)Ljava/lang/Process; @ 169 c2
Event: 5491.279 Thread 0x000001d5e9794800 Uncommon trap: reason=unstable_if action=reinterpret pc=0x000001d5d9500010 method=java.lang.String.startsWith(Ljava/lang/String;I)Z @ 46 c2
Event: 5491.295 Thread 0x000001d5e9794800 Uncommon trap: reason=unstable_if action=reinterpret pc=0x000001d5d94f74bc method=java.lang.AbstractStringBuilder.append(C)Ljava/lang/AbstractStringBuilder; @ 14 c2
Event: 5491.317 Thread 0x000001d5e9794800 Uncommon trap: reason=unstable_if action=reinterpret pc=0x000001d5d9561280 method=java.lang.StringCoding.encodeUTF8(B[BZ)[B @ 2 c2

Classes redefined (0 events):
No events

Internal exceptions (10 events):
Event: 12.725 Thread 0x000001d5eac06800 Exception <a 'java/lang/NoSuchMethodError'{0x00000000c4d46340}: method resolution failed> (0x00000000c4d46340) thrown at [t:/workspace/open/src/hotspot/share/prims/methodHandles.cpp, line 1226]
Event: 43.934 Thread 0x000001d5e9794800 Exception <a 'java/lang/NoSuchMethodError'{0x00000000c4de6f98}: java.lang.invoke.DirectMethodHandle$Holder.invokeStatic(Ljava/lang/Object;J)V> (0x00000000c4de6f98) thrown at [t:/workspace/open/src/hotspot/share/interpreter/linkResolver.cpp, line 741]
Event: 43.935 Thread 0x000001d5e9794800 Exception <a 'java/lang/NoSuchMethodError'{0x00000000c4debfb0}: java.lang.invoke.DirectMethodHandle$Holder.invokeStatic(Ljava/lang/Object;J)Ljava/lang/Object;> (0x00000000c4debfb0) thrown at [t:/workspace/open/src/hotspot/share/interpreter/linkResolver.cp
Event: 43.935 Thread 0x000001d5e9794800 Exception <a 'java/lang/NoSuchMethodError'{0x00000000c4def720}: method resolution failed> (0x00000000c4def720) thrown at [t:/workspace/open/src/hotspot/share/prims/methodHandles.cpp, line 1226]
Event: 43.939 Thread 0x000001d5e9794800 Exception <a 'java/lang/NoSuchMethodError'{0x00000000c4c04360}: method resolution failed> (0x00000000c4c04360) thrown at [t:/workspace/open/src/hotspot/share/prims/methodHandles.cpp, line 1226]
Event: 43.939 Thread 0x000001d5e9794800 Exception <a 'java/lang/NoSuchMethodError'{0x00000000c4c07a38}: java.lang.invoke.DirectMethodHandle$Holder.invokeStaticInit(Ljava/lang/Object;Ljava/lang/Object;JLjava/lang/Object;)Ljava/lang/Object;> (0x00000000c4c07a38) thrown at [t:/workspace/open/src/h
Event: 43.940 Thread 0x000001d5e9794800 Exception <a 'java/lang/NoSuchMethodError'{0x00000000c4c0d9b0}: java.lang.invoke.DirectMethodHandle$Holder.invokeStatic(Ljava/lang/Object;Ljava/lang/Object;J)Ljava/lang/Object;> (0x00000000c4c0d9b0) thrown at [t:/workspace/open/src/hotspot/share/interpret
Event: 43.941 Thread 0x000001d5e9794800 Exception <a 'java/lang/NoSuchMethodError'{0x00000000c4c11290}: method resolution failed> (0x00000000c4c11290) thrown at [t:/workspace/open/src/hotspot/share/prims/methodHandles.cpp, line 1226]
Event: 616.777 Thread 0x000001d5eac0b000 Exception <a 'java/lang/ClassNotFoundException'{0x00000000c7bc8780}: sun/util/logging/resources/spi/loggingProvider> (0x00000000c7bc8780) thrown at [t:/workspace/open/src/hotspot/share/classfile/systemDictionary.cpp, line 233]
Event: 5491.203 Thread 0x000001d5e9794800 Exception <a 'java/io/IOException'{0x00000000c5762288}: CreateProcess error=1450, ç³»ç»Ÿèµ„æºä¸è¶³ï¼Œæ— æ³•å®Œæˆè¯·æ±‚çš„æœåŠ¡ã€‚> (0x00000000c5762288) thrown at [t:/workspace/open/src/hotspot/share/prims/jni.cpp, line 632]

Events (10 events):
Event: 5491.288 loading class java/text/NumberFormat$Field
Event: 5491.290 loading class java/text/NumberFormat$Field done
Event: 5491.294 Thread 0x000001d5e9794800 Uncommon trap: trap_request=0xffffff55 fr.pc=0x000001d5d94f74bc relative=0x00000000000005fc
Event: 5491.294 Executing VM operation: RevokeBias
Event: 5491.295 Executing VM operation: RevokeBias done
Event: 5491.295 Thread 0x000001d5e9794800 DEOPT PACKING pc=0x000001d5d94f74bc sp=0x00000059b87fe550
Event: 5491.295 Thread 0x000001d5e9794800 DEOPT UNPACKING pc=0x000001d5d19f8a2f sp=0x00000059b87fe4c8 mode 2
Event: 5491.317 Thread 0x000001d5e9794800 Uncommon trap: trap_request=0xffffff55 fr.pc=0x000001d5d9561280 relative=0x00000000000001e0
Event: 5491.317 Thread 0x000001d5e9794800 DEOPT PACKING pc=0x000001d5d9561280 sp=0x00000059b87fe3d0
Event: 5491.319 Thread 0x000001d5e9794800 DEOPT UNPACKING pc=0x000001d5d19f8a2f sp=0x00000059b87fe378 mode 2


Dynamic libraries:
0x00007ff76ebe0000 - 0x00007ff76ec1e000 	C:\Program Files\Java\jdk-10\bin\java.exe
0x00007ffbdd230000 - 0x00007ffbdd411000 	C:\WINDOWS\SYSTEM32\ntdll.dll
0x00007ffbdcf90000 - 0x00007ffbdd042000 	C:\WINDOWS\System32\KERNEL32.DLL
0x00007ffbda1a0000 - 0x00007ffbda413000 	C:\WINDOWS\System32\KERNELBASE.dll
0x00007ffbda6c0000 - 0x00007ffbda761000 	C:\WINDOWS\System32\ADVAPI32.dll
0x00007ffbdad60000 - 0x00007ffbdadfe000 	C:\WINDOWS\System32\msvcrt.dll
0x00007ffbdd060000 - 0x00007ffbdd0bb000 	C:\WINDOWS\System32\sechost.dll
0x00007ffbdb340000 - 0x00007ffbdb464000 	C:\WINDOWS\System32\RPCRT4.dll
0x00007ffbdce00000 - 0x00007ffbdcf90000 	C:\WINDOWS\System32\USER32.dll
0x00007ffbd9f80000 - 0x00007ffbd9fa0000 	C:\WINDOWS\System32\win32u.dll
0x00007ffbdabc0000 - 0x00007ffbdabe8000 	C:\WINDOWS\System32\GDI32.dll
0x00007ffbd9fa0000 - 0x00007ffbda132000 	C:\WINDOWS\System32\gdi32full.dll
0x00007ffbd9ee0000 - 0x00007ffbd9f7f000 	C:\WINDOWS\System32\msvcp_win.dll
0x00007ffbd9680000 - 0x00007ffbd977a000 	C:\WINDOWS\System32\ucrtbase.dll
0x00007ffbccea0000 - 0x00007ffbcd109000 	C:\WINDOWS\WinSxS\amd64_microsoft.windows.common-controls_6595b64144ccf1df_6.0.17134.407_none_fb449d63306391e9\COMCTL32.dll
0x00007ffbd3b20000 - 0x00007ffbd3b2a000 	C:\WINDOWS\SYSTEM32\VERSION.dll
0x00007ffbdb470000 - 0x00007ffbdb792000 	C:\WINDOWS\System32\combase.dll
0x00007ffbd9600000 - 0x00007ffbd967a000 	C:\WINDOWS\System32\bcryptPrimitives.dll
0x00007ffbdd0c0000 - 0x00007ffbdd0ed000 	C:\WINDOWS\System32\IMM32.DLL
0x00007ffbb0010000 - 0x00007ffbb00ff000 	C:\Program Files\Java\jdk-10\bin\msvcr120.dll
0x00007ffbbdb60000 - 0x00007ffbbdc06000 	C:\Program Files\Java\jdk-10\bin\msvcp120.dll
0x000000006ea10000 - 0x000000006f47f000 	C:\Program Files\Java\jdk-10\bin\server\jvm.dll
0x00007ffbdd050000 - 0x00007ffbdd058000 	C:\WINDOWS\System32\PSAPI.DLL
0x00007ffbd8180000 - 0x00007ffbd8189000 	C:\WINDOWS\SYSTEM32\WSOCK32.dll
0x00007ffbd32b0000 - 0x00007ffbd32d3000 	C:\WINDOWS\SYSTEM32\WINMM.dll
0x00007ffbdac90000 - 0x00007ffbdacfc000 	C:\WINDOWS\System32\WS2_32.dll
0x00007ffbd3280000 - 0x00007ffbd32aa000 	C:\WINDOWS\SYSTEM32\winmmbase.dll
0x00007ffbd9780000 - 0x00007ffbd97c9000 	C:\WINDOWS\System32\cfgmgr32.dll
0x00007ffbcd680000 - 0x00007ffbcd68f000 	C:\Program Files\Java\jdk-10\bin\verify.dll
0x00007ffbd7f50000 - 0x00007ffbd8119000 	C:\WINDOWS\SYSTEM32\DBGHELP.DLL
0x00007ffbbbe40000 - 0x00007ffbbbe69000 	C:\WINDOWS\SYSTEM32\dbgcore.DLL
0x00007ffbcd530000 - 0x00007ffbcd557000 	C:\Program Files\Java\jdk-10\bin\java.dll
0x00007ffbcd660000 - 0x00007ffbcd676000 	C:\Program Files\Java\jdk-10\bin\zip.dll
0x00007ffbcd5e0000 - 0x00007ffbcd5ea000 	C:\Program Files\Java\jdk-10\bin\jimage.dll
0x00007ffbdb9c0000 - 0x00007ffbdcdff000 	C:\WINDOWS\System32\SHELL32.dll
0x00007ffbdae00000 - 0x00007ffbdaea9000 	C:\WINDOWS\System32\shcore.dll
0x00007ffbd97d0000 - 0x00007ffbd9edd000 	C:\WINDOWS\System32\windows.storage.dll
0x00007ffbdad00000 - 0x00007ffbdad51000 	C:\WINDOWS\System32\shlwapi.dll
0x00007ffbd95c0000 - 0x00007ffbd95d1000 	C:\WINDOWS\System32\kernel.appcore.dll
0x00007ffbd95e0000 - 0x00007ffbd95ff000 	C:\WINDOWS\System32\profapi.dll
0x00007ffbd9540000 - 0x00007ffbd958c000 	C:\WINDOWS\System32\powrprof.dll
0x00007ffbd95b0000 - 0x00007ffbd95ba000 	C:\WINDOWS\System32\FLTLIB.DLL
0x00007ffbcd510000 - 0x00007ffbcd52a000 	C:\Program Files\Java\jdk-10\bin\net.dll
0x00007ffbccaf0000 - 0x00007ffbccbcc000 	C:\WINDOWS\SYSTEM32\WINHTTP.dll
0x00007ffbd8dc0000 - 0x00007ffbd8e26000 	C:\WINDOWS\system32\mswsock.dll
0x00007ffbc87e0000 - 0x00007ffbc87f1000 	C:\Program Files\Java\jdk-10\bin\nio.dll
0x00007ffbd8f70000 - 0x00007ffbd8f87000 	C:\WINDOWS\SYSTEM32\CRYPTSP.dll
0x00007ffbd89a0000 - 0x00007ffbd89d3000 	C:\WINDOWS\system32\rsaenh.dll
0x00007ffbd90a0000 - 0x00007ffbd90c5000 	C:\WINDOWS\SYSTEM32\bcrypt.dll
0x00007ffbd9440000 - 0x00007ffbd9468000 	C:\WINDOWS\SYSTEM32\USERENV.dll
0x00007ffbd8f90000 - 0x00007ffbd8f9b000 	C:\WINDOWS\SYSTEM32\CRYPTBASE.dll
0x00007ffbd8b40000 - 0x00007ffbd8b78000 	C:\WINDOWS\SYSTEM32\IPHLPAPI.DLL
0x00007ffbdd110000 - 0x00007ffbdd118000 	C:\WINDOWS\System32\NSI.dll
0x00007ffbd2710000 - 0x00007ffbd2726000 	C:\WINDOWS\SYSTEM32\dhcpcsvc6.DLL
0x00007ffbd2f20000 - 0x00007ffbd2f3a000 	C:\WINDOWS\SYSTEM32\dhcpcsvc.DLL
0x00007ffbc3c60000 - 0x00007ffbc3c89000 	C:\Users\44750\.vscode\extensions\redhat.java-0.35.0\server\config_win\org.eclipse.equinox.launcher\org.eclipse.equinox.launcher.win32.win32.x86_64_1.1.900.v20180922-1751\eclipse_1801.dll
0x00007ffbbf340000 - 0x00007ffbbf351000 	C:\Users\44750\.vscode\extensions\redhat.java-0.35.0\server\config_win\org.eclipse.osgi\24\0\.cp\jWinHttp-1.0.0.dll
0x00007ffbdb1e0000 - 0x00007ffbdb331000 	C:\WINDOWS\System32\ole32.dll

dbghelp: loaded successfully - version: 4.0.5 - missing functions: none
symbol engine: initialized successfully - sym options: 0x614 - pdb path: .;C:\Program Files\Java\jdk-10\bin;C:\WINDOWS\SYSTEM32;C:\WINDOWS\WinSxS\amd64_microsoft.windows.common-controls_6595b64144ccf1df_6.0.17134.407_none_fb449d63306391e9;C:\Program Files\Java\jdk-10\bin\server;C:\Users\44750\.vscode\extensions\redhat.java-0.35.0\server\config_win\org.eclipse.equinox.launcher\org.eclipse.equinox.launcher.win32.win32.x86_64_1.1.900.v20180922-1751;C:\Users\44750\.vscode\extensions\redhat.java-0.35.0\server\config_win\org.eclipse.osgi\24\0\.cp

VM Arguments:
jvm_args: --add-modules=ALL-SYSTEM --add-opens=java.base/java.util=ALL-UNNAMED --add-opens=java.base/java.lang=ALL-UNNAMED -Declipse.application=org.eclipse.jdt.ls.core.id1 -Dosgi.bundles.defaultStartLevel=4 -Declipse.product=org.eclipse.jdt.ls.core.product -Xverify:none -Xmx1G -XX:+UseG1GC -XX:+UseStringDeduplication 
java_command: C:\Users\44750\.vscode\extensions\redhat.java-0.35.0\server\plugins\org.eclipse.equinox.launcher_1.5.200.v20180922-1751.jar -configuration C:\Users\44750\.vscode\extensions\redhat.java-0.35.0\server\config_win -data c:\Users\44750\AppData\Roaming\Code\User\workspaceStorage\b2fc367f3178c4b549c31dbe0e7af6a1\redhat.java\jdt_ws
java_class_path (initial): C:\Users\44750\.vscode\extensions\redhat.java-0.35.0\server\plugins\org.eclipse.equinox.launcher_1.5.200.v20180922-1751.jar
Launcher Type: SUN_STANDARD

Logging:
Log output configuration:
#0: stdout all=warning uptime,level,tags
#1: stderr all=off uptime,level,tags

Environment Variables:
JAVA_HOME=C:\Program Files\Java\jdk-10
PATH=C:\ProgramData\Oracle\Java\javapath;C:\Program Files (x86)\Intel\iCLS Client\;C:\Program Files\Intel\iCLS Client\;C:\Windows\system32;C:\Windows;C:\Windows\System32\Wbem;C:\Windows\System32\WindowsPowerShell\v1.0\;C:\Program Files\Intel\IntelSGXPSW\bin\x64\Release\;C:\Program Files\Intel\IntelSGXPSW\bin\win32\Release\;C:\Program Files (x86)\NVIDIA Corporation\PhysX\Common;C:\WINDOWS\system32;C:\WINDOWS;C:\WINDOWS\System32\Wbem;C:\WINDOWS\System32\WindowsPowerShell\v1.0\;C:\Program Files (x86)\Intel\Intel(R) Management Engine Components\DAL;C:\Program Files\Intel\Intel(R) Management Engine Components\DAL;C:\Program Files (x86)\Intel\Intel(R) Management Engine Components\IPT;C:\Program Files\Intel\Intel(R) Management Engine Components\IPT;C:\Program Files\Java\jdk-10\bin;C:\Program Files\Microsoft SQL Server\130\Tools\Binn\;C:\Program Files (x86)\Windows Kits\10\Windows Performance Toolkit\;C:\Program Files (x86)\MSBuild\14.0\Bin;C:\Program Files\dotnet\;C:\Program Files\Java\jdk-10\jre\bin;D:\Program Files\PuTTY\;D:\Program Files\WinSCP\;C:\WINDOWS\System32\OpenSSH\;C:\Program Files\Intel\WiFi\bin\;C:\Program Files\Common Files\Intel\WirelessCommon\;D:\Program Files\Microsoft VS Code\bin;D:\Program Files\Git\cmd;;d:\Program Files\Microsoft VS Code\bin;D:\Program Files\Python\Python37-32\Scripts\;D:\Program Files\Python\Python37-32\;C:\Users\44750\Desktop\p;C:\Users\44750\AppData\Local\Microsoft\WindowsApps;C:\Program Files (x86)\Android\android-sdk\platform-tools;C:\Program Files\Intel\WiFi\bin\;C:\Program Files\Common Files\Intel\WirelessCommon\;C:\Users\44750\AppData\Local\GitHubDesktop\bin
USERNAME=44750
OS=Windows_NT
PROCESSOR_IDENTIFIER=Intel64 Family 6 Model 78 Stepping 3, GenuineIntel



---------------  S Y S T E M  ---------------

OS: Windows 10 , 64 bit Build 17134 (10.0.17134.1)

CPU:total 4 (initial active 4) (2 cores per cpu, 2 threads per core) family 6 model 78 stepping 3, cmov, cx8, fxsr, mmx, sse, sse2, sse3, ssse3, sse4.1, sse4.2, popcnt, avx, avx2, aes, clmul, erms, 3dnowpref, lzcnt, ht, tsc, tscinvbit, bmi1, bmi2, adx, fma

Memory: 4k page, physical 8268192k(576908k free), swap 16656800k(0k free)

vm_info: Java HotSpot(TM) 64-Bit Server VM (10+46) for windows-amd64 JRE (10+46), built on Mar  8 2018 02:11:18 by "mach5one" with MS VC++ 12.0 (VS2013)

END.
